<?xml version="1.0" encoding="utf-8"?>
<test-run id="2" testcasecount="982" result="Failed(Child)" total="982" passed="957" failed="25" inconclusive="0" skipped="0" asserts="0" engine-version="3.5.0.0" clr-version="4.0.30319.42000" start-time="2026-04-11 01:52:52Z" end-time="2026-04-11 01:52:53Z" duration="1.632856">
  <test-suite type="TestSuite" id="2031" name="caves-of-ooo" fullname="caves-of-ooo" runstate="Runnable" testcasecount="982" result="Failed" site="Child" start-time="2026-04-11 01:52:52Z" end-time="2026-04-11 01:52:53Z" duration="1.632856" total="982" passed="957" failed="25" inconclusive="0" skipped="0" asserts="0">
    <properties>
      <property name="platform" value="EditMode" />
    </properties>
    <failure>
      <message><![CDATA[One or more child tests had errors]]></message>
    </failure>
    <test-suite type="Assembly" id="2021" name="EditModeTests.dll" fullname="/Users/steven/caves-of-ooo/Library/ScriptAssemblies/EditModeTests.dll" runstate="Runnable" testcasecount="982" result="Failed" site="Child" start-time="2026-04-11 01:52:52Z" end-time="2026-04-11 01:52:53Z" duration="1.608952" total="982" passed="957" failed="25" inconclusive="0" skipped="0" asserts="0">
      <properties>
        <property name="_PID" value="66827" />
        <property name="_APPDOMAIN" value="Unity Child Domain" />
        <property name="platform" value="EditMode" />
        <property name="EditorOnly" value="True" />
      </properties>
      <failure>
        <message><![CDATA[One or more child tests had errors]]></message>
      </failure>
      <test-suite type="TestSuite" id="2022" name="CavesOfOoo" fullname="CavesOfOoo" runstate="Runnable" testcasecount="982" result="Failed" site="Child" start-time="2026-04-11 01:52:52Z" end-time="2026-04-11 01:52:53Z" duration="1.608000" total="982" passed="957" failed="25" inconclusive="0" skipped="0" asserts="0">
        <properties />
        <failure>
          <message><![CDATA[One or more child tests had errors]]></message>
        </failure>
        <test-suite type="TestSuite" id="2023" name="Tests" fullname="CavesOfOoo.Tests" runstate="Runnable" testcasecount="982" result="Failed" site="Child" start-time="2026-04-11 01:52:52Z" end-time="2026-04-11 01:52:53Z" duration="1.607593" total="982" passed="957" failed="25" inconclusive="0" skipped="0" asserts="0">
          <properties />
          <failure>
            <message><![CDATA[One or more child tests had errors]]></message>
          </failure>
          <test-suite type="TestFixture" id="1256" name="AsciiFxAuraTests" fullname="CavesOfOoo.Tests.AsciiFxAuraTests" classname="CavesOfOoo.Tests.AsciiFxAuraTests" runstate="Runnable" testcasecount="2" result="Passed" start-time="2026-04-11 01:52:52Z" end-time="2026-04-11 01:52:52Z" duration="0.032422" total="2" passed="2" failed="0" inconclusive="0" skipped="0" asserts="0">
            <properties />
            <test-case id="1257" name="ApplyBurning_StartsFireAura_AndRemovalStopsIt" fullname="CavesOfOoo.Tests.AsciiFxAuraTests.ApplyBurning_StartsFireAura_AndRemovalStopsIt" methodname="ApplyBurning_StartsFireAura_AndRemovalStopsIt" classname="CavesOfOoo.Tests.AsciiFxAuraTests" runstate="Runnable" seed="1567835469" result="Passed" start-time="2026-04-11 01:52:52Z" end-time="2026-04-11 01:52:52Z" duration="0.015809" asserts="0">
              <properties>
                <property name="retryIteration" value="0" />
                <property name="repeatIteration" value="0" />
              </properties>
              <output><![CDATA[[Combat] burning target catches fire!
[Combat] burning target is no longer burning.
]]></output>
            </test-case>
            <test-case id="1258" name="ApplyPoison_StartsPoisonAura" fullname="CavesOfOoo.Tests.AsciiFxAuraTests.ApplyPoison_StartsPoisonAura" methodname="ApplyPoison_StartsPoisonAura" classname="CavesOfOoo.Tests.AsciiFxAuraTests" runstate="Runnable" seed="451248673" result="Passed" start-time="2026-04-11 01:52:52Z" end-time="2026-04-11 01:52:52Z" duration="0.000653" asserts="0">
              <properties>
                <property name="retryIteration" value="0" />
                <property name="repeatIteration" value="0" />
              </properties>
              <output><![CDATA[[Combat] poisoned target is poisoned!
]]></output>
            </test-case>
          </test-suite>
          <test-suite type="TestFixture" id="2003" name="AsciiFxRendererTests" fullname="CavesOfOoo.Tests.AsciiFxRendererTests" classname="CavesOfOoo.Tests.AsciiFxRendererTests" runstate="Runnable" testcasecount="6" result="Failed" site="Child" start-time="2026-04-11 01:52:52Z" end-time="2026-04-11 01:52:52Z" duration="0.014698" total="6" passed="4" failed="2" inconclusive="0" skipped="0" asserts="0">
            <properties />
            <failure>
              <message><![CDATA[One or more child tests had errors]]></message>
            </failure>
            <test-case id="2009" name="InputHandler_SelfCenteredAbility_ResolvesImmediatelyWithoutAwaitingDirection" fullname="CavesOfOoo.Tests.AsciiFxRendererTests.InputHandler_SelfCenteredAbility_ResolvesImmediatelyWithoutAwaitingDirection" methodname="InputHandler_SelfCenteredAbility_ResolvesImmediatelyWithoutAwaitingDirection" classname="CavesOfOoo.Tests.AsciiFxRendererTests" runstate="Runnable" seed="1310040766" result="Passed" start-time="2026-04-11 01:52:52Z" end-time="2026-04-11 01:52:52Z" duration="0.001919" asserts="0">
              <properties>
                <property name="retryIteration" value="0" />
                <property name="repeatIteration" value="0" />
              </properties>
            </test-case>
            <test-case id="2008" name="InputHandler_WaitsForBlockingFx_UntilRendererFinishes" fullname="CavesOfOoo.Tests.AsciiFxRendererTests.InputHandler_WaitsForBlockingFx_UntilRendererFinishes" methodname="InputHandler_WaitsForBlockingFx_UntilRendererFinishes" classname="CavesOfOoo.Tests.AsciiFxRendererTests" runstate="Runnable" seed="420673661" result="Passed" start-time="2026-04-11 01:52:52Z" end-time="2026-04-11 01:52:52Z" duration="0.004767" asserts="0">
              <properties>
                <property name="retryIteration" value="0" />
                <property name="repeatIteration" value="0" />
              </properties>
            </test-case>
            <test-case id="2006" name="Renderer_ChargeOrbit_FollowsAnchorAcrossMovement" fullname="CavesOfOoo.Tests.AsciiFxRendererTests.Renderer_ChargeOrbit_FollowsAnchorAcrossMovement" methodname="Renderer_ChargeOrbit_FollowsAnchorAcrossMovement" classname="CavesOfOoo.Tests.AsciiFxRendererTests" runstate="Runnable" seed="70394902" result="Failed" start-time="2026-04-11 01:52:52Z" end-time="2026-04-11 01:52:52Z" duration="0.002500" asserts="0">
              <properties>
                <property name="retryIteration" value="0" />
                <property name="repeatIteration" value="0" />
              </properties>
              <failure>
                <message><![CDATA[  Expected: greater than 0
  But was:  0
]]></message>
                <stack-trace><![CDATA[at CavesOfOoo.Tests.AsciiFxRendererTests.Renderer_ChargeOrbit_FollowsAnchorAcrossMovement () [0x0004f] in /Users/steven/caves-of-ooo/Assets/Tests/EditMode/Presentation/Rendering/AsciiFxRendererTests.cs:106
]]></stack-trace>
              </failure>
            </test-case>
            <test-case id="2004" name="Renderer_ConsumesProjectileRequest_AndClearsOnZoneChange" fullname="CavesOfOoo.Tests.AsciiFxRendererTests.Renderer_ConsumesProjectileRequest_AndClearsOnZoneChange" methodname="Renderer_ConsumesProjectileRequest_AndClearsOnZoneChange" classname="CavesOfOoo.Tests.AsciiFxRendererTests" runstate="Runnable" seed="63422309" result="Passed" start-time="2026-04-11 01:52:52Z" end-time="2026-04-11 01:52:52Z" duration="0.000709" asserts="0">
              <properties>
                <property name="retryIteration" value="0" />
                <property name="repeatIteration" value="0" />
              </properties>
            </test-case>
            <test-case id="2007" name="Renderer_RingWave_ExpandsByRadius_AndChainArc_AdvancesByHop" fullname="CavesOfOoo.Tests.AsciiFxRendererTests.Renderer_RingWave_ExpandsByRadius_AndChainArc_AdvancesByHop" methodname="Renderer_RingWave_ExpandsByRadius_AndChainArc_AdvancesByHop" classname="CavesOfOoo.Tests.AsciiFxRendererTests" runstate="Runnable" seed="1714160727" result="Failed" start-time="2026-04-11 01:52:52Z" end-time="2026-04-11 01:52:52Z" duration="0.000817" asserts="0">
              <properties>
                <property name="retryIteration" value="0" />
                <property name="repeatIteration" value="0" />
              </properties>
              <failure>
                <message><![CDATA[  Expected: True
  But was:  False
]]></message>
                <stack-trace><![CDATA[at CavesOfOoo.Tests.AsciiFxRendererTests.Renderer_RingWave_ExpandsByRadius_AndChainArc_AdvancesByHop () [0x00089] in /Users/steven/caves-of-ooo/Assets/Tests/EditMode/Presentation/Rendering/AsciiFxRendererTests.cs:127
]]></stack-trace>
              </failure>
            </test-case>
            <test-case id="2005" name="Renderer_TracksAdvancedBlockingFx_AndClearsAfterExpiry" fullname="CavesOfOoo.Tests.AsciiFxRendererTests.Renderer_TracksAdvancedBlockingFx_AndClearsAfterExpiry" methodname="Renderer_TracksAdvancedBlockingFx_AndClearsAfterExpiry" classname="CavesOfOoo.Tests.AsciiFxRendererTests" runstate="Runnable" seed="1154103895" result="Passed" start-time="2026-04-11 01:52:52Z" end-time="2026-04-11 01:52:52Z" duration="0.000667" asserts="0">
              <properties>
                <property name="retryIteration" value="0" />
                <property name="repeatIteration" value="0" />
              </properties>
            </test-case>
          </test-suite>
          <test-suite type="TestFixture" id="1847" name="AsciiTerrainCoverageTests" fullname="CavesOfOoo.Tests.AsciiTerrainCoverageTests" classname="CavesOfOoo.Tests.AsciiTerrainCoverageTests" runstate="Runnable" testcasecount="2" result="Passed" start-time="2026-04-11 01:52:52Z" end-time="2026-04-11 01:52:52Z" duration="0.037881" total="2" passed="2" failed="0" inconclusive="0" skipped="0" asserts="0">
            <properties />
            <test-case id="1848" name="CaveBuilder_PassableCellsAlwaysContainTerrain" fullname="CavesOfOoo.Tests.AsciiTerrainCoverageTests.CaveBuilder_PassableCellsAlwaysContainTerrain" methodname="CaveBuilder_PassableCellsAlwaysContainTerrain" classname="CavesOfOoo.Tests.AsciiTerrainCoverageTests" runstate="Runnable" seed="695009623" result="Passed" start-time="2026-04-11 01:52:52Z" end-time="2026-04-11 01:52:52Z" duration="0.016722" asserts="0">
              <properties>
                <property name="retryIteration" value="0" />
                <property name="repeatIteration" value="0" />
              </properties>
            </test-case>
            <test-case id="1849" name="JungleBuilder_PassableCellsAlwaysContainTerrain" fullname="CavesOfOoo.Tests.AsciiTerrainCoverageTests.JungleBuilder_PassableCellsAlwaysContainTerrain" methodname="JungleBuilder_PassableCellsAlwaysContainTerrain" classname="CavesOfOoo.Tests.AsciiTerrainCoverageTests" runstate="Runnable" seed="95786490" result="Passed" start-time="2026-04-11 01:52:52Z" end-time="2026-04-11 01:52:52Z" duration="0.018353" asserts="0">
              <properties>
                <property name="retryIteration" value="0" />
                <property name="repeatIteration" value="0" />
              </properties>
            </test-case>
          </test-suite>
          <test-suite type="TestFixture" id="2010" name="AsciiWorldRenderPolicyTests" fullname="CavesOfOoo.Tests.AsciiWorldRenderPolicyTests" classname="CavesOfOoo.Tests.AsciiWorldRenderPolicyTests" runstate="Runnable" testcasecount="5" result="Passed" start-time="2026-04-11 01:52:52Z" end-time="2026-04-11 01:52:52Z" duration="0.006147" total="5" passed="5" failed="0" inconclusive="0" skipped="0" asserts="0">
            <properties />
            <test-case id="2014" name="GetColorOrFallback_RejectsBlankColorString" fullname="CavesOfOoo.Tests.AsciiWorldRenderPolicyTests.GetColorOrFallback_RejectsBlankColorString" methodname="GetColorOrFallback_RejectsBlankColorString" classname="CavesOfOoo.Tests.AsciiWorldRenderPolicyTests" runstate="Runnable" seed="1812040604" result="Passed" start-time="2026-04-11 01:52:52Z" end-time="2026-04-11 01:52:52Z" duration="0.000065" asserts="0">
              <properties>
                <property name="retryIteration" value="0" />
                <property name="repeatIteration" value="0" />
              </properties>
            </test-case>
            <test-case id="2013" name="GetGlyphOrFallback_RejectsControlCharacters" fullname="CavesOfOoo.Tests.AsciiWorldRenderPolicyTests.GetGlyphOrFallback_RejectsControlCharacters" methodname="GetGlyphOrFallback_RejectsControlCharacters" classname="CavesOfOoo.Tests.AsciiWorldRenderPolicyTests" runstate="Runnable" seed="1749008944" result="Passed" start-time="2026-04-11 01:52:52Z" end-time="2026-04-11 01:52:52Z" duration="0.000271" asserts="0">
              <properties>
                <property name="retryIteration" value="0" />
                <property name="repeatIteration" value="0" />
              </properties>
            </test-case>
            <test-case id="2012" name="GetGlyphOrFallback_RejectsMultiCharacterRenderString" fullname="CavesOfOoo.Tests.AsciiWorldRenderPolicyTests.GetGlyphOrFallback_RejectsMultiCharacterRenderString" methodname="GetGlyphOrFallback_RejectsMultiCharacterRenderString" classname="CavesOfOoo.Tests.AsciiWorldRenderPolicyTests" runstate="Runnable" seed="1079546919" result="Passed" start-time="2026-04-11 01:52:52Z" end-time="2026-04-11 01:52:52Z" duration="0.000037" asserts="0">
              <properties>
                <property name="retryIteration" value="0" />
                <property name="repeatIteration" value="0" />
              </properties>
            </test-case>
            <test-case id="2011" name="GetGlyphOrFallback_UsesSinglePrintableGlyph" fullname="CavesOfOoo.Tests.AsciiWorldRenderPolicyTests.GetGlyphOrFallback_UsesSinglePrintableGlyph" methodname="GetGlyphOrFallback_UsesSinglePrintableGlyph" classname="CavesOfOoo.Tests.AsciiWorldRenderPolicyTests" runstate="Runnable" seed="1336586303" result="Passed" start-time="2026-04-11 01:52:52Z" end-time="2026-04-11 01:52:52Z" duration="0.000050" asserts="0">
              <properties>
                <property name="retryIteration" value="0" />
                <property name="repeatIteration" value="0" />
              </properties>
            </test-case>
            <test-case id="2015" name="RealContent_ConcreteTerrainBlueprintsPassAsciiValidation" fullname="CavesOfOoo.Tests.AsciiWorldRenderPolicyTests.RealContent_ConcreteTerrainBlueprintsPassAsciiValidation" methodname="RealContent_ConcreteTerrainBlueprintsPassAsciiValidation" classname="CavesOfOoo.Tests.AsciiWorldRenderPolicyTests" runstate="Runnable" seed="885377855" result="Passed" start-time="2026-04-11 01:52:52Z" end-time="2026-04-11 01:52:52Z" duration="0.003950" asserts="0">
              <properties>
                <property name="retryIteration" value="0" />
                <property name="repeatIteration" value="0" />
              </properties>
            </test-case>
          </test-suite>
          <test-suite type="TestFixture" id="1050" name="BodyPartSystemTests" fullname="CavesOfOoo.Tests.BodyPartSystemTests" classname="CavesOfOoo.Tests.BodyPartSystemTests" runstate="Runnable" testcasecount="94" result="Passed" start-time="2026-04-11 01:52:52Z" end-time="2026-04-11 01:52:52Z" duration="0.026113" total="94" passed="94" failed="0" inconclusive="0" skipped="0" asserts="0">
            <properties />
            <test-case id="1059" name="AddPart_SetsParent" fullname="CavesOfOoo.Tests.BodyPartSystemTests.AddPart_SetsParent" methodname="AddPart_SetsParent" classname="CavesOfOoo.Tests.BodyPartSystemTests" runstate="Runnable" seed="1124282657" result="Passed" start-time="2026-04-11 01:52:52Z" end-time="2026-04-11 01:52:52Z" duration="0.000123" asserts="0">
              <properties>
                <property name="retryIteration" value="0" />
                <property name="repeatIteration" value="0" />
              </properties>
            </test-case>
            <test-case id="1098" name="AddPartByManager_SetsManagerAndFlags" fullname="CavesOfOoo.Tests.BodyPartSystemTests.AddPartByManager_SetsManagerAndFlags" methodname="AddPartByManager_SetsManagerAndFlags" classname="CavesOfOoo.Tests.BodyPartSystemTests" runstate="Runnable" seed="2138724674" result="Passed" start-time="2026-04-11 01:52:52Z" end-time="2026-04-11 01:52:52Z" duration="0.000301" asserts="0">
              <properties>
                <property name="retryIteration" value="0" />
                <property name="repeatIteration" value="0" />
              </properties>
            </test-case>
            <test-case id="1089" name="Body_CountParts_ReturnsCorrectCount" fullname="CavesOfOoo.Tests.BodyPartSystemTests.Body_CountParts_ReturnsCorrectCount" methodname="Body_CountParts_ReturnsCorrectCount" classname="CavesOfOoo.Tests.BodyPartSystemTests" runstate="Runnable" seed="1990038710" result="Passed" start-time="2026-04-11 01:52:52Z" end-time="2026-04-11 01:52:52Z" duration="0.000105" asserts="0">
              <properties>
                <property name="retryIteration" value="0" />
                <property name="repeatIteration" value="0" />
              </properties>
            </test-case>
            <test-case id="1088" name="Body_SetBody_PropagatesReferences" fullname="CavesOfOoo.Tests.BodyPartSystemTests.Body_SetBody_PropagatesReferences" methodname="Body_SetBody_PropagatesReferences" classname="CavesOfOoo.Tests.BodyPartSystemTests" runstate="Runnable" seed="223584078" result="Passed" start-time="2026-04-11 01:52:52Z" end-time="2026-04-11 01:52:52Z" duration="0.000107" asserts="0">
              <properties>
                <property name="retryIteration" value="0" />
                <property name="repeatIteration" value="0" />
              </properties>
            </test-case>
            <test-case id="1084" name="BodyPartCategory_Constants" fullname="CavesOfOoo.Tests.BodyPartSystemTests.BodyPartCategory_Constants" methodname="BodyPartCategory_Constants" classname="CavesOfOoo.Tests.BodyPartSystemTests" runstate="Runnable" seed="1944883211" result="Passed" start-time="2026-04-11 01:52:52Z" end-time="2026-04-11 01:52:52Z" duration="0.000194" asserts="0">
              <properties>
                <property name="retryIteration" value="0" />
                <property name="repeatIteration" value="0" />
              </properties>
            </test-case>
            <test-case id="1085" name="BodyPartCategory_IsLiveCategory" fullname="CavesOfOoo.Tests.BodyPartSystemTests.BodyPartCategory_IsLiveCategory" methodname="BodyPartCategory_IsLiveCategory" classname="CavesOfOoo.Tests.BodyPartSystemTests" runstate="Runnable" seed="74860995" result="Passed" start-time="2026-04-11 01:52:52Z" end-time="2026-04-11 01:52:52Z" duration="0.000039" asserts="0">
              <properties>
                <property name="retryIteration" value="0" />
                <property name="repeatIteration" value="0" />
              </properties>
            </test-case>
            <test-case id="1087" name="BodyPartType_ApplyTo_PreservesUnsetFields" fullname="CavesOfOoo.Tests.BodyPartSystemTests.BodyPartType_ApplyTo_PreservesUnsetFields" methodname="BodyPartType_ApplyTo_PreservesUnsetFields" classname="CavesOfOoo.Tests.BodyPartSystemTests" runstate="Runnable" seed="1033433420" result="Passed" start-time="2026-04-11 01:52:52Z" end-time="2026-04-11 01:52:52Z" duration="0.000038" asserts="0">
              <properties>
                <property name="retryIteration" value="0" />
                <property name="repeatIteration" value="0" />
              </properties>
            </test-case>
            <test-case id="1086" name="BodyPartType_ApplyTo_SetsFields" fullname="CavesOfOoo.Tests.BodyPartSystemTests.BodyPartType_ApplyTo_SetsFields" methodname="BodyPartType_ApplyTo_SetsFields" classname="CavesOfOoo.Tests.BodyPartSystemTests" runstate="Runnable" seed="977655376" result="Passed" start-time="2026-04-11 01:52:52Z" end-time="2026-04-11 01:52:52Z" duration="0.000085" asserts="0">
              <properties>
                <property name="retryIteration" value="0" />
                <property name="repeatIteration" value="0" />
              </properties>
            </test-case>
            <test-case id="1100" name="CheckUnsupportedPartLoss_CascadesDependents" fullname="CavesOfOoo.Tests.BodyPartSystemTests.CheckUnsupportedPartLoss_CascadesDependents" methodname="CheckUnsupportedPartLoss_CascadesDependents" classname="CavesOfOoo.Tests.BodyPartSystemTests" runstate="Runnable" seed="540669453" result="Passed" start-time="2026-04-11 01:52:52Z" end-time="2026-04-11 01:52:52Z" duration="0.001257" asserts="0">
              <properties>
                <property name="retryIteration" value="0" />
                <property name="repeatIteration" value="0" />
              </properties>
              <output><![CDATA[[Combat] test creature's left hand is severed!
[Combat] test creature loses use of left hands!
]]></output>
            </test-case>
            <test-case id="1075" name="ClearEquipped_ClearsItem" fullname="CavesOfOoo.Tests.BodyPartSystemTests.ClearEquipped_ClearsItem" methodname="ClearEquipped_ClearsItem" classname="CavesOfOoo.Tests.BodyPartSystemTests" runstate="Runnable" seed="1319026625" result="Passed" start-time="2026-04-11 01:52:52Z" end-time="2026-04-11 01:52:52Z" duration="0.000072" asserts="0">
              <properties>
                <property name="retryIteration" value="0" />
                <property name="repeatIteration" value="0" />
              </properties>
            </test-case>
            <test-case id="1081" name="Clone_CopiesFieldsButNotChildren" fullname="CavesOfOoo.Tests.BodyPartSystemTests.Clone_CopiesFieldsButNotChildren" methodname="Clone_CopiesFieldsButNotChildren" classname="CavesOfOoo.Tests.BodyPartSystemTests" runstate="Runnable" seed="672263114" result="Passed" start-time="2026-04-11 01:52:52Z" end-time="2026-04-11 01:52:52Z" duration="0.000095" asserts="0">
              <properties>
                <property name="retryIteration" value="0" />
                <property name="repeatIteration" value="0" />
              </properties>
            </test-case>
            <test-case id="1142" name="CombatDismemberment_HighDamage_CanSeverArm" fullname="CavesOfOoo.Tests.BodyPartSystemTests.CombatDismemberment_HighDamage_CanSeverArm" methodname="CombatDismemberment_HighDamage_CanSeverArm" classname="CavesOfOoo.Tests.BodyPartSystemTests" runstate="Runnable" seed="1780358733" result="Passed" start-time="2026-04-11 01:52:52Z" end-time="2026-04-11 01:52:52Z" duration="0.001290" asserts="0">
              <properties>
                <property name="retryIteration" value="0" />
                <property name="repeatIteration" value="0" />
              </properties>
              <output><![CDATA[[Combat] test creature's left arm is severed!
]]></output>
            </test-case>
            <test-case id="1143" name="CombatDismemberment_LowDamage_NeverSevers" fullname="CavesOfOoo.Tests.BodyPartSystemTests.CombatDismemberment_LowDamage_NeverSevers" methodname="CombatDismemberment_LowDamage_NeverSevers" classname="CavesOfOoo.Tests.BodyPartSystemTests" runstate="Runnable" seed="1321011229" result="Passed" start-time="2026-04-11 01:52:52Z" end-time="2026-04-11 01:52:52Z" duration="0.000610" asserts="0">
              <properties>
                <property name="retryIteration" value="0" />
                <property name="repeatIteration" value="0" />
              </properties>
            </test-case>
            <test-case id="1144" name="CombatDismemberment_NonSeverablePart_NeverSevers" fullname="CavesOfOoo.Tests.BodyPartSystemTests.CombatDismemberment_NonSeverablePart_NeverSevers" methodname="CombatDismemberment_NonSeverablePart_NeverSevers" classname="CavesOfOoo.Tests.BodyPartSystemTests" runstate="Runnable" seed="743439711" result="Passed" start-time="2026-04-11 01:52:52Z" end-time="2026-04-11 01:52:52Z" duration="0.000062" asserts="0">
              <properties>
                <property name="retryIteration" value="0" />
                <property name="repeatIteration" value="0" />
              </properties>
            </test-case>
            <test-case id="1111" name="CombatSystem_GetAV_BodyPartAware" fullname="CavesOfOoo.Tests.BodyPartSystemTests.CombatSystem_GetAV_BodyPartAware" methodname="CombatSystem_GetAV_BodyPartAware" classname="CavesOfOoo.Tests.BodyPartSystemTests" runstate="Runnable" seed="89140964" result="Passed" start-time="2026-04-11 01:52:52Z" end-time="2026-04-11 01:52:52Z" duration="0.000573" asserts="0">
              <properties>
                <property name="retryIteration" value="0" />
                <property name="repeatIteration" value="0" />
              </properties>
              <output><![CDATA[[Combat] test creature equips test armor.
]]></output>
            </test-case>
            <test-case id="1110" name="CombatSystem_GetDV_BodyPartAware" fullname="CavesOfOoo.Tests.BodyPartSystemTests.CombatSystem_GetDV_BodyPartAware" methodname="CombatSystem_GetDV_BodyPartAware" classname="CavesOfOoo.Tests.BodyPartSystemTests" runstate="Runnable" seed="1694027371" result="Passed" start-time="2026-04-11 01:52:52Z" end-time="2026-04-11 01:52:52Z" duration="0.000279" asserts="0">
              <properties>
                <property name="retryIteration" value="0" />
                <property name="repeatIteration" value="0" />
              </properties>
              <output><![CDATA[[Combat] test creature equips test armor.
]]></output>
            </test-case>
            <test-case id="1054" name="CreateHumanoid_AllPartsAreNative" fullname="CavesOfOoo.Tests.BodyPartSystemTests.CreateHumanoid_AllPartsAreNative" methodname="CreateHumanoid_AllPartsAreNative" classname="CavesOfOoo.Tests.BodyPartSystemTests" runstate="Runnable" seed="532954844" result="Passed" start-time="2026-04-11 01:52:52Z" end-time="2026-04-11 01:52:52Z" duration="0.000062" asserts="0">
              <properties>
                <property name="retryIteration" value="0" />
                <property name="repeatIteration" value="0" />
              </properties>
            </test-case>
            <test-case id="1052" name="CreateHumanoid_HandsHaveLaterality" fullname="CavesOfOoo.Tests.BodyPartSystemTests.CreateHumanoid_HandsHaveLaterality" methodname="CreateHumanoid_HandsHaveLaterality" classname="CavesOfOoo.Tests.BodyPartSystemTests" runstate="Runnable" seed="514981879" result="Passed" start-time="2026-04-11 01:52:52Z" end-time="2026-04-11 01:52:52Z" duration="0.000067" asserts="0">
              <properties>
                <property name="retryIteration" value="0" />
                <property name="repeatIteration" value="0" />
              </properties>
            </test-case>
            <test-case id="1053" name="CreateHumanoid_HasDefaultPrimary" fullname="CavesOfOoo.Tests.BodyPartSystemTests.CreateHumanoid_HasDefaultPrimary" methodname="CreateHumanoid_HasDefaultPrimary" classname="CavesOfOoo.Tests.BodyPartSystemTests" runstate="Runnable" seed="1187806415" result="Passed" start-time="2026-04-11 01:52:52Z" end-time="2026-04-11 01:52:52Z" duration="0.000043" asserts="0">
              <properties>
                <property name="retryIteration" value="0" />
                <property name="repeatIteration" value="0" />
              </properties>
            </test-case>
            <test-case id="1051" name="CreateHumanoid_HasExpectedPartTypes" fullname="CavesOfOoo.Tests.BodyPartSystemTests.CreateHumanoid_HasExpectedPartTypes" methodname="CreateHumanoid_HasExpectedPartTypes" classname="CavesOfOoo.Tests.BodyPartSystemTests" runstate="Runnable" seed="888451938" result="Passed" start-time="2026-04-11 01:52:52Z" end-time="2026-04-11 01:52:52Z" duration="0.000088" asserts="0">
              <properties>
                <property name="retryIteration" value="0" />
                <property name="repeatIteration" value="0" />
              </properties>
            </test-case>
            <test-case id="1055" name="CreateHumanoid_HeadIsMortal" fullname="CavesOfOoo.Tests.BodyPartSystemTests.CreateHumanoid_HeadIsMortal" methodname="CreateHumanoid_HeadIsMortal" classname="CavesOfOoo.Tests.BodyPartSystemTests" runstate="Runnable" seed="52468899" result="Passed" start-time="2026-04-11 01:52:52Z" end-time="2026-04-11 01:52:52Z" duration="0.000030" asserts="0">
              <properties>
                <property name="retryIteration" value="0" />
                <property name="repeatIteration" value="0" />
              </properties>
            </test-case>
            <test-case id="1057" name="CreateInsectoid_HasSixFeet" fullname="CavesOfOoo.Tests.BodyPartSystemTests.CreateInsectoid_HasSixFeet" methodname="CreateInsectoid_HasSixFeet" classname="CavesOfOoo.Tests.BodyPartSystemTests" runstate="Runnable" seed="1710305685" result="Passed" start-time="2026-04-11 01:52:52Z" end-time="2026-04-11 01:52:52Z" duration="0.000083" asserts="0">
              <properties>
                <property name="retryIteration" value="0" />
                <property name="repeatIteration" value="0" />
              </properties>
            </test-case>
            <test-case id="1056" name="CreateQuadruped_HasFourFeet" fullname="CavesOfOoo.Tests.BodyPartSystemTests.CreateQuadruped_HasFourFeet" methodname="CreateQuadruped_HasFourFeet" classname="CavesOfOoo.Tests.BodyPartSystemTests" runstate="Runnable" seed="560539142" result="Passed" start-time="2026-04-11 01:52:52Z" end-time="2026-04-11 01:52:52Z" duration="0.000062" asserts="0">
              <properties>
                <property name="retryIteration" value="0" />
                <property name="repeatIteration" value="0" />
              </properties>
            </test-case>
            <test-case id="1058" name="CreateSimple_HasOnlyBody" fullname="CavesOfOoo.Tests.BodyPartSystemTests.CreateSimple_HasOnlyBody" methodname="CreateSimple_HasOnlyBody" classname="CavesOfOoo.Tests.BodyPartSystemTests" runstate="Runnable" seed="369625597" result="Passed" start-time="2026-04-11 01:52:52Z" end-time="2026-04-11 01:52:52Z" duration="0.000041" asserts="0">
              <properties>
                <property name="retryIteration" value="0" />
                <property name="repeatIteration" value="0" />
              </properties>
            </test-case>
            <test-case id="1128" name="DefaultBehavior_ClearedWhenBlueprintRemoved" fullname="CavesOfOoo.Tests.BodyPartSystemTests.DefaultBehavior_ClearedWhenBlueprintRemoved" methodname="DefaultBehavior_ClearedWhenBlueprintRemoved" classname="CavesOfOoo.Tests.BodyPartSystemTests" runstate="Runnable" seed="769858878" result="Passed" start-time="2026-04-11 01:52:52Z" end-time="2026-04-11 01:52:52Z" duration="0.000073" asserts="0">
              <properties>
                <property name="retryIteration" value="0" />
                <property name="repeatIteration" value="0" />
              </properties>
            </test-case>
            <test-case id="1126" name="DefaultBehavior_EquippedWeaponOverridesInCombat" fullname="CavesOfOoo.Tests.BodyPartSystemTests.DefaultBehavior_EquippedWeaponOverridesInCombat" methodname="DefaultBehavior_EquippedWeaponOverridesInCombat" classname="CavesOfOoo.Tests.BodyPartSystemTests" runstate="Runnable" seed="1211332820" result="Passed" start-time="2026-04-11 01:52:52Z" end-time="2026-04-11 01:52:52Z" duration="0.000273" asserts="0">
              <properties>
                <property name="retryIteration" value="0" />
                <property name="repeatIteration" value="0" />
              </properties>
            </test-case>
            <test-case id="1129" name="DefaultBehavior_FirstSlotFlagSet" fullname="CavesOfOoo.Tests.BodyPartSystemTests.DefaultBehavior_FirstSlotFlagSet" methodname="DefaultBehavior_FirstSlotFlagSet" classname="CavesOfOoo.Tests.BodyPartSystemTests" runstate="Runnable" seed="475226966" result="Passed" start-time="2026-04-11 01:52:52Z" end-time="2026-04-11 01:52:52Z" duration="0.000061" asserts="0">
              <properties>
                <property name="retryIteration" value="0" />
                <property name="repeatIteration" value="0" />
              </properties>
            </test-case>
            <test-case id="1125" name="DefaultBehavior_HandGetsNaturalWeapon" fullname="CavesOfOoo.Tests.BodyPartSystemTests.DefaultBehavior_HandGetsNaturalWeapon" methodname="DefaultBehavior_HandGetsNaturalWeapon" classname="CavesOfOoo.Tests.BodyPartSystemTests" runstate="Runnable" seed="557574787" result="Passed" start-time="2026-04-11 01:52:52Z" end-time="2026-04-11 01:52:52Z" duration="0.000082" asserts="0">
              <properties>
                <property name="retryIteration" value="0" />
                <property name="repeatIteration" value="0" />
              </properties>
            </test-case>
            <test-case id="1127" name="DefaultBehavior_RestoredAfterRegeneration" fullname="CavesOfOoo.Tests.BodyPartSystemTests.DefaultBehavior_RestoredAfterRegeneration" methodname="DefaultBehavior_RestoredAfterRegeneration" classname="CavesOfOoo.Tests.BodyPartSystemTests" runstate="Runnable" seed="509788910" result="Passed" start-time="2026-04-11 01:52:52Z" end-time="2026-04-11 01:52:52Z" duration="0.000623" asserts="0">
              <properties>
                <property name="retryIteration" value="0" />
                <property name="repeatIteration" value="0" />
              </properties>
              <output><![CDATA[[Combat] test creature's left arm is severed!
[Combat] test creature regenerates a left arm!
]]></output>
            </test-case>
            <test-case id="1092" name="Dismember_CannotDismemberRoot" fullname="CavesOfOoo.Tests.BodyPartSystemTests.Dismember_CannotDismemberRoot" methodname="Dismember_CannotDismemberRoot" classname="CavesOfOoo.Tests.BodyPartSystemTests" runstate="Runnable" seed="1222376685" result="Passed" start-time="2026-04-11 01:52:52Z" end-time="2026-04-11 01:52:52Z" duration="0.000038" asserts="0">
              <properties>
                <property name="retryIteration" value="0" />
                <property name="repeatIteration" value="0" />
              </properties>
            </test-case>
            <test-case id="1131" name="Dismember_DroppedWeaponHasPhysicsCleared" fullname="CavesOfOoo.Tests.BodyPartSystemTests.Dismember_DroppedWeaponHasPhysicsCleared" methodname="Dismember_DroppedWeaponHasPhysicsCleared" classname="CavesOfOoo.Tests.BodyPartSystemTests" runstate="Runnable" seed="1816888726" result="Passed" start-time="2026-04-11 01:52:52Z" end-time="2026-04-11 01:52:52Z" duration="0.000688" asserts="0">
              <properties>
                <property name="retryIteration" value="0" />
                <property name="repeatIteration" value="0" />
              </properties>
              <output><![CDATA[[Combat] test creature's test weapon falls to the ground!
[Combat] test creature's left arm is severed!
]]></output>
            </test-case>
            <test-case id="1130" name="Dismember_EquippedWeaponDropsToGround" fullname="CavesOfOoo.Tests.BodyPartSystemTests.Dismember_EquippedWeaponDropsToGround" methodname="Dismember_EquippedWeaponDropsToGround" classname="CavesOfOoo.Tests.BodyPartSystemTests" runstate="Runnable" seed="246683292" result="Passed" start-time="2026-04-11 01:52:52Z" end-time="2026-04-11 01:52:52Z" duration="0.000663" asserts="0">
              <properties>
                <property name="retryIteration" value="0" />
                <property name="repeatIteration" value="0" />
              </properties>
              <output><![CDATA[[Combat] test creature's test weapon falls to the ground!
[Combat] test creature's left arm is severed!
]]></output>
            </test-case>
            <test-case id="1094" name="Dismember_LogsMessage" fullname="CavesOfOoo.Tests.BodyPartSystemTests.Dismember_LogsMessage" methodname="Dismember_LogsMessage" classname="CavesOfOoo.Tests.BodyPartSystemTests" runstate="Runnable" seed="139776295" result="Passed" start-time="2026-04-11 01:52:52Z" end-time="2026-04-11 01:52:52Z" duration="0.000272" asserts="0">
              <properties>
                <property name="retryIteration" value="0" />
                <property name="repeatIteration" value="0" />
              </properties>
              <output><![CDATA[[Combat] test creature's left arm is severed!
]]></output>
            </test-case>
            <test-case id="1133" name="Dismember_MortalPart_KillsCreature" fullname="CavesOfOoo.Tests.BodyPartSystemTests.Dismember_MortalPart_KillsCreature" methodname="Dismember_MortalPart_KillsCreature" classname="CavesOfOoo.Tests.BodyPartSystemTests" runstate="Runnable" seed="740304051" result="Passed" start-time="2026-04-11 01:52:52Z" end-time="2026-04-11 01:52:52Z" duration="0.000875" asserts="0">
              <properties>
                <property name="retryIteration" value="0" />
                <property name="repeatIteration" value="0" />
              </properties>
              <output><![CDATA[[Combat] test creature's head is severed!
[Combat] test creature is killed by something!
]]></output>
            </test-case>
            <test-case id="1134" name="Dismember_MortalPart_WithoutZone_NoDeath" fullname="CavesOfOoo.Tests.BodyPartSystemTests.Dismember_MortalPart_WithoutZone_NoDeath" methodname="Dismember_MortalPart_WithoutZone_NoDeath" classname="CavesOfOoo.Tests.BodyPartSystemTests" runstate="Runnable" seed="1809286138" result="Passed" start-time="2026-04-11 01:52:52Z" end-time="2026-04-11 01:52:52Z" duration="0.000256" asserts="0">
              <properties>
                <property name="retryIteration" value="0" />
                <property name="repeatIteration" value="0" />
              </properties>
              <output><![CDATA[[Combat] test creature's head is severed!
]]></output>
            </test-case>
            <test-case id="1135" name="Dismember_NonMortalPart_DoesNotKill" fullname="CavesOfOoo.Tests.BodyPartSystemTests.Dismember_NonMortalPart_DoesNotKill" methodname="Dismember_NonMortalPart_DoesNotKill" classname="CavesOfOoo.Tests.BodyPartSystemTests" runstate="Runnable" seed="1993064542" result="Passed" start-time="2026-04-11 01:52:52Z" end-time="2026-04-11 01:52:52Z" duration="0.000435" asserts="0">
              <properties>
                <property name="retryIteration" value="0" />
                <property name="repeatIteration" value="0" />
              </properties>
              <output><![CDATA[[Combat] test creature's left arm is severed!
]]></output>
            </test-case>
            <test-case id="1090" name="Dismember_RemovesPartFromTree" fullname="CavesOfOoo.Tests.BodyPartSystemTests.Dismember_RemovesPartFromTree" methodname="Dismember_RemovesPartFromTree" classname="CavesOfOoo.Tests.BodyPartSystemTests" runstate="Runnable" seed="1738339661" result="Passed" start-time="2026-04-11 01:52:52Z" end-time="2026-04-11 01:52:52Z" duration="0.000243" asserts="0">
              <properties>
                <property name="retryIteration" value="0" />
                <property name="repeatIteration" value="0" />
              </properties>
              <output><![CDATA[[Combat] test creature's left arm is severed!
]]></output>
            </test-case>
            <test-case id="1091" name="Dismember_TracksDismemberedPart" fullname="CavesOfOoo.Tests.BodyPartSystemTests.Dismember_TracksDismemberedPart" methodname="Dismember_TracksDismemberedPart" classname="CavesOfOoo.Tests.BodyPartSystemTests" runstate="Runnable" seed="396232561" result="Passed" start-time="2026-04-11 01:52:52Z" end-time="2026-04-11 01:52:52Z" duration="0.000250" asserts="0">
              <properties>
                <property name="retryIteration" value="0" />
                <property name="repeatIteration" value="0" />
              </properties>
              <output><![CDATA[[Combat] test creature's left arm is severed!
]]></output>
            </test-case>
            <test-case id="1093" name="Dismember_UnequipsSubtree" fullname="CavesOfOoo.Tests.BodyPartSystemTests.Dismember_UnequipsSubtree" methodname="Dismember_UnequipsSubtree" classname="CavesOfOoo.Tests.BodyPartSystemTests" runstate="Runnable" seed="899281666" result="Passed" start-time="2026-04-11 01:52:52Z" end-time="2026-04-11 01:52:52Z" duration="0.000267" asserts="0">
              <properties>
                <property name="retryIteration" value="0" />
                <property name="repeatIteration" value="0" />
              </properties>
              <output><![CDATA[[Combat] test creature's left arm is severed!
]]></output>
            </test-case>
            <test-case id="1132" name="Dismember_WithoutZone_WeaponGoesToInventory" fullname="CavesOfOoo.Tests.BodyPartSystemTests.Dismember_WithoutZone_WeaponGoesToInventory" methodname="Dismember_WithoutZone_WeaponGoesToInventory" classname="CavesOfOoo.Tests.BodyPartSystemTests" runstate="Runnable" seed="852632683" result="Passed" start-time="2026-04-11 01:52:52Z" end-time="2026-04-11 01:52:52Z" duration="0.000249" asserts="0">
              <properties>
                <property name="retryIteration" value="0" />
                <property name="repeatIteration" value="0" />
              </properties>
              <output><![CDATA[[Combat] test creature's left arm is severed!
]]></output>
            </test-case>
            <test-case id="1112" name="EntityFactory_CreatesBodyFromBlueprint" fullname="CavesOfOoo.Tests.BodyPartSystemTests.EntityFactory_CreatesBodyFromBlueprint" methodname="EntityFactory_CreatesBodyFromBlueprint" classname="CavesOfOoo.Tests.BodyPartSystemTests" runstate="Runnable" seed="1596117925" result="Passed" start-time="2026-04-11 01:52:52Z" end-time="2026-04-11 01:52:52Z" duration="0.000328" asserts="0">
              <properties>
                <property name="retryIteration" value="0" />
                <property name="repeatIteration" value="0" />
              </properties>
            </test-case>
            <test-case id="1114" name="EntityFactory_NoBody_LegacyStillWorks" fullname="CavesOfOoo.Tests.BodyPartSystemTests.EntityFactory_NoBody_LegacyStillWorks" methodname="EntityFactory_NoBody_LegacyStillWorks" classname="CavesOfOoo.Tests.BodyPartSystemTests" runstate="Runnable" seed="812225939" result="Passed" start-time="2026-04-11 01:52:52Z" end-time="2026-04-11 01:52:52Z" duration="0.000172" asserts="0">
              <properties>
                <property name="retryIteration" value="0" />
                <property name="repeatIteration" value="0" />
              </properties>
            </test-case>
            <test-case id="1113" name="EntityFactory_QuadrupedAnatomy" fullname="CavesOfOoo.Tests.BodyPartSystemTests.EntityFactory_QuadrupedAnatomy" methodname="EntityFactory_QuadrupedAnatomy" classname="CavesOfOoo.Tests.BodyPartSystemTests" runstate="Runnable" seed="279319827" result="Passed" start-time="2026-04-11 01:52:52Z" end-time="2026-04-11 01:52:52Z" duration="0.000176" asserts="0">
              <properties>
                <property name="retryIteration" value="0" />
                <property name="repeatIteration" value="0" />
              </properties>
            </test-case>
            <test-case id="1103" name="EquipToBodyPart_PlacesItemOnPart" fullname="CavesOfOoo.Tests.BodyPartSystemTests.EquipToBodyPart_PlacesItemOnPart" methodname="EquipToBodyPart_PlacesItemOnPart" classname="CavesOfOoo.Tests.BodyPartSystemTests" runstate="Runnable" seed="812200184" result="Passed" start-time="2026-04-11 01:52:52Z" end-time="2026-04-11 01:52:52Z" duration="0.000065" asserts="0">
              <properties>
                <property name="retryIteration" value="0" />
                <property name="repeatIteration" value="0" />
              </properties>
            </test-case>
            <test-case id="1104" name="EquipToBodyParts_MultiSlot" fullname="CavesOfOoo.Tests.BodyPartSystemTests.EquipToBodyParts_MultiSlot" methodname="EquipToBodyParts_MultiSlot" classname="CavesOfOoo.Tests.BodyPartSystemTests" runstate="Runnable" seed="209699983" result="Passed" start-time="2026-04-11 01:52:52Z" end-time="2026-04-11 01:52:52Z" duration="0.000183" asserts="0">
              <properties>
                <property name="retryIteration" value="0" />
                <property name="repeatIteration" value="0" />
              </properties>
            </test-case>
            <test-case id="1076" name="FindFreeSlot_ReturnsUnoccupied" fullname="CavesOfOoo.Tests.BodyPartSystemTests.FindFreeSlot_ReturnsUnoccupied" methodname="FindFreeSlot_ReturnsUnoccupied" classname="CavesOfOoo.Tests.BodyPartSystemTests" runstate="Runnable" seed="1069293686" result="Passed" start-time="2026-04-11 01:52:52Z" end-time="2026-04-11 01:52:52Z" duration="0.000037" asserts="0">
              <properties>
                <property name="retryIteration" value="0" />
                <property name="repeatIteration" value="0" />
              </properties>
            </test-case>
            <test-case id="1077" name="FindFreeSlot_SkipsOccupied" fullname="CavesOfOoo.Tests.BodyPartSystemTests.FindFreeSlot_SkipsOccupied" methodname="FindFreeSlot_SkipsOccupied" classname="CavesOfOoo.Tests.BodyPartSystemTests" runstate="Runnable" seed="153630906" result="Passed" start-time="2026-04-11 01:52:52Z" end-time="2026-04-11 01:52:52Z" duration="0.000087" asserts="0">
              <properties>
                <property name="retryIteration" value="0" />
                <property name="repeatIteration" value="0" />
              </properties>
            </test-case>
            <test-case id="1078" name="FindFreeSlot_WithLaterality" fullname="CavesOfOoo.Tests.BodyPartSystemTests.FindFreeSlot_WithLaterality" methodname="FindFreeSlot_WithLaterality" classname="CavesOfOoo.Tests.BodyPartSystemTests" runstate="Runnable" seed="1406451688" result="Passed" start-time="2026-04-11 01:52:52Z" end-time="2026-04-11 01:52:52Z" duration="0.000034" asserts="0">
              <properties>
                <property name="retryIteration" value="0" />
                <property name="repeatIteration" value="0" />
              </properties>
            </test-case>
            <test-case id="1069" name="Flags_MultipleFlagsCoexist" fullname="CavesOfOoo.Tests.BodyPartSystemTests.Flags_MultipleFlagsCoexist" methodname="Flags_MultipleFlagsCoexist" classname="CavesOfOoo.Tests.BodyPartSystemTests" runstate="Runnable" seed="2133822635" result="Passed" start-time="2026-04-11 01:52:52Z" end-time="2026-04-11 01:52:52Z" duration="0.000063" asserts="0">
              <properties>
                <property name="retryIteration" value="0" />
                <property name="repeatIteration" value="0" />
              </properties>
            </test-case>
            <test-case id="1068" name="Flags_SetAndClear" fullname="CavesOfOoo.Tests.BodyPartSystemTests.Flags_SetAndClear" methodname="Flags_SetAndClear" classname="CavesOfOoo.Tests.BodyPartSystemTests" runstate="Runnable" seed="1386437328" result="Passed" start-time="2026-04-11 01:52:52Z" end-time="2026-04-11 01:52:52Z" duration="0.000035" asserts="0">
              <properties>
                <property name="retryIteration" value="0" />
                <property name="repeatIteration" value="0" />
              </properties>
            </test-case>
            <test-case id="1080" name="ForeachEquippedObject_OnlyCallsForFirstSlot" fullname="CavesOfOoo.Tests.BodyPartSystemTests.ForeachEquippedObject_OnlyCallsForFirstSlot" methodname="ForeachEquippedObject_OnlyCallsForFirstSlot" classname="CavesOfOoo.Tests.BodyPartSystemTests" runstate="Runnable" seed="471264479" result="Passed" start-time="2026-04-11 01:52:52Z" end-time="2026-04-11 01:52:52Z" duration="0.000090" asserts="0">
              <properties>
                <property name="retryIteration" value="0" />
                <property name="repeatIteration" value="0" />
              </properties>
            </test-case>
            <test-case id="1067" name="GetDisplayName_IncludesLaterality" fullname="CavesOfOoo.Tests.BodyPartSystemTests.GetDisplayName_IncludesLaterality" methodname="GetDisplayName_IncludesLaterality" classname="CavesOfOoo.Tests.BodyPartSystemTests" runstate="Runnable" seed="164910643" result="Passed" start-time="2026-04-11 01:52:52Z" end-time="2026-04-11 01:52:52Z" duration="0.000035" asserts="0">
              <properties>
                <property name="retryIteration" value="0" />
                <property name="repeatIteration" value="0" />
              </properties>
            </test-case>
            <test-case id="1079" name="GetEquippableSlots_ReturnsAllMatchingType" fullname="CavesOfOoo.Tests.BodyPartSystemTests.GetEquippableSlots_ReturnsAllMatchingType" methodname="GetEquippableSlots_ReturnsAllMatchingType" classname="CavesOfOoo.Tests.BodyPartSystemTests" runstate="Runnable" seed="623512145" result="Passed" start-time="2026-04-11 01:52:52Z" end-time="2026-04-11 01:52:52Z" duration="0.000037" asserts="0">
              <properties>
                <property name="retryIteration" value="0" />
                <property name="repeatIteration" value="0" />
              </properties>
            </test-case>
            <test-case id="1140" name="GetPartAV_ArmorOnlyProtectsEquippedPart" fullname="CavesOfOoo.Tests.BodyPartSystemTests.GetPartAV_ArmorOnlyProtectsEquippedPart" methodname="GetPartAV_ArmorOnlyProtectsEquippedPart" classname="CavesOfOoo.Tests.BodyPartSystemTests" runstate="Runnable" seed="424443026" result="Passed" start-time="2026-04-11 01:52:52Z" end-time="2026-04-11 01:52:52Z" duration="0.000135" asserts="0">
              <properties>
                <property name="retryIteration" value="0" />
                <property name="repeatIteration" value="0" />
              </properties>
            </test-case>
            <test-case id="1141" name="GetPartAV_NaturalArmorAlwaysApplies" fullname="CavesOfOoo.Tests.BodyPartSystemTests.GetPartAV_NaturalArmorAlwaysApplies" methodname="GetPartAV_NaturalArmorAlwaysApplies" classname="CavesOfOoo.Tests.BodyPartSystemTests" runstate="Runnable" seed="449139792" result="Passed" start-time="2026-04-11 01:52:52Z" end-time="2026-04-11 01:52:52Z" duration="0.000058" asserts="0">
              <properties>
                <property name="retryIteration" value="0" />
                <property name="repeatIteration" value="0" />
              </properties>
            </test-case>
            <test-case id="1062" name="GetPartByType_ReturnsFirstMatch" fullname="CavesOfOoo.Tests.BodyPartSystemTests.GetPartByType_ReturnsFirstMatch" methodname="GetPartByType_ReturnsFirstMatch" classname="CavesOfOoo.Tests.BodyPartSystemTests" runstate="Runnable" seed="170946578" result="Passed" start-time="2026-04-11 01:52:52Z" end-time="2026-04-11 01:52:52Z" duration="0.000032" asserts="0">
              <properties>
                <property name="retryIteration" value="0" />
                <property name="repeatIteration" value="0" />
              </properties>
            </test-case>
            <test-case id="1061" name="GetParts_ReturnsAllDescendants" fullname="CavesOfOoo.Tests.BodyPartSystemTests.GetParts_ReturnsAllDescendants" methodname="GetParts_ReturnsAllDescendants" classname="CavesOfOoo.Tests.BodyPartSystemTests" runstate="Runnable" seed="265842094" result="Passed" start-time="2026-04-11 01:52:52Z" end-time="2026-04-11 01:52:52Z" duration="0.000034" asserts="0">
              <properties>
                <property name="retryIteration" value="0" />
                <property name="repeatIteration" value="0" />
              </properties>
            </test-case>
            <test-case id="1063" name="GetPartsByType_ReturnsAllMatches" fullname="CavesOfOoo.Tests.BodyPartSystemTests.GetPartsByType_ReturnsAllMatches" methodname="GetPartsByType_ReturnsAllMatches" classname="CavesOfOoo.Tests.BodyPartSystemTests" runstate="Runnable" seed="970572326" result="Passed" start-time="2026-04-11 01:52:52Z" end-time="2026-04-11 01:52:52Z" duration="0.000034" asserts="0">
              <properties>
                <property name="retryIteration" value="0" />
                <property name="repeatIteration" value="0" />
              </properties>
            </test-case>
            <test-case id="1097" name="HasRegenerableLimbs_TrueAfterDismember" fullname="CavesOfOoo.Tests.BodyPartSystemTests.HasRegenerableLimbs_TrueAfterDismember" methodname="HasRegenerableLimbs_TrueAfterDismember" classname="CavesOfOoo.Tests.BodyPartSystemTests" runstate="Runnable" seed="1626855761" result="Passed" start-time="2026-04-11 01:52:52Z" end-time="2026-04-11 01:52:52Z" duration="0.000327" asserts="0">
              <properties>
                <property name="retryIteration" value="0" />
                <property name="repeatIteration" value="0" />
              </properties>
              <output><![CDATA[[Combat] test creature's left arm is severed!
]]></output>
            </test-case>
            <test-case id="1136" name="HumanoidPartsHaveTargetWeights" fullname="CavesOfOoo.Tests.BodyPartSystemTests.HumanoidPartsHaveTargetWeights" methodname="HumanoidPartsHaveTargetWeights" classname="CavesOfOoo.Tests.BodyPartSystemTests" runstate="Runnable" seed="617030312" result="Passed" start-time="2026-04-11 01:52:52Z" end-time="2026-04-11 01:52:52Z" duration="0.000072" asserts="0">
              <properties>
                <property name="retryIteration" value="0" />
                <property name="repeatIteration" value="0" />
              </properties>
            </test-case>
            <test-case id="1121" name="ImpliedParts_ExtraHandGetsImpliedHands" fullname="CavesOfOoo.Tests.BodyPartSystemTests.ImpliedParts_ExtraHandGetsImpliedHands" methodname="ImpliedParts_ExtraHandGetsImpliedHands" classname="CavesOfOoo.Tests.BodyPartSystemTests" runstate="Runnable" seed="1038289833" result="Passed" start-time="2026-04-11 01:52:52Z" end-time="2026-04-11 01:52:52Z" duration="0.000139" asserts="0">
              <properties>
                <property name="retryIteration" value="0" />
                <property name="repeatIteration" value="0" />
              </properties>
            </test-case>
            <test-case id="1123" name="ImpliedParts_NativeHandsNotTouched" fullname="CavesOfOoo.Tests.BodyPartSystemTests.ImpliedParts_NativeHandsNotTouched" methodname="ImpliedParts_NativeHandsNotTouched" classname="CavesOfOoo.Tests.BodyPartSystemTests" runstate="Runnable" seed="1271719103" result="Passed" start-time="2026-04-11 01:52:52Z" end-time="2026-04-11 01:52:52Z" duration="0.000048" asserts="0">
              <properties>
                <property name="retryIteration" value="0" />
                <property name="repeatIteration" value="0" />
              </properties>
            </test-case>
            <test-case id="1124" name="ImpliedParts_QuadrupedNoHands" fullname="CavesOfOoo.Tests.BodyPartSystemTests.ImpliedParts_QuadrupedNoHands" methodname="ImpliedParts_QuadrupedNoHands" classname="CavesOfOoo.Tests.BodyPartSystemTests" runstate="Runnable" seed="1602391150" result="Passed" start-time="2026-04-11 01:52:52Z" end-time="2026-04-11 01:52:52Z" duration="0.000088" asserts="0">
              <properties>
                <property name="retryIteration" value="0" />
                <property name="repeatIteration" value="0" />
              </properties>
            </test-case>
            <test-case id="1122" name="ImpliedParts_RemoveHandRemovesImpliedHands" fullname="CavesOfOoo.Tests.BodyPartSystemTests.ImpliedParts_RemoveHandRemovesImpliedHands" methodname="ImpliedParts_RemoveHandRemovesImpliedHands" classname="CavesOfOoo.Tests.BodyPartSystemTests" runstate="Runnable" seed="191210380" result="Passed" start-time="2026-04-11 01:52:52Z" end-time="2026-04-11 01:52:52Z" duration="0.000203" asserts="0">
              <properties>
                <property name="retryIteration" value="0" />
                <property name="repeatIteration" value="0" />
              </properties>
            </test-case>
            <test-case id="1108" name="InventorySystem_Equip_BodyArmor" fullname="CavesOfOoo.Tests.BodyPartSystemTests.InventorySystem_Equip_BodyArmor" methodname="InventorySystem_Equip_BodyArmor" classname="CavesOfOoo.Tests.BodyPartSystemTests" runstate="Runnable" seed="238992198" result="Passed" start-time="2026-04-11 01:52:52Z" end-time="2026-04-11 01:52:52Z" duration="0.000335" asserts="0">
              <properties>
                <property name="retryIteration" value="0" />
                <property name="repeatIteration" value="0" />
              </properties>
              <output><![CDATA[[Combat] test creature equips test armor.
]]></output>
            </test-case>
            <test-case id="1107" name="InventorySystem_Equip_TwoWeapons_SeparateHands" fullname="CavesOfOoo.Tests.BodyPartSystemTests.InventorySystem_Equip_TwoWeapons_SeparateHands" methodname="InventorySystem_Equip_TwoWeapons_SeparateHands" classname="CavesOfOoo.Tests.BodyPartSystemTests" runstate="Runnable" seed="858712572" result="Passed" start-time="2026-04-11 01:52:52Z" end-time="2026-04-11 01:52:52Z" duration="0.000521" asserts="0">
              <properties>
                <property name="retryIteration" value="0" />
                <property name="repeatIteration" value="0" />
              </properties>
              <output><![CDATA[[Combat] test creature equips test weapon.
[Combat] test creature equips test weapon.
]]></output>
            </test-case>
            <test-case id="1106" name="InventorySystem_Equip_UsesBodyParts" fullname="CavesOfOoo.Tests.BodyPartSystemTests.InventorySystem_Equip_UsesBodyParts" methodname="InventorySystem_Equip_UsesBodyParts" classname="CavesOfOoo.Tests.BodyPartSystemTests" runstate="Runnable" seed="1738875587" result="Passed" start-time="2026-04-11 01:52:52Z" end-time="2026-04-11 01:52:52Z" duration="0.000267" asserts="0">
              <properties>
                <property name="retryIteration" value="0" />
                <property name="repeatIteration" value="0" />
              </properties>
              <output><![CDATA[[Combat] test creature equips test weapon.
]]></output>
            </test-case>
            <test-case id="1109" name="InventorySystem_UnequipItem_ReturnsToInventory" fullname="CavesOfOoo.Tests.BodyPartSystemTests.InventorySystem_UnequipItem_ReturnsToInventory" methodname="InventorySystem_UnequipItem_ReturnsToInventory" classname="CavesOfOoo.Tests.BodyPartSystemTests" runstate="Runnable" seed="421691192" result="Passed" start-time="2026-04-11 01:52:52Z" end-time="2026-04-11 01:52:52Z" duration="0.000809" asserts="0">
              <properties>
                <property name="retryIteration" value="0" />
                <property name="repeatIteration" value="0" />
              </properties>
              <output><![CDATA[[Combat] test creature equips test weapon.
[Combat] test creature unequips test weapon.
]]></output>
            </test-case>
            <test-case id="1071" name="IsSeverable_Abstract_False" fullname="CavesOfOoo.Tests.BodyPartSystemTests.IsSeverable_Abstract_False" methodname="IsSeverable_Abstract_False" classname="CavesOfOoo.Tests.BodyPartSystemTests" runstate="Runnable" seed="1717415480" result="Passed" start-time="2026-04-11 01:52:52Z" end-time="2026-04-11 01:52:52Z" duration="0.000041" asserts="0">
              <properties>
                <property name="retryIteration" value="0" />
                <property name="repeatIteration" value="0" />
              </properties>
            </test-case>
            <test-case id="1070" name="IsSeverable_AppendageNonIntegral_True" fullname="CavesOfOoo.Tests.BodyPartSystemTests.IsSeverable_AppendageNonIntegral_True" methodname="IsSeverable_AppendageNonIntegral_True" classname="CavesOfOoo.Tests.BodyPartSystemTests" runstate="Runnable" seed="1609707507" result="Passed" start-time="2026-04-11 01:52:52Z" end-time="2026-04-11 01:52:52Z" duration="0.000029" asserts="0">
              <properties>
                <property name="retryIteration" value="0" />
                <property name="repeatIteration" value="0" />
              </properties>
            </test-case>
            <test-case id="1072" name="IsSeverable_Integral_False" fullname="CavesOfOoo.Tests.BodyPartSystemTests.IsSeverable_Integral_False" methodname="IsSeverable_Integral_False" classname="CavesOfOoo.Tests.BodyPartSystemTests" runstate="Runnable" seed="1369610381" result="Passed" start-time="2026-04-11 01:52:52Z" end-time="2026-04-11 01:52:52Z" duration="0.000038" asserts="0">
              <properties>
                <property name="retryIteration" value="0" />
                <property name="repeatIteration" value="0" />
              </properties>
            </test-case>
            <test-case id="1073" name="IsSeverable_WithDependsOn_False" fullname="CavesOfOoo.Tests.BodyPartSystemTests.IsSeverable_WithDependsOn_False" methodname="IsSeverable_WithDependsOn_False" classname="CavesOfOoo.Tests.BodyPartSystemTests" runstate="Runnable" seed="942073347" result="Passed" start-time="2026-04-11 01:52:52Z" end-time="2026-04-11 01:52:52Z" duration="0.000031" asserts="0">
              <properties>
                <property name="retryIteration" value="0" />
                <property name="repeatIteration" value="0" />
              </properties>
            </test-case>
            <test-case id="1066" name="Laterality_ANY_MatchesEverything" fullname="CavesOfOoo.Tests.BodyPartSystemTests.Laterality_ANY_MatchesEverything" methodname="Laterality_ANY_MatchesEverything" classname="CavesOfOoo.Tests.BodyPartSystemTests" runstate="Runnable" seed="1567947923" result="Passed" start-time="2026-04-11 01:52:52Z" end-time="2026-04-11 01:52:52Z" duration="0.000026" asserts="0">
              <properties>
                <property name="retryIteration" value="0" />
                <property name="repeatIteration" value="0" />
              </properties>
            </test-case>
            <test-case id="1064" name="Laterality_GetAdjective_ReturnsCorrectString" fullname="CavesOfOoo.Tests.BodyPartSystemTests.Laterality_GetAdjective_ReturnsCorrectString" methodname="Laterality_GetAdjective_ReturnsCorrectString" classname="CavesOfOoo.Tests.BodyPartSystemTests" runstate="Runnable" seed="1385263399" result="Passed" start-time="2026-04-11 01:52:52Z" end-time="2026-04-11 01:52:52Z" duration="0.000040" asserts="0">
              <properties>
                <property name="retryIteration" value="0" />
                <property name="repeatIteration" value="0" />
              </properties>
            </test-case>
            <test-case id="1065" name="Laterality_Match_HandlesCompoundLaterality" fullname="CavesOfOoo.Tests.BodyPartSystemTests.Laterality_Match_HandlesCompoundLaterality" methodname="Laterality_Match_HandlesCompoundLaterality" classname="CavesOfOoo.Tests.BodyPartSystemTests" runstate="Runnable" seed="1685566423" result="Passed" start-time="2026-04-11 01:52:52Z" end-time="2026-04-11 01:52:52Z" duration="0.000027" asserts="0">
              <properties>
                <property name="retryIteration" value="0" />
                <property name="repeatIteration" value="0" />
              </properties>
            </test-case>
            <test-case id="1102" name="MobilityPenalty_IncreasesWhenFeetDismembered" fullname="CavesOfOoo.Tests.BodyPartSystemTests.MobilityPenalty_IncreasesWhenFeetDismembered" methodname="MobilityPenalty_IncreasesWhenFeetDismembered" classname="CavesOfOoo.Tests.BodyPartSystemTests" runstate="Runnable" seed="620372494" result="Passed" start-time="2026-04-11 01:52:52Z" end-time="2026-04-11 01:52:52Z" duration="0.000250" asserts="0">
              <properties>
                <property name="retryIteration" value="0" />
                <property name="repeatIteration" value="0" />
              </properties>
              <output><![CDATA[[Combat] test creature's feet is severed!
]]></output>
            </test-case>
            <test-case id="1101" name="MobilityPenalty_ZeroWhenIntact" fullname="CavesOfOoo.Tests.BodyPartSystemTests.MobilityPenalty_ZeroWhenIntact" methodname="MobilityPenalty_ZeroWhenIntact" classname="CavesOfOoo.Tests.BodyPartSystemTests" runstate="Runnable" seed="2081735670" result="Passed" start-time="2026-04-11 01:52:52Z" end-time="2026-04-11 01:52:52Z" duration="0.000036" asserts="0">
              <properties>
                <property name="retryIteration" value="0" />
                <property name="repeatIteration" value="0" />
              </properties>
            </test-case>
            <test-case id="1096" name="RegenerateLimb_PreferredType" fullname="CavesOfOoo.Tests.BodyPartSystemTests.RegenerateLimb_PreferredType" methodname="RegenerateLimb_PreferredType" classname="CavesOfOoo.Tests.BodyPartSystemTests" runstate="Runnable" seed="1455697151" result="Passed" start-time="2026-04-11 01:52:52Z" end-time="2026-04-11 01:52:52Z" duration="0.000740" asserts="0">
              <properties>
                <property name="retryIteration" value="0" />
                <property name="repeatIteration" value="0" />
              </properties>
              <output><![CDATA[[Combat] test creature's left arm is severed!
[Combat] test creature's feet is severed!
[Combat] test creature regenerates feet!
]]></output>
            </test-case>
            <test-case id="1095" name="RegenerateLimb_ReattachesDismemberedPart" fullname="CavesOfOoo.Tests.BodyPartSystemTests.RegenerateLimb_ReattachesDismemberedPart" methodname="RegenerateLimb_ReattachesDismemberedPart" classname="CavesOfOoo.Tests.BodyPartSystemTests" runstate="Runnable" seed="445326017" result="Passed" start-time="2026-04-11 01:52:52Z" end-time="2026-04-11 01:52:52Z" duration="0.000433" asserts="0">
              <properties>
                <property name="retryIteration" value="0" />
                <property name="repeatIteration" value="0" />
              </properties>
              <output><![CDATA[[Combat] test creature's left arm is severed!
[Combat] test creature regenerates a left arm!
]]></output>
            </test-case>
            <test-case id="1060" name="RemovePart_ClearsParent" fullname="CavesOfOoo.Tests.BodyPartSystemTests.RemovePart_ClearsParent" methodname="RemovePart_ClearsParent" classname="CavesOfOoo.Tests.BodyPartSystemTests" runstate="Runnable" seed="1569649034" result="Passed" start-time="2026-04-11 01:52:52Z" end-time="2026-04-11 01:52:52Z" duration="0.000054" asserts="0">
              <properties>
                <property name="retryIteration" value="0" />
                <property name="repeatIteration" value="0" />
              </properties>
            </test-case>
            <test-case id="1083" name="RemovePartsByManager_IgnoresOtherParts" fullname="CavesOfOoo.Tests.BodyPartSystemTests.RemovePartsByManager_IgnoresOtherParts" methodname="RemovePartsByManager_IgnoresOtherParts" classname="CavesOfOoo.Tests.BodyPartSystemTests" runstate="Runnable" seed="440741914" result="Passed" start-time="2026-04-11 01:52:52Z" end-time="2026-04-11 01:52:52Z" duration="0.000034" asserts="0">
              <properties>
                <property name="retryIteration" value="0" />
                <property name="repeatIteration" value="0" />
              </properties>
            </test-case>
            <test-case id="1099" name="RemovePartsByManager_RemovesFromBody" fullname="CavesOfOoo.Tests.BodyPartSystemTests.RemovePartsByManager_RemovesFromBody" methodname="RemovePartsByManager_RemovesFromBody" classname="CavesOfOoo.Tests.BodyPartSystemTests" runstate="Runnable" seed="751057448" result="Passed" start-time="2026-04-11 01:52:52Z" end-time="2026-04-11 01:52:52Z" duration="0.000059" asserts="0">
              <properties>
                <property name="retryIteration" value="0" />
                <property name="repeatIteration" value="0" />
              </properties>
            </test-case>
            <test-case id="1082" name="RemovePartsByManager_RemovesTaggedParts" fullname="CavesOfOoo.Tests.BodyPartSystemTests.RemovePartsByManager_RemovesTaggedParts" methodname="RemovePartsByManager_RemovesTaggedParts" classname="CavesOfOoo.Tests.BodyPartSystemTests" runstate="Runnable" seed="383687133" result="Passed" start-time="2026-04-11 01:52:52Z" end-time="2026-04-11 01:52:52Z" duration="0.000070" asserts="0">
              <properties>
                <property name="retryIteration" value="0" />
                <property name="repeatIteration" value="0" />
              </properties>
            </test-case>
            <test-case id="1138" name="SelectHitLocation_ExcludesZeroWeightParts" fullname="CavesOfOoo.Tests.BodyPartSystemTests.SelectHitLocation_ExcludesZeroWeightParts" methodname="SelectHitLocation_ExcludesZeroWeightParts" classname="CavesOfOoo.Tests.BodyPartSystemTests" runstate="Runnable" seed="209950965" result="Passed" start-time="2026-04-11 01:52:52Z" end-time="2026-04-11 01:52:52Z" duration="0.000375" asserts="0">
              <properties>
                <property name="retryIteration" value="0" />
                <property name="repeatIteration" value="0" />
              </properties>
            </test-case>
            <test-case id="1137" name="SelectHitLocation_ReturnsNonAbstractPart" fullname="CavesOfOoo.Tests.BodyPartSystemTests.SelectHitLocation_ReturnsNonAbstractPart" methodname="SelectHitLocation_ReturnsNonAbstractPart" classname="CavesOfOoo.Tests.BodyPartSystemTests" runstate="Runnable" seed="828912266" result="Passed" start-time="2026-04-11 01:52:52Z" end-time="2026-04-11 01:52:52Z" duration="0.000290" asserts="0">
              <properties>
                <property name="retryIteration" value="0" />
                <property name="repeatIteration" value="0" />
              </properties>
            </test-case>
            <test-case id="1139" name="SelectHitLocation_ReturnsNullWhenNoValidTargets" fullname="CavesOfOoo.Tests.BodyPartSystemTests.SelectHitLocation_ReturnsNullWhenNoValidTargets" methodname="SelectHitLocation_ReturnsNullWhenNoValidTargets" classname="CavesOfOoo.Tests.BodyPartSystemTests" runstate="Runnable" seed="795205062" result="Passed" start-time="2026-04-11 01:52:52Z" end-time="2026-04-11 01:52:52Z" duration="0.000057" asserts="0">
              <properties>
                <property name="retryIteration" value="0" />
                <property name="repeatIteration" value="0" />
              </properties>
            </test-case>
            <test-case id="1074" name="SetEquipped_SetsFirstSlotFlag" fullname="CavesOfOoo.Tests.BodyPartSystemTests.SetEquipped_SetsFirstSlotFlag" methodname="SetEquipped_SetsFirstSlotFlag" classname="CavesOfOoo.Tests.BodyPartSystemTests" runstate="Runnable" seed="941624453" result="Passed" start-time="2026-04-11 01:52:52Z" end-time="2026-04-11 01:52:52Z" duration="0.000043" asserts="0">
              <properties>
                <property name="retryIteration" value="0" />
                <property name="repeatIteration" value="0" />
              </properties>
            </test-case>
            <test-case id="1115" name="SeveredLimb_CreatedOnDismemberWithZone" fullname="CavesOfOoo.Tests.BodyPartSystemTests.SeveredLimb_CreatedOnDismemberWithZone" methodname="SeveredLimb_CreatedOnDismemberWithZone" classname="CavesOfOoo.Tests.BodyPartSystemTests" runstate="Runnable" seed="917122385" result="Passed" start-time="2026-04-11 01:52:52Z" end-time="2026-04-11 01:52:52Z" duration="0.000489" asserts="0">
              <properties>
                <property name="retryIteration" value="0" />
                <property name="repeatIteration" value="0" />
              </properties>
              <output><![CDATA[[Combat] test creature's left arm is severed!
]]></output>
            </test-case>
            <test-case id="1116" name="SeveredLimb_HasCorrectDisplayName" fullname="CavesOfOoo.Tests.BodyPartSystemTests.SeveredLimb_HasCorrectDisplayName" methodname="SeveredLimb_HasCorrectDisplayName" classname="CavesOfOoo.Tests.BodyPartSystemTests" runstate="Runnable" seed="2030514932" result="Passed" start-time="2026-04-11 01:52:52Z" end-time="2026-04-11 01:52:52Z" duration="0.000470" asserts="0">
              <properties>
                <property name="retryIteration" value="0" />
                <property name="repeatIteration" value="0" />
              </properties>
              <output><![CDATA[[Combat] test creature's left arm is severed!
]]></output>
            </test-case>
            <test-case id="1118" name="SeveredLimb_HasSeveredLimbPart" fullname="CavesOfOoo.Tests.BodyPartSystemTests.SeveredLimb_HasSeveredLimbPart" methodname="SeveredLimb_HasSeveredLimbPart" classname="CavesOfOoo.Tests.BodyPartSystemTests" runstate="Runnable" seed="2038231267" result="Passed" start-time="2026-04-11 01:52:52Z" end-time="2026-04-11 01:52:52Z" duration="0.000466" asserts="0">
              <properties>
                <property name="retryIteration" value="0" />
                <property name="repeatIteration" value="0" />
              </properties>
              <output><![CDATA[[Combat] test creature's left arm is severed!
]]></output>
            </test-case>
            <test-case id="1120" name="SeveredLimb_HeadGetsPercentGlyph" fullname="CavesOfOoo.Tests.BodyPartSystemTests.SeveredLimb_HeadGetsPercentGlyph" methodname="SeveredLimb_HeadGetsPercentGlyph" classname="CavesOfOoo.Tests.BodyPartSystemTests" runstate="Runnable" seed="1379048856" result="Passed" start-time="2026-04-11 01:52:52Z" end-time="2026-04-11 01:52:52Z" duration="0.000685" asserts="0">
              <properties>
                <property name="retryIteration" value="0" />
                <property name="repeatIteration" value="0" />
              </properties>
              <output><![CDATA[[Combat] test creature's head is severed!
[Combat] test creature is killed by something!
]]></output>
            </test-case>
            <test-case id="1117" name="SeveredLimb_IsTakeable" fullname="CavesOfOoo.Tests.BodyPartSystemTests.SeveredLimb_IsTakeable" methodname="SeveredLimb_IsTakeable" classname="CavesOfOoo.Tests.BodyPartSystemTests" runstate="Runnable" seed="653794105" result="Passed" start-time="2026-04-11 01:52:52Z" end-time="2026-04-11 01:52:52Z" duration="0.000455" asserts="0">
              <properties>
                <property name="retryIteration" value="0" />
                <property name="repeatIteration" value="0" />
              </properties>
              <output><![CDATA[[Combat] test creature's left arm is severed!
]]></output>
            </test-case>
            <test-case id="1119" name="SeveredLimb_NotCreatedWithoutZone" fullname="CavesOfOoo.Tests.BodyPartSystemTests.SeveredLimb_NotCreatedWithoutZone" methodname="SeveredLimb_NotCreatedWithoutZone" classname="CavesOfOoo.Tests.BodyPartSystemTests" runstate="Runnable" seed="1171999080" result="Passed" start-time="2026-04-11 01:52:52Z" end-time="2026-04-11 01:52:52Z" duration="0.000231" asserts="0">
              <properties>
                <property name="retryIteration" value="0" />
                <property name="repeatIteration" value="0" />
              </properties>
              <output><![CDATA[[Combat] test creature's left arm is severed!
]]></output>
            </test-case>
            <test-case id="1105" name="UnequipFromBodyPart_ClearsAllSlots" fullname="CavesOfOoo.Tests.BodyPartSystemTests.UnequipFromBodyPart_ClearsAllSlots" methodname="UnequipFromBodyPart_ClearsAllSlots" classname="CavesOfOoo.Tests.BodyPartSystemTests" runstate="Runnable" seed="814601164" result="Passed" start-time="2026-04-11 01:52:52Z" end-time="2026-04-11 01:52:52Z" duration="0.000106" asserts="0">
              <properties>
                <property name="retryIteration" value="0" />
                <property name="repeatIteration" value="0" />
              </properties>
            </test-case>
          </test-suite>
          <test-suite type="TestFixture" id="1996" name="CameraFollowOverrideTests" fullname="CavesOfOoo.Tests.CameraFollowOverrideTests" classname="CavesOfOoo.Tests.CameraFollowOverrideTests" runstate="Runnable" testcasecount="2" result="Passed" start-time="2026-04-11 01:52:52Z" end-time="2026-04-11 01:52:52Z" duration="0.003018" total="2" passed="2" failed="0" inconclusive="0" skipped="0" asserts="0">
            <properties />
            <test-case id="1998" name="OverrideTarget_BeyondViewportMargin_PansCamera_AndClearsBackToPlayer" fullname="CavesOfOoo.Tests.CameraFollowOverrideTests.OverrideTarget_BeyondViewportMargin_PansCamera_AndClearsBackToPlayer" methodname="OverrideTarget_BeyondViewportMargin_PansCamera_AndClearsBackToPlayer" classname="CavesOfOoo.Tests.CameraFollowOverrideTests" runstate="Runnable" seed="2057399629" result="Passed" start-time="2026-04-11 01:52:52Z" end-time="2026-04-11 01:52:52Z" duration="0.001090" asserts="0">
              <properties>
                <property name="retryIteration" value="0" />
                <property name="repeatIteration" value="0" />
              </properties>
            </test-case>
            <test-case id="1997" name="OverrideTarget_WithinViewportMargin_DoesNotRecentreCamera" fullname="CavesOfOoo.Tests.CameraFollowOverrideTests.OverrideTarget_WithinViewportMargin_DoesNotRecentreCamera" methodname="OverrideTarget_WithinViewportMargin_DoesNotRecentreCamera" classname="CavesOfOoo.Tests.CameraFollowOverrideTests" runstate="Runnable" seed="1259850787" result="Passed" start-time="2026-04-11 01:52:52Z" end-time="2026-04-11 01:52:52Z" duration="0.000318" asserts="0">
              <properties>
                <property name="retryIteration" value="0" />
                <property name="repeatIteration" value="0" />
              </properties>
            </test-case>
          </test-suite>
          <test-suite type="TestFixture" id="1795" name="CampfirePartTests" fullname="CavesOfOoo.Tests.CampfirePartTests" classname="CavesOfOoo.Tests.CampfirePartTests" runstate="Runnable" testcasecount="4" result="Failed" site="Child" start-time="2026-04-11 01:52:52Z" end-time="2026-04-11 01:52:52Z" duration="0.004823" total="4" passed="3" failed="1" inconclusive="0" skipped="0" asserts="0">
            <properties />
            <failure>
              <message><![CDATA[One or more child tests had errors]]></message>
            </failure>
            <test-case id="1796" name="CampfireFlickers_BetweenRedAndYellow" fullname="CavesOfOoo.Tests.CampfirePartTests.CampfireFlickers_BetweenRedAndYellow" methodname="CampfireFlickers_BetweenRedAndYellow" classname="CavesOfOoo.Tests.CampfirePartTests" runstate="Runnable" seed="1249480806" result="Failed" start-time="2026-04-11 01:52:52Z" end-time="2026-04-11 01:52:52Z" duration="0.000685" asserts="0">
              <properties>
                <property name="retryIteration" value="0" />
                <property name="repeatIteration" value="0" />
              </properties>
              <failure>
                <message><![CDATA[  Should have red frames
  Expected: greater than 0
  But was:  0
]]></message>
                <stack-trace><![CDATA[at CavesOfOoo.Tests.CampfirePartTests.CampfireFlickers_BetweenRedAndYellow () [0x0004f] in /Users/steven/caves-of-ooo/Assets/Tests/EditMode/Gameplay/Settlements/CampfirePartTests.cs:40
]]></stack-trace>
              </failure>
            </test-case>
[...]
              <properties>
                <property name="retryIteration" value="0" />
                <property name="repeatIteration" value="0" />
              </properties>
            </test-case>
          </test-suite>
          <test-suite type="TestFixture" id="1974" name="ZoneConnectionTests" fullname="CavesOfOoo.Tests.ZoneConnectionTests" classname="CavesOfOoo.Tests.ZoneConnectionTests" runstate="Runnable" testcasecount="7" result="Passed" start-time="2026-04-11 01:52:53Z" end-time="2026-04-11 01:52:53Z" duration="0.005021" total="7" passed="7" failed="0" inconclusive="0" skipped="0" asserts="0">
            <properties />
            <test-case id="1978" name="GetConnections_ReturnsEmptyForUnknownZone" fullname="CavesOfOoo.Tests.ZoneConnectionTests.GetConnections_ReturnsEmptyForUnknownZone" methodname="GetConnections_ReturnsEmptyForUnknownZone" classname="CavesOfOoo.Tests.ZoneConnectionTests" runstate="Runnable" seed="2095694123" result="Passed" start-time="2026-04-11 01:52:53Z" end-time="2026-04-11 01:52:53Z" duration="0.000249" asserts="0">
              <properties>
                <property name="retryIteration" value="0" />
                <property name="repeatIteration" value="0" />
              </properties>
            </test-case>
            <test-case id="1977" name="GetConnectionsTo_FiltersCorrectly" fullname="CavesOfOoo.Tests.ZoneConnectionTests.GetConnectionsTo_FiltersCorrectly" methodname="GetConnectionsTo_FiltersCorrectly" classname="CavesOfOoo.Tests.ZoneConnectionTests" runstate="Runnable" seed="2125526959" result="Passed" start-time="2026-04-11 01:52:53Z" end-time="2026-04-11 01:52:53Z" duration="0.000134" asserts="0">
              <properties>
                <property name="retryIteration" value="0" />
                <property name="repeatIteration" value="0" />
              </properties>
            </test-case>
            <test-case id="1981" name="GetZoneTier_CapsAt8" fullname="CavesOfOoo.Tests.ZoneConnectionTests.GetZoneTier_CapsAt8" methodname="GetZoneTier_CapsAt8" classname="CavesOfOoo.Tests.ZoneConnectionTests" runstate="Runnable" seed="1496237128" result="Passed" start-time="2026-04-11 01:52:53Z" end-time="2026-04-11 01:52:53Z" duration="0.000111" asserts="0">
              <properties>
                <property name="retryIteration" value="0" />
                <property name="repeatIteration" value="0" />
              </properties>
            </test-case>
            <test-case id="1980" name="GetZoneTier_ScalesByDepth" fullname="CavesOfOoo.Tests.ZoneConnectionTests.GetZoneTier_ScalesByDepth" methodname="GetZoneTier_ScalesByDepth" classname="CavesOfOoo.Tests.ZoneConnectionTests" runstate="Runnable" seed="1888955699" result="Passed" start-time="2026-04-11 01:52:53Z" end-time="2026-04-11 01:52:53Z" duration="0.000100" asserts="0">
              <properties>
                <property name="retryIteration" value="0" />
                <property name="repeatIteration" value="0" />
              </properties>
            </test-case>
            <test-case id="1979" name="GetZoneTier_SurfaceIsTier1" fullname="CavesOfOoo.Tests.ZoneConnectionTests.GetZoneTier_SurfaceIsTier1" methodname="GetZoneTier_SurfaceIsTier1" classname="CavesOfOoo.Tests.ZoneConnectionTests" runstate="Runnable" seed="1950288166" result="Passed" start-time="2026-04-11 01:52:53Z" end-time="2026-04-11 01:52:53Z" duration="0.000081" asserts="0">
              <properties>
                <property name="retryIteration" value="0" />
                <property name="repeatIteration" value="0" />
              </properties>
            </test-case>
            <test-case id="1976" name="RegisterConnection_IndexedByBothSourceAndTarget" fullname="CavesOfOoo.Tests.ZoneConnectionTests.RegisterConnection_IndexedByBothSourceAndTarget" methodname="RegisterConnection_IndexedByBothSourceAndTarget" classname="CavesOfOoo.Tests.ZoneConnectionTests" runstate="Runnable" seed="448414789" result="Passed" start-time="2026-04-11 01:52:53Z" end-time="2026-04-11 01:52:53Z" duration="0.000096" asserts="0">
              <properties>
                <property name="retryIteration" value="0" />
                <property name="repeatIteration" value="0" />
              </properties>
            </test-case>
            <test-case id="1975" name="RegisterConnection_StoresConnection" fullname="CavesOfOoo.Tests.ZoneConnectionTests.RegisterConnection_StoresConnection" methodname="RegisterConnection_StoresConnection" classname="CavesOfOoo.Tests.ZoneConnectionTests" runstate="Runnable" seed="684513356" result="Passed" start-time="2026-04-11 01:52:53Z" end-time="2026-04-11 01:52:53Z" duration="0.000090" asserts="0">
              <properties>
                <property name="retryIteration" value="0" />
                <property name="repeatIteration" value="0" />
              </properties>
            </test-case>
          </test-suite>
          <test-suite type="TestFixture" id="1871" name="ZoneGenerationTests" fullname="CavesOfOoo.Tests.ZoneGenerationTests" classname="CavesOfOoo.Tests.ZoneGenerationTests" runstate="Runnable" testcasecount="18" result="Passed" start-time="2026-04-11 01:52:53Z" end-time="2026-04-11 01:52:53Z" duration="0.258023" total="18" passed="18" failed="0" inconclusive="0" skipped="0" asserts="0">
            <properties />
            <test-case id="1879" name="CaveBuilder_FloorAndRubblePlaced" fullname="CavesOfOoo.Tests.ZoneGenerationTests.CaveBuilder_FloorAndRubblePlaced" methodname="CaveBuilder_FloorAndRubblePlaced" classname="CavesOfOoo.Tests.ZoneGenerationTests" runstate="Runnable" seed="497605156" result="Passed" start-time="2026-04-11 01:52:53Z" end-time="2026-04-11 01:52:53Z" duration="0.014532" asserts="0">
              <properties>
                <property name="retryIteration" value="0" />
                <property name="repeatIteration" value="0" />
              </properties>
            </test-case>
            <test-case id="1878" name="CaveBuilder_ProducesWallsAndOpenCells" fullname="CavesOfOoo.Tests.ZoneGenerationTests.CaveBuilder_ProducesWallsAndOpenCells" methodname="CaveBuilder_ProducesWallsAndOpenCells" classname="CavesOfOoo.Tests.ZoneGenerationTests" runstate="Runnable" seed="1215648852" result="Passed" start-time="2026-04-11 01:52:53Z" end-time="2026-04-11 01:52:53Z" duration="0.014410" asserts="0">
              <properties>
                <property name="retryIteration" value="0" />
                <property name="repeatIteration" value="0" />
              </properties>
            </test-case>
            <test-case id="1873" name="CellularAutomata_Borders_AreAlwaysWalls" fullname="CavesOfOoo.Tests.ZoneGenerationTests.CellularAutomata_Borders_AreAlwaysWalls" methodname="CellularAutomata_Borders_AreAlwaysWalls" classname="CavesOfOoo.Tests.ZoneGenerationTests" runstate="Runnable" seed="2145067047" result="Passed" start-time="2026-04-11 01:52:53Z" end-time="2026-04-11 01:52:53Z" duration="0.000864" asserts="0">
              <properties>
                <property name="retryIteration" value="0" />
                <property name="repeatIteration" value="0" />
              </properties>
            </test-case>
            <test-case id="1874" name="CellularAutomata_Deterministic_SameSeedSameResult" fullname="CavesOfOoo.Tests.ZoneGenerationTests.CellularAutomata_Deterministic_SameSeedSameResult" methodname="CellularAutomata_Deterministic_SameSeedSameResult" classname="CavesOfOoo.Tests.ZoneGenerationTests" runstate="Runnable" seed="1425635010" result="Passed" start-time="2026-04-11 01:52:53Z" end-time="2026-04-11 01:52:53Z" duration="0.002209" asserts="0">
              <properties>
                <property name="retryIteration" value="0" />
                <property name="repeatIteration" value="0" />
              </properties>
            </test-case>
            <test-case id="1875" name="CellularAutomata_DifferentSeeds_DifferentResults" fullname="CavesOfOoo.Tests.ZoneGenerationTests.CellularAutomata_DifferentSeeds_DifferentResults" methodname="CellularAutomata_DifferentSeeds_DifferentResults" classname="CavesOfOoo.Tests.ZoneGenerationTests" runstate="Runnable" seed="1236726402" result="Passed" start-time="2026-04-11 01:52:53Z" end-time="2026-04-11 01:52:53Z" duration="0.000710" asserts="0">
              <properties>
                <property name="retryIteration" value="0" />
                <property name="repeatIteration" value="0" />
              </properties>
            </test-case>
            <test-case id="1872" name="CellularAutomata_Generate_ProducesWallsAndOpenSpace" fullname="CavesOfOoo.Tests.ZoneGenerationTests.CellularAutomata_Generate_ProducesWallsAndOpenSpace" methodname="CellularAutomata_Generate_ProducesWallsAndOpenSpace" classname="CavesOfOoo.Tests.ZoneGenerationTests" runstate="Runnable" seed="1563155112" result="Passed" start-time="2026-04-11 01:52:53Z" end-time="2026-04-11 01:52:53Z" duration="0.000511" asserts="0">
              <properties>
                <property name="retryIteration" value="0" />
                <property name="repeatIteration" value="0" />
              </properties>
            </test-case>
            <test-case id="1880" name="ConnectivityBuilder_AllOpenCellsReachable" fullname="CavesOfOoo.Tests.ZoneGenerationTests.ConnectivityBuilder_AllOpenCellsReachable" methodname="ConnectivityBuilder_AllOpenCellsReachable" classname="CavesOfOoo.Tests.ZoneGenerationTests" runstate="Runnable" seed="499910796" result="Passed" start-time="2026-04-11 01:52:53Z" end-time="2026-04-11 01:52:53Z" duration="0.015654" asserts="0">
              <properties>
                <property name="retryIteration" value="0" />
                <property name="repeatIteration" value="0" />
              </properties>
            </test-case>
            <test-case id="1884" name="FullPipeline_DeterministicWithSameSeed" fullname="CavesOfOoo.Tests.ZoneGenerationTests.FullPipeline_DeterministicWithSameSeed" methodname="FullPipeline_DeterministicWithSameSeed" classname="CavesOfOoo.Tests.ZoneGenerationTests" runstate="Runnable" seed="666171759" result="Passed" start-time="2026-04-11 01:52:53Z" end-time="2026-04-11 01:52:53Z" duration="0.034733" asserts="0">
              <properties>
                <property name="retryIteration" value="0" />
                <property name="repeatIteration" value="0" />
              </properties>
            </test-case>
            <test-case id="1885" name="FullPipeline_EdgesHavePassableCells" fullname="CavesOfOoo.Tests.ZoneGenerationTests.FullPipeline_EdgesHavePassableCells" methodname="FullPipeline_EdgesHavePassableCells" classname="CavesOfOoo.Tests.ZoneGenerationTests" runstate="Runnable" seed="208790881" result="Passed" start-time="2026-04-11 01:52:53Z" end-time="2026-04-11 01:52:53Z" duration="0.014567" asserts="0">
              <properties>
                <property name="retryIteration" value="0" />
                <property name="repeatIteration" value="0" />
              </properties>
            </test-case>
            <test-case id="1883" name="PopulationBuilder_PlacesCreaturesInOpenCells" fullname="CavesOfOoo.Tests.ZoneGenerationTests.PopulationBuilder_PlacesCreaturesInOpenCells" methodname="PopulationBuilder_PlacesCreaturesInOpenCells" classname="CavesOfOoo.Tests.ZoneGenerationTests" runstate="Runnable" seed="1474978542" result="Passed" start-time="2026-04-11 01:52:53Z" end-time="2026-04-11 01:52:53Z" duration="0.014977" asserts="0">
              <properties>
                <property name="retryIteration" value="0" />
                <property name="repeatIteration" value="0" />
              </properties>
            </test-case>
            <test-case id="1882" name="PopulationTable_Roll_Deterministic" fullname="CavesOfOoo.Tests.ZoneGenerationTests.PopulationTable_Roll_Deterministic" methodname="PopulationTable_Roll_Deterministic" classname="CavesOfOoo.Tests.ZoneGenerationTests" runstate="Runnable" seed="2080408251" result="Passed" start-time="2026-04-11 01:52:53Z" end-time="2026-04-11 01:52:53Z" duration="0.000722" asserts="0">
              <properties>
                <property name="retryIteration" value="0" />
                <property name="repeatIteration" value="0" />
              </properties>
            </test-case>
            <test-case id="1881" name="PopulationTable_Roll_ProducesBlueprintNames" fullname="CavesOfOoo.Tests.ZoneGenerationTests.PopulationTable_Roll_ProducesBlueprintNames" methodname="PopulationTable_Roll_ProducesBlueprintNames" classname="CavesOfOoo.Tests.ZoneGenerationTests" runstate="Runnable" seed="1357820613" result="Passed" start-time="2026-04-11 01:52:53Z" end-time="2026-04-11 01:52:53Z" duration="0.000356" asserts="0">
              <properties>
                <property name="retryIteration" value="0" />
                <property name="repeatIteration" value="0" />
              </properties>
            </test-case>
            <test-case id="1877" name="SimpleNoise_Deterministic" fullname="CavesOfOoo.Tests.ZoneGenerationTests.SimpleNoise_Deterministic" methodname="SimpleNoise_Deterministic" classname="CavesOfOoo.Tests.ZoneGenerationTests" runstate="Runnable" seed="299356254" result="Passed" start-time="2026-04-11 01:52:53Z" end-time="2026-04-11 01:52:53Z" duration="0.002493" asserts="0">
              <properties>
                <property name="retryIteration" value="0" />
                <property name="repeatIteration" value="0" />
              </properties>
            </test-case>
            <test-case id="1876" name="SimpleNoise_GenerateField_ValuesInRange" fullname="CavesOfOoo.Tests.ZoneGenerationTests.SimpleNoise_GenerateField_ValuesInRange" methodname="SimpleNoise_GenerateField_ValuesInRange" classname="CavesOfOoo.Tests.ZoneGenerationTests" runstate="Runnable" seed="1559169157" result="Passed" start-time="2026-04-11 01:52:53Z" end-time="2026-04-11 01:52:53Z" duration="0.003718" asserts="0">
              <properties>
                <property name="retryIteration" value="0" />
                <property name="repeatIteration" value="0" />
              </properties>
            </test-case>
            <test-case id="1887" name="ZoneManager_DifferentZoneIDs_DifferentZones" fullname="CavesOfOoo.Tests.ZoneGenerationTests.ZoneManager_DifferentZoneIDs_DifferentZones" methodname="ZoneManager_DifferentZoneIDs_DifferentZones" classname="CavesOfOoo.Tests.ZoneGenerationTests" runstate="Runnable" seed="336441035" result="Passed" start-time="2026-04-11 01:52:53Z" end-time="2026-04-11 01:52:53Z" duration="0.029678" asserts="0">
              <properties>
                <property name="retryIteration" value="0" />
                <property name="repeatIteration" value="0" />
              </properties>
            </test-case>
            <test-case id="1886" name="ZoneManager_GetZone_GeneratesAndCaches" fullname="CavesOfOoo.Tests.ZoneGenerationTests.ZoneManager_GetZone_GeneratesAndCaches" methodname="ZoneManager_GetZone_GeneratesAndCaches" classname="CavesOfOoo.Tests.ZoneGenerationTests" runstate="Runnable" seed="1381494319" result="Passed" start-time="2026-04-11 01:52:53Z" end-time="2026-04-11 01:52:53Z" duration="0.015476" asserts="0">
              <properties>
                <property name="retryIteration" value="0" />
                <property name="repeatIteration" value="0" />
              </properties>
            </test-case>
            <test-case id="1888" name="ZoneManager_SameSeed_DeterministicGeneration" fullname="CavesOfOoo.Tests.ZoneGenerationTests.ZoneManager_SameSeed_DeterministicGeneration" methodname="ZoneManager_SameSeed_DeterministicGeneration" classname="CavesOfOoo.Tests.ZoneGenerationTests" runstate="Runnable" seed="182491221" result="Passed" start-time="2026-04-11 01:52:53Z" end-time="2026-04-11 01:52:53Z" duration="0.048015" asserts="0">
              <properties>
                <property name="retryIteration" value="0" />
                <property name="repeatIteration" value="0" />
              </properties>
            </test-case>
            <test-case id="1889" name="ZoneManager_UnloadZone_RemovesFromCache" fullname="CavesOfOoo.Tests.ZoneGenerationTests.ZoneManager_UnloadZone_RemovesFromCache" methodname="ZoneManager_UnloadZone_RemovesFromCache" classname="CavesOfOoo.Tests.ZoneGenerationTests" runstate="Runnable" seed="229821536" result="Passed" start-time="2026-04-11 01:52:53Z" end-time="2026-04-11 01:52:53Z" duration="0.041576" asserts="0">
              <properties>
                <property name="retryIteration" value="0" />
                <property name="repeatIteration" value="0" />
              </properties>
              <output><![CDATA[<b><color=#2EA3FF>MCP-FOR-UNITY</color></b>: [TestRunnerNoThrottle] Restored Interaction Mode after test run.
Saving results to: /Users/steven/Library/Application Support/DefaultCompany/caves-of-ooo/TestResults.xml
]]></output>
            </test-case>
          </test-suite>
        </test-suite>
      </test-suite>
    </test-suite>
  </test-suite>
</test-run>


create and brainstorm genuinely fun and different modifications to caves of qud that could be incorporated into a new caves of qud type game

create and brainstorm 15 genuinely fun and different modifications to caves of qud that could be incorporated into a new caves of qud type game. this includes different combat systems, social systems, weapons, damage systems, skill systems, etc. 



You've already brainstormed these ideas:Tidal Civilization Engine — Binary moons cause extreme tides that submerge/expose entire biomes on a cycle, splitting gameplay between seabed scavenging and archipelago navigation

Instrument-Based Combat — Every weapon is a musical instrument; combat revolves around resonance, frequency, and harmonizing with companions

Reputation as Living Mythology — Stories about you mutate as they spread NPC-to-NPC, mechanically affecting how the world reacts to you

Symbiotic Equipment — All gear is alive with moods, hunger, and loyalty; a neglected cloak-moth eats your other items

Vertical Nomad World — Set inside a colossal canyon; all movement is climbing, rappelling, and swinging between cliff-face settlements

Dream Layer — Enter any NPC's procedurally generated dreamscape to steal skills, cure madness, or implant suggestions

Seasons of Mutation — Periodic mutagenic "Blooms" sweep the map, randomly altering terrain, creatures, and entire villages

Barter Chains & Living Currency — No gold; every settlement values different goods, and one ancient faction trades in bottled lifespan

Diegetic UI — Your HUD is a cracked in-world data-tablet that glitches, lags, and can break in combat

Social Combat — Debates and negotiations use an abstract battle-map with rhetorical "weapons" and conviction "hit points"

Companion Lifecycle — NPCs age, develop opinions from shared experiences, fall in love, have children, and can become antagonists if betrayed

Terrain as Crafting Material — Harvest the map itself (bottle fog, scoop lava, compress sand into glass walls) with ecological consequences

Parallel Timeline Mechanic — Play two characters in the same location across two eras; actions in the past reshape the present

Faction Ecology — Factions evolve like species, merging, splitting, and radicalizing based on pressures and player influence

Permadeath Inheritance — Dead characters' bodies, journals, and legacy persist into future runs, layering the world with your history



brainstorm more ideas. However, whenever you brainstorm a list of ideas, toss it out, seed yourself with random data, then re-brainstorm the ideas. then toss those out, seed yourself with random data, then re-brainstorm more ideas and keep those ideas