<?xml version="1.0" encoding="utf-8"?>
<test-run id="2" testcasecount="187" result="Passed" total="187" passed="187" failed="0" inconclusive="0" skipped="0" asserts="0" engine-version="3.5.0.0" clr-version="4.0.30319.42000" start-time="2026-09-19 03:20:42Z" end-time="2026-09-19 03:20:54Z" duration="11.7612983">
  <test-suite type="TestSuite" id="1000" name="Caves of Ooo Regional Verification" fullname="Caves of Ooo Regional Verification" runstate="Runnable" testcasecount="15031" result="Passed" start-time="2026-09-19 03:20:42Z" end-time="2026-09-19 03:20:54Z" duration="11.761298" total="187" passed="187" failed="0" inconclusive="0" skipped="0" asserts="0">
    <properties>
      <property name="platform" value="EditMode" />
    </properties>
    <test-suite type="Assembly" id="18527" name="EditModeTests.dll" fullname="/private/tmp/coo-regional-verification-20260917/Library/ScriptAssemblies/EditModeTests.dll" runstate="Runnable" testcasecount="15031" result="Passed" start-time="2026-09-19 03:20:43Z" end-time="2026-09-19 03:20:54Z" duration="11.616780" total="187" passed="187" failed="0" inconclusive="0" skipped="0" asserts="0">
      <properties>
        <property name="_PID" value="80172" />
        <property name="_APPDOMAIN" value="Unity Child Domain" />
        <property name="platform" value="EditMode" />
        <property name="EditorOnly" value="True" />
      </properties>
      <test-suite type="TestSuite" id="18528" name="CavesOfOoo" fullname="CavesOfOoo" runstate="Runnable" testcasecount="15031" result="Passed" start-time="2026-09-19 03:20:43Z" end-time="2026-09-19 03:20:54Z" duration="11.506754" total="187" passed="187" failed="0" inconclusive="0" skipped="0" asserts="0">
        <properties />
        <test-suite type="TestSuite" id="18529" name="Tests" fullname="CavesOfOoo.Tests" runstate="Runnable" testcasecount="15031" result="Passed" start-time="2026-09-19 03:20:43Z" end-time="2026-09-19 03:20:54Z" duration="11.363770" total="187" passed="187" failed="0" inconclusive="0" skipped="0" asserts="0">
          <properties />
          <test-suite type="TestFixture" id="16144" name="SanctumRenderingTests" fullname="CavesOfOoo.Tests.SanctumRenderingTests" classname="CavesOfOoo.Tests.SanctumRenderingTests" runstate="Runnable" testcasecount="35" result="Passed" start-time="2026-09-19 03:20:43Z" end-time="2026-09-19 03:20:47Z" duration="4.314931" total="35" passed="35" failed="0" inconclusive="0" skipped="0" asserts="0">
            <properties />
            <test-suite type="ParameterizedMethod" id="16180" name="CurrentMapPlaceAuthorityVetoesTheFiniteAddressAndSurvivesRestore" fullname="CavesOfOoo.Tests.SanctumRenderingTests.CurrentMapPlaceAuthorityVetoesTheFiniteAddressAndSurvivesRestore" classname="CavesOfOoo.Tests.SanctumRenderingTests" runstate="Runnable" testcasecount="2" result="Passed" start-time="2026-09-19 03:20:43Z" end-time="2026-09-19 03:20:44Z" duration="0.491225" total="2" passed="2" failed="0" inconclusive="0" skipped="0" asserts="0">
              <properties />
              <test-case id="16178" name="CurrentMapPlaceAuthorityVetoesTheFiniteAddressAndSurvivesRestore(&quot;Overworld.5.4.2&quot;)" fullname="CavesOfOoo.Tests.SanctumRenderingTests.CurrentMapPlaceAuthorityVetoesTheFiniteAddressAndSurvivesRestore(&quot;Overworld.5.4.2&quot;)" methodname="CurrentMapPlaceAuthorityVetoesTheFiniteAddressAndSurvivesRestore" classname="CavesOfOoo.Tests.SanctumRenderingTests" runstate="Runnable" seed="514386732" result="Passed" start-time="2026-09-19 03:20:43Z" end-time="2026-09-19 03:20:43Z" duration="0.352035" asserts="0">
                <properties>
                  <property name="retryIteration" value="0" />
                  <property name="repeatIteration" value="0" />
                </properties>
                <output><![CDATA[[LootTableRegistry] Unknown loot table 'BasketT3'
[LootTableRegistry] Unknown loot table 'HollowLogT3'
[LootTableRegistry] Unknown loot table 'HollowLogT3'
[LootTableRegistry] Unknown loot table 'BasketT3'
[LootTableRegistry] Unknown loot table 'CrateT3'
[LootTableRegistry] Unknown loot table 'OreCacheT3'
[LootTableRegistry] Unknown loot table 'CrateT3'
[LootTableRegistry] Unknown loot table 'CrateT3'
[LootTableRegistry] Unknown loot table 'CrateT3'
[LootTableRegistry] Unknown loot table 'OreCacheT3'
[LootTableRegistry] Unknown loot table 'OreCacheT3'
[LootTableRegistry] Unknown loot table 'BoneCacheT3'
[LootTableRegistry] Unknown loot table 'StrongBoxT3'
[LootTableRegistry] Unknown loot table 'OreCacheT3'
[LootTableRegistry] Unknown loot table 'OreCacheT3'
[LootTableRegistry] Unknown loot table 'StrongBoxT3'
]]></output>
              </test-case>
              <test-case id="16179" name="CurrentMapPlaceAuthorityVetoesTheFiniteAddressAndSurvivesRestore(&quot;Overworld.2.4.2&quot;)" fullname="CavesOfOoo.Tests.SanctumRenderingTests.CurrentMapPlaceAuthorityVetoesTheFiniteAddressAndSurvivesRestore(&quot;Overworld.2.4.2&quot;)" methodname="CurrentMapPlaceAuthorityVetoesTheFiniteAddressAndSurvivesRestore" classname="CavesOfOoo.Tests.SanctumRenderingTests" runstate="Runnable" seed="635157009" result="Passed" start-time="2026-09-19 03:20:43Z" end-time="2026-09-19 03:20:44Z" duration="0.135065" asserts="0">
                <properties>
                  <property name="retryIteration" value="0" />
                  <property name="repeatIteration" value="0" />
                </properties>
                <output><![CDATA[[LootTableRegistry] Unknown loot table 'SackT3'
[LootTableRegistry] Unknown loot table 'SackT3'
[LootTableRegistry] Unknown loot table 'OreCacheT3'
[LootTableRegistry] Unknown loot table 'SackT3'
[LootTableRegistry] Unknown loot table 'BoneCacheT3'
[LootTableRegistry] Unknown loot table 'OreCacheT3'
[LootTableRegistry] Unknown loot table 'CrateT3'
[LootTableRegistry] Unknown loot table 'StrongBoxT3'
[LootTableRegistry] Unknown loot table 'BoneCacheT3'
[LootTableRegistry] Unknown loot table 'CrateT3'
[LootTableRegistry] Unknown loot table 'StrongBoxT3'
[LootTableRegistry] Unknown loot table 'CrateT3'
[LootTableRegistry] Unknown loot table 'StrongBoxT3'
[LootTableRegistry] Unknown loot table 'StrongBoxT3'
]]></output>
              </test-case>
            </test-suite>
            <test-suite type="ParameterizedMethod" id="16174" name="DefiningOwnersHaveDistinctCurrentNativeModels" fullname="CavesOfOoo.Tests.SanctumRenderingTests.DefiningOwnersHaveDistinctCurrentNativeModels" classname="CavesOfOoo.Tests.SanctumRenderingTests" runstate="Runnable" testcasecount="8" result="Passed" start-time="2026-09-19 03:20:44Z" end-time="2026-09-19 03:20:44Z" duration="0.110698" total="8" passed="8" failed="0" inconclusive="0" skipped="0" asserts="0">
              <properties />
              <test-case id="16166" name="DefiningOwnersHaveDistinctCurrentNativeModels(&quot;Overworld.5.4.2&quot;,&quot;SubstrateVault&quot;,&quot;cathedral-vault-&quot;)" fullname="CavesOfOoo.Tests.SanctumRenderingTests.DefiningOwnersHaveDistinctCurrentNativeModels(&quot;Overworld.5.4.2&quot;,&quot;SubstrateVault&quot;,&quot;cathedral-vault-&quot;)" methodname="DefiningOwnersHaveDistinctCurrentNativeModels" classname="CavesOfOoo.Tests.SanctumRenderingTests" runstate="Runnable" seed="634334803" result="Passed" start-time="2026-09-19 03:20:44Z" end-time="2026-09-19 03:20:44Z" duration="0.015216" asserts="0">
                <properties>
                  <property name="retryIteration" value="0" />
                  <property name="repeatIteration" value="0" />
                </properties>
              </test-case>
              <test-case id="16167" name="DefiningOwnersHaveDistinctCurrentNativeModels(&quot;Overworld.5.4.2&quot;,&quot;ChoirNode&quot;,&quot;cathedral-node-&quot;)" fullname="CavesOfOoo.Tests.SanctumRenderingTests.DefiningOwnersHaveDistinctCurrentNativeModels(&quot;Overworld.5.4.2&quot;,&quot;ChoirNode&quot;,&quot;cathedral-node-&quot;)" methodname="DefiningOwnersHaveDistinctCurrentNativeModels" classname="CavesOfOoo.Tests.SanctumRenderingTests" runstate="Runnable" seed="1803096959" result="Passed" start-time="2026-09-19 03:20:44Z" end-time="2026-09-19 03:20:44Z" duration="0.013159" asserts="0">
                <properties>
                  <property name="retryIteration" value="0" />
                  <property name="repeatIteration" value="0" />
                </properties>
              </test-case>
              <test-case id="16168" name="DefiningOwnersHaveDistinctCurrentNativeModels(&quot;Overworld.5.4.2&quot;,&quot;EncasedElder&quot;,&quot;cathedral-elder-&quot;)" fullname="CavesOfOoo.Tests.SanctumRenderingTests.DefiningOwnersHaveDistinctCurrentNativeModels(&quot;Overworld.5.4.2&quot;,&quot;EncasedElder&quot;,&quot;cathedral-elder-&quot;)" methodname="DefiningOwnersHaveDistinctCurrentNativeModels" classname="CavesOfOoo.Tests.SanctumRenderingTests" runstate="Runnable" seed="597425921" result="Passed" start-time="2026-09-19 03:20:44Z" end-time="2026-09-19 03:20:44Z" duration="0.014795" asserts="0">
                <properties>
                  <property name="retryIteration" value="0" />
                  <property name="repeatIteration" value="0" />
                </properties>
              </test-case>
              <test-case id="16169" name="DefiningOwnersHaveDistinctCurrentNativeModels(&quot;Overworld.5.4.2&quot;,&quot;ChoirTendril&quot;,&quot;cathedral-tendril-&quot;)" fullname="CavesOfOoo.Tests.SanctumRenderingTests.DefiningOwnersHaveDistinctCurrentNativeModels(&quot;Overworld.5.4.2&quot;,&quot;ChoirTendril&quot;,&quot;cathedral-tendril-&quot;)" methodname="DefiningOwnersHaveDistinctCurrentNativeModels" classname="CavesOfOoo.Tests.SanctumRenderingTests" runstate="Runnable" seed="1406666424" result="Passed" start-time="2026-09-19 03:20:44Z" end-time="2026-09-19 03:20:44Z" duration="0.013081" asserts="0">
                <properties>
                  <property name="retryIteration" value="0" />
                  <property name="repeatIteration" value="0" />
                </properties>
              </test-case>
              <test-case id="16170" name="DefiningOwnersHaveDistinctCurrentNativeModels(&quot;Overworld.2.4.2&quot;,&quot;LibraryTepuiboneWall&quot;,&quot;stillleaf-tepuibone-&quot;)" fullname="CavesOfOoo.Tests.SanctumRenderingTests.DefiningOwnersHaveDistinctCurrentNativeModels(&quot;Overworld.2.4.2&quot;,&quot;LibraryTepuiboneWall&quot;,&quot;stillleaf-tepuibone-&quot;)" methodname="DefiningOwnersHaveDistinctCurrentNativeModels" classname="CavesOfOoo.Tests.SanctumRenderingTests" runstate="Runnable" seed="2102555306" result="Passed" start-time="2026-09-19 03:20:44Z" end-time="2026-09-19 03:20:44Z" duration="0.013364" asserts="0">
                <properties>
                  <property name="retryIteration" value="0" />
                  <property name="repeatIteration" value="0" />
                </properties>
              </test-case>
              <test-case id="16171" name="DefiningOwnersHaveDistinctCurrentNativeModels(&quot;Overworld.2.4.2&quot;,&quot;LibraryMemoryMarbleWall&quot;,&quot;stillleaf-marble-&quot;)" fullname="CavesOfOoo.Tests.SanctumRenderingTests.DefiningOwnersHaveDistinctCurrentNativeModels(&quot;Overworld.2.4.2&quot;,&quot;LibraryMemoryMarbleWall&quot;,&quot;stillleaf-marble-&quot;)" methodname="DefiningOwnersHaveDistinctCurrentNativeModels" classname="CavesOfOoo.Tests.SanctumRenderingTests" runstate="Runnable" seed="1326528278" result="Passed" start-time="2026-09-19 03:20:44Z" end-time="2026-09-19 03:20:44Z" duration="0.013584" asserts="0">
                <properties>
                  <property name="retryIteration" value="0" />
                  <property name="repeatIteration" value="0" />
                </properties>
              </test-case>
              <test-case id="16172" name="DefiningOwnersHaveDistinctCurrentNativeModels(&quot;Overworld.2.4.2&quot;,&quot;LibraryChoirIronWall&quot;,&quot;stillleaf-iron-&quot;)" fullname="CavesOfOoo.Tests.SanctumRenderingTests.DefiningOwnersHaveDistinctCurrentNativeModels(&quot;Overworld.2.4.2&quot;,&quot;LibraryChoirIronWall&quot;,&quot;stillleaf-iron-&quot;)" methodname="DefiningOwnersHaveDistinctCurrentNativeModels" classname="CavesOfOoo.Tests.SanctumRenderingTests" runstate="Runnable" seed="762445469" result="Passed" start-time="2026-09-19 03:20:44Z" end-time="2026-09-19 03:20:44Z" duration="0.013137" asserts="0">
                <properties>
                  <property name="retryIteration" value="0" />
                  <property name="repeatIteration" value="0" />
                </properties>
              </test-case>
              <test-case id="16173" name="DefiningOwnersHaveDistinctCurrentNativeModels(&quot;Overworld.2.4.2&quot;,&quot;SealedArchiveShelf&quot;,&quot;stillleaf-shelf-&quot;)" fullname="CavesOfOoo.Tests.SanctumRenderingTests.DefiningOwnersHaveDistinctCurrentNativeModels(&quot;Overworld.2.4.2&quot;,&quot;SealedArchiveShelf&quot;,&quot;stillleaf-shelf-&quot;)" methodname="DefiningOwnersHaveDistinctCurrentNativeModels" classname="CavesOfOoo.Tests.SanctumRenderingTests" runstate="Runnable" seed="2011414858" result="Passed" start-time="2026-09-19 03:20:44Z" end-time="2026-09-19 03:20:44Z" duration="0.013077" asserts="0">
                <properties>
                  <property name="retryIteration" value="0" />
                  <property name="repeatIteration" value="0" />
                </properties>
              </test-case>
            </test-suite>
            <test-suite type="ParameterizedMethod" id="16165" name="EveryVisibleNativeOwnerAcrossSixChunksHasAReadOnlyModel" fullname="CavesOfOoo.Tests.SanctumRenderingTests.EveryVisibleNativeOwnerAcrossSixChunksHasAReadOnlyModel" classname="CavesOfOoo.Tests.SanctumRenderingTests" runstate="Runnable" testcasecount="3" result="Passed" start-time="2026-09-19 03:20:44Z" end-time="2026-09-19 03:20:45Z" duration="1.248567" total="3" passed="3" failed="0" inconclusive="0" skipped="0" asserts="0">
              <properties />
              <test-case id="16162" name="EveryVisibleNativeOwnerAcrossSixChunksHasAReadOnlyModel(64)" fullname="CavesOfOoo.Tests.SanctumRenderingTests.EveryVisibleNativeOwnerAcrossSixChunksHasAReadOnlyModel(64)" methodname="EveryVisibleNativeOwnerAcrossSixChunksHasAReadOnlyModel" classname="CavesOfOoo.Tests.SanctumRenderingTests" runstate="Runnable" seed="1579418968" result="Passed" start-time="2026-09-19 03:20:44Z" end-time="2026-09-19 03:20:44Z" duration="0.506281" asserts="0">
                <properties>
                  <property name="retryIteration" value="0" />
                  <property name="repeatIteration" value="0" />
                </properties>
                <output><![CDATA[[LootTableRegistry] Unknown loot table 'BasketT3'
[LootTableRegistry] Unknown loot table 'HollowLogT3'
[LootTableRegistry] Unknown loot table 'HollowLogT3'
[LootTableRegistry] Unknown loot table 'BasketT3'
[LootTableRegistry] Unknown loot table 'CrateT3'
[LootTableRegistry] Unknown loot table 'OreCacheT3'
[LootTableRegistry] Unknown loot table 'CrateT3'
[LootTableRegistry] Unknown loot table 'CrateT3'
[LootTableRegistry] Unknown loot table 'CrateT3'
[LootTableRegistry] Unknown loot table 'OreCacheT3'
[LootTableRegistry] Unknown loot table 'OreCacheT3'
[LootTableRegistry] Unknown loot table 'BoneCacheT3'
[LootTableRegistry] Unknown loot table 'StrongBoxT3'
[LootTableRegistry] Unknown loot table 'OreCacheT3'
[LootTableRegistry] Unknown loot table 'OreCacheT3'
[LootTableRegistry] Unknown loot table 'StrongBoxT3'
[LootTableRegistry] Unknown loot table 'SackT3'
[LootTableRegistry] Unknown loot table 'SackT3'
[LootTableRegistry] Unknown loot table 'OreCacheT3'
[LootTableRegistry] Unknown loot table 'SackT3'
[LootTableRegistry] Unknown loot table 'BoneCacheT3'
[LootTableRegistry] Unknown loot table 'OreCacheT3'
[LootTableRegistry] Unknown loot table 'CrateT3'
[LootTableRegistry] Unknown loot table 'StrongBoxT3'
[LootTableRegistry] Unknown loot table 'BoneCacheT3'
[LootTableRegistry] Unknown loot table 'CrateT3'
[LootTableRegistry] Unknown loot table 'StrongBoxT3'
[LootTableRegistry] Unknown loot table 'CrateT3'
[LootTableRegistry] Unknown loot table 'StrongBoxT3'
[LootTableRegistry] Unknown loot table 'StrongBoxT3'
]]></output>
              </test-case>
              <test-case id="16163" name="EveryVisibleNativeOwnerAcrossSixChunksHasAReadOnlyModel(1729)" fullname="CavesOfOoo.Tests.SanctumRenderingTests.EveryVisibleNativeOwnerAcrossSixChunksHasAReadOnlyModel(1729)" methodname="EveryVisibleNativeOwnerAcrossSixChunksHasAReadOnlyModel" classname="CavesOfOoo.Tests.SanctumRenderingTests" runstate="Runnable" seed="501506330" result="Passed" start-time="2026-09-19 03:20:44Z" end-time="2026-09-19 03:20:45Z" duration="0.351632" asserts="0">
                <properties>
                  <property name="retryIteration" value="0" />
                  <property name="repeatIteration" value="0" />
                </properties>
                <output><![CDATA[[LootTableRegistry] Unknown loot table 'BasketT3'
[LootTableRegistry] Unknown loot table 'HollowLogT3'
[LootTableRegistry] Unknown loot table 'HollowLogT3'
[LootTableRegistry] Unknown loot table 'HollowLogT3'
[LootTableRegistry] Unknown loot table 'BoneCacheT3'
[LootTableRegistry] Unknown loot table 'StrongBoxT3'
[LootTableRegistry] Unknown loot table 'BoneCacheT3'
[LootTableRegistry] Unknown loot table 'BoneCacheT3'
[LootTableRegistry] Unknown loot table 'StrongBoxT3'
[LootTableRegistry] Unknown loot table 'CrateT3'
[LootTableRegistry] Unknown loot table 'BoneCacheT3'
[LootTableRegistry] Unknown loot table 'BoneCacheT3'
[LootTableRegistry] Unknown loot table 'OreCacheT3'
[LootTableRegistry] Unknown loot table 'CrateT3'
[LootTableRegistry] Unknown loot table 'BoneCacheT3'
[LootTableRegistry] Unknown loot table 'BoneCacheT3'
[LootTableRegistry] Unknown loot table 'StrongBoxT3'
[LootTableRegistry] Unknown loot table 'OreCacheT3'
[LootTableRegistry] Unknown loot table 'SackT3'
[LootTableRegistry] Unknown loot table 'SackT3'
[LootTableRegistry] Unknown loot table 'CrateT3'
[LootTableRegistry] Unknown loot table 'OreCacheT3'
[LootTableRegistry] Unknown loot table 'BoneCacheT3'
[LootTableRegistry] Unknown loot table 'OreCacheT3'
[LootTableRegistry] Unknown loot table 'StrongBoxT3'
[LootTableRegistry] Unknown loot table 'StrongBoxT3'
[LootTableRegistry] Unknown loot table 'OreCacheT3'
[LootTableRegistry] Unknown loot table 'OreCacheT3'
[LootTableRegistry] Unknown loot table 'CrateT3'
[LootTableRegistry] Unknown loot table 'CrateT3'
[LootTableRegistry] Unknown loot table 'CrateT3'
[LootTableRegistry] Unknown loot table 'BoneCacheT3'
]]></output>
              </test-case>
              <test-case id="16164" name="EveryVisibleNativeOwnerAcrossSixChunksHasAReadOnlyModel(729490642)" fullname="CavesOfOoo.Tests.SanctumRenderingTests.EveryVisibleNativeOwnerAcrossSixChunksHasAReadOnlyModel(729490642)" methodname="EveryVisibleNativeOwnerAcrossSixChunksHasAReadOnlyModel" classname="CavesOfOoo.Tests.SanctumRenderingTests" runstate="Runnable" seed="157919540" result="Passed" start-time="2026-09-19 03:20:45Z" end-time="2026-09-19 03:20:45Z" duration="0.389846" asserts="0">
                <properties>
                  <property name="retryIteration" value="0" />
                  <property name="repeatIteration" value="0" />
                </properties>
                <output><![CDATA[[LootTableRegistry] Unknown loot table 'HollowLogT3'
[LootTableRegistry] Unknown loot table 'BasketT3'
[LootTableRegistry] Unknown loot table 'HollowLogT3'
[LootTableRegistry] Unknown loot table 'HollowLogT3'
[LootTableRegistry] Unknown loot table 'OreCacheT3'
[LootTableRegistry] Unknown loot table 'CrateT3'
[LootTableRegistry] Unknown loot table 'StrongBoxT3'
[LootTableRegistry] Unknown loot table 'CrateT3'
[LootTableRegistry] Unknown loot table 'OreCacheT3'
[LootTableRegistry] Unknown loot table 'OreCacheT3'
[LootTableRegistry] Unknown loot table 'CrateT3'
[LootTableRegistry] Unknown loot table 'CrateT3'
[LootTableRegistry] Unknown loot table 'CrateT3'
[LootTableRegistry] Unknown loot table 'StrongBoxT3'
[LootTableRegistry] Unknown loot table 'BoneCacheT3'
[LootTableRegistry] Unknown loot table 'CrateT3'
[LootTableRegistry] Unknown loot table 'SackT3'
[LootTableRegistry] Unknown loot table 'CrateT3'
[LootTableRegistry] Unknown loot table 'OreCacheT3'
[LootTableRegistry] Unknown loot table 'OreCacheT3'
[LootTableRegistry] Unknown loot table 'SackT3'
[LootTableRegistry] Unknown loot table 'StrongBoxT3'
[LootTableRegistry] Unknown loot table 'OreCacheT3'
[LootTableRegistry] Unknown loot table 'OreCacheT3'
[LootTableRegistry] Unknown loot table 'CrateT3'
[LootTableRegistry] Unknown loot table 'OreCacheT3'
[LootTableRegistry] Unknown loot table 'OreCacheT3'
[LootTableRegistry] Unknown loot table 'OreCacheT3'
[LootTableRegistry] Unknown loot table 'BoneCacheT3'
[LootTableRegistry] Unknown loot table 'BoneCacheT3'
[LootTableRegistry] Unknown loot table 'CrateT3'
]]></output>
              </test-case>
            </test-suite>
            <test-suite type="ParameterizedMethod" id="16161" name="NeighboringPlacesAndDeeperCatacombsRetainTheirPresentation" fullname="CavesOfOoo.Tests.SanctumRenderingTests.NeighboringPlacesAndDeeperCatacombsRetainTheirPresentation" classname="CavesOfOoo.Tests.SanctumRenderingTests" runstate="Runnable" testcasecount="6" result="Passed" start-time="2026-09-19 03:20:45Z" end-time="2026-09-19 03:20:45Z" duration="0.001687" total="6" passed="6" failed="0" inconclusive="0" skipped="0" asserts="0">
              <properties />
              <test-case id="16155" name="NeighboringPlacesAndDeeperCatacombsRetainTheirPresentation(&quot;Overworld.5.4.3&quot;)" fullname="CavesOfOoo.Tests.SanctumRenderingTests.NeighboringPlacesAndDeeperCatacombsRetainTheirPresentation(&quot;Overworld.5.4.3&quot;)" methodname="NeighboringPlacesAndDeeperCatacombsRetainTheirPresentation" classname="CavesOfOoo.Tests.SanctumRenderingTests" runstate="Runnable" seed="250519015" result="Passed" start-time="2026-09-19 03:20:45Z" end-time="2026-09-19 03:20:45Z" duration="0.000221" asserts="0">
                <properties>
                  <property name="retryIteration" value="0" />
                  <property name="repeatIteration" value="0" />
                </properties>
              </test-case>
              <test-case id="16156" name="NeighboringPlacesAndDeeperCatacombsRetainTheirPresentation(&quot;Overworld.2.4.3&quot;)" fullname="CavesOfOoo.Tests.SanctumRenderingTests.NeighboringPlacesAndDeeperCatacombsRetainTheirPresentation(&quot;Overworld.2.4.3&quot;)" methodname="NeighboringPlacesAndDeeperCatacombsRetainTheirPresentation" classname="CavesOfOoo.Tests.SanctumRenderingTests" runstate="Runnable" seed="1002705884" result="Passed" start-time="2026-09-19 03:20:45Z" end-time="2026-09-19 03:20:45Z" duration="0.000023" asserts="0">
                <properties>
                  <property name="retryIteration" value="0" />
                  <property name="repeatIteration" value="0" />
                </properties>
              </test-case>
              <test-case id="16157" name="NeighboringPlacesAndDeeperCatacombsRetainTheirPresentation(&quot;Overworld.4.6.3&quot;)" fullname="CavesOfOoo.Tests.SanctumRenderingTests.NeighboringPlacesAndDeeperCatacombsRetainTheirPresentation(&quot;Overworld.4.6.3&quot;)" methodname="NeighboringPlacesAndDeeperCatacombsRetainTheirPresentation" classname="CavesOfOoo.Tests.SanctumRenderingTests" runstate="Runnable" seed="1296779348" result="Passed" start-time="2026-09-19 03:20:45Z" end-time="2026-09-19 03:20:45Z" duration="0.000019" asserts="0">
                <properties>
                  <property name="retryIteration" value="0" />
                  <property name="repeatIteration" value="0" />
                </properties>
              </test-case>
              <test-case id="16158" name="NeighboringPlacesAndDeeperCatacombsRetainTheirPresentation(&quot;Overworld.12.3.2&quot;)" fullname="CavesOfOoo.Tests.SanctumRenderingTests.NeighboringPlacesAndDeeperCatacombsRetainTheirPresentation(&quot;Overworld.12.3.2&quot;)" methodname="NeighboringPlacesAndDeeperCatacombsRetainTheirPresentation" classname="CavesOfOoo.Tests.SanctumRenderingTests" runstate="Runnable" seed="1742274398" result="Passed" start-time="2026-09-19 03:20:45Z" end-time="2026-09-19 03:20:45Z" duration="0.000017" asserts="0">
                <properties>
                  <property name="retryIteration" value="0" />
                  <property name="repeatIteration" value="0" />
                </properties>
              </test-case>
              <test-case id="16159" name="NeighboringPlacesAndDeeperCatacombsRetainTheirPresentation(&quot;Overworld.05.4.2&quot;)" fullname="CavesOfOoo.Tests.SanctumRenderingTests.NeighboringPlacesAndDeeperCatacombsRetainTheirPresentation(&quot;Overworld.05.4.2&quot;)" methodname="NeighboringPlacesAndDeeperCatacombsRetainTheirPresentation" classname="CavesOfOoo.Tests.SanctumRenderingTests" runstate="Runnable" seed="527947485" result="Passed" start-time="2026-09-19 03:20:45Z" end-time="2026-09-19 03:20:45Z" duration="0.000017" asserts="0">
                <properties>
                  <property name="retryIteration" value="0" />
                  <property name="repeatIteration" value="0" />
                </properties>
              </test-case>
              <test-case id="16160" name="NeighboringPlacesAndDeeperCatacombsRetainTheirPresentation(&quot;Overworld.2.04.2&quot;)" fullname="CavesOfOoo.Tests.SanctumRenderingTests.NeighboringPlacesAndDeeperCatacombsRetainTheirPresentation(&quot;Overworld.2.04.2&quot;)" methodname="NeighboringPlacesAndDeeperCatacombsRetainTheirPresentation" classname="CavesOfOoo.Tests.SanctumRenderingTests" runstate="Runnable" seed="219170257" result="Passed" start-time="2026-09-19 03:20:45Z" end-time="2026-09-19 03:20:45Z" duration="0.000020" asserts="0">
                <properties>
                  <property name="retryIteration" value="0" />
                  <property name="repeatIteration" value="0" />
                </properties>
              </test-case>
            </test-suite>
            <test-suite type="ParameterizedMethod" id="16177" name="PortableArchiveRecordsAreTransientNativeModelsThatKeepTheirShape" fullname="CavesOfOoo.Tests.SanctumRenderingTests.PortableArchiveRecordsAreTransientNativeModelsThatKeepTheirShape" classname="CavesOfOoo.Tests.SanctumRenderingTests" runstate="Runnable" testcasecount="2" result="Passed" start-time="2026-09-19 03:20:45Z" end-time="2026-09-19 03:20:45Z" duration="0.027587" total="2" passed="2" failed="0" inconclusive="0" skipped="0" asserts="0">
              <properties />
              <test-case id="16175" name="PortableArchiveRecordsAreTransientNativeModelsThatKeepTheirShape(&quot;StillleafRegister&quot;,&quot;stillleaf-register-&quot;)" fullname="CavesOfOoo.Tests.SanctumRenderingTests.PortableArchiveRecordsAreTransientNativeModelsThatKeepTheirShape(&quot;StillleafRegister&quot;,&quot;stillleaf-register-&quot;)" methodname="PortableArchiveRecordsAreTransientNativeModelsThatKeepTheirShape" classname="CavesOfOoo.Tests.SanctumRenderingTests" runstate="Runnable" seed="1655491581" result="Passed" start-time="2026-09-19 03:20:45Z" end-time="2026-09-19 03:20:45Z" duration="0.013752" asserts="0">
                <properties>
                  <property name="retryIteration" value="0" />
                  <property name="repeatIteration" value="0" />
                </properties>
              </test-case>
              <test-case id="16176" name="PortableArchiveRecordsAreTransientNativeModelsThatKeepTheirShape(&quot;IronshodBoots&quot;,&quot;stillleaf-boots-&quot;)" fullname="CavesOfOoo.Tests.SanctumRenderingTests.PortableArchiveRecordsAreTransientNativeModelsThatKeepTheirShape(&quot;IronshodBoots&quot;,&quot;stillleaf-boots-&quot;)" methodname="PortableArchiveRecordsAreTransientNativeModelsThatKeepTheirShape" classname="CavesOfOoo.Tests.SanctumRenderingTests" runstate="Runnable" seed="1190803705" result="Passed" start-time="2026-09-19 03:20:45Z" end-time="2026-09-19 03:20:45Z" duration="0.013372" asserts="0">
                <properties>
                  <property name="retryIteration" value="0" />
                  <property name="repeatIteration" value="0" />
                </properties>
              </test-case>
            </test-suite>
            <test-suite type="ParameterizedMethod" id="16187" name="RemovingNativeGroundNeverPaintsItBackFromAProceduralPlan" fullname="CavesOfOoo.Tests.SanctumRenderingTests.RemovingNativeGroundNeverPaintsItBackFromAProceduralPlan" classname="CavesOfOoo.Tests.SanctumRenderingTests" runstate="Runnable" testcasecount="6" result="Passed" start-time="2026-09-19 03:20:45Z" end-time="2026-09-19 03:20:46Z" duration="0.945308" total="6" passed="6" failed="0" inconclusive="0" skipped="0" asserts="0">
              <properties />
              <test-case id="16181" name="RemovingNativeGroundNeverPaintsItBackFromAProceduralPlan(&quot;Overworld.5.4.0&quot;)" fullname="CavesOfOoo.Tests.SanctumRenderingTests.RemovingNativeGroundNeverPaintsItBackFromAProceduralPlan(&quot;Overworld.5.4.0&quot;)" methodname="RemovingNativeGroundNeverPaintsItBackFromAProceduralPlan" classname="CavesOfOoo.Tests.SanctumRenderingTests" runstate="Runnable" seed="1561587125" result="Passed" start-time="2026-09-19 03:20:45Z" end-time="2026-09-19 03:20:45Z" duration="0.272368" asserts="0">
                <properties>
                  <property name="retryIteration" value="0" />
                  <property name="repeatIteration" value="0" />
                </properties>
              </test-case>
              <test-case id="16182" name="RemovingNativeGroundNeverPaintsItBackFromAProceduralPlan(&quot;Overworld.5.4.1&quot;)" fullname="CavesOfOoo.Tests.SanctumRenderingTests.RemovingNativeGroundNeverPaintsItBackFromAProceduralPlan(&quot;Overworld.5.4.1&quot;)" methodname="RemovingNativeGroundNeverPaintsItBackFromAProceduralPlan" classname="CavesOfOoo.Tests.SanctumRenderingTests" runstate="Runnable" seed="428852335" result="Passed" start-time="2026-09-19 03:20:45Z" end-time="2026-09-19 03:20:45Z" duration="0.116702" asserts="0">
                <properties>
                  <property name="retryIteration" value="0" />
                  <property name="repeatIteration" value="0" />
                </properties>
              </test-case>
              <test-case id="16183" name="RemovingNativeGroundNeverPaintsItBackFromAProceduralPlan(&quot;Overworld.5.4.2&quot;)" fullname="CavesOfOoo.Tests.SanctumRenderingTests.RemovingNativeGroundNeverPaintsItBackFromAProceduralPlan(&quot;Overworld.5.4.2&quot;)" methodname="RemovingNativeGroundNeverPaintsItBackFromAProceduralPlan" classname="CavesOfOoo.Tests.SanctumRenderingTests" runstate="Runnable" seed="1378313239" result="Passed" start-time="2026-09-19 03:20:45Z" end-time="2026-09-19 03:20:45Z" duration="0.142242" asserts="0">
                <properties>
                  <property name="retryIteration" value="0" />
                  <property name="repeatIteration" value="0" />
                </properties>
              </test-case>
              <test-case id="16184" name="RemovingNativeGroundNeverPaintsItBackFromAProceduralPlan(&quot;Overworld.2.4.0&quot;)" fullname="CavesOfOoo.Tests.SanctumRenderingTests.RemovingNativeGroundNeverPaintsItBackFromAProceduralPlan(&quot;Overworld.2.4.0&quot;)" methodname="RemovingNativeGroundNeverPaintsItBackFromAProceduralPlan" classname="CavesOfOoo.Tests.SanctumRenderingTests" runstate="Runnable" seed="201047316" result="Passed" start-time="2026-09-19 03:20:45Z" end-time="2026-09-19 03:20:46Z" duration="0.088612" asserts="0">
                <properties>
                  <property name="retryIteration" value="0" />
                  <property name="repeatIteration" value="0" />
                </properties>
              </test-case>
              <test-case id="16185" name="RemovingNativeGroundNeverPaintsItBackFromAProceduralPlan(&quot;Overworld.2.4.1&quot;)" fullname="CavesOfOoo.Tests.SanctumRenderingTests.RemovingNativeGroundNeverPaintsItBackFromAProceduralPlan(&quot;Overworld.2.4.1&quot;)" methodname="RemovingNativeGroundNeverPaintsItBackFromAProceduralPlan" classname="CavesOfOoo.Tests.SanctumRenderingTests" runstate="Runnable" seed="550510178" result="Passed" start-time="2026-09-19 03:20:46Z" end-time="2026-09-19 03:20:46Z" duration="0.129076" asserts="0">
                <properties>
                  <property name="retryIteration" value="0" />
                  <property name="repeatIteration" value="0" />
                </properties>
              </test-case>
              <test-case id="16186" name="RemovingNativeGroundNeverPaintsItBackFromAProceduralPlan(&quot;Overworld.2.4.2&quot;)" fullname="CavesOfOoo.Tests.SanctumRenderingTests.RemovingNativeGroundNeverPaintsItBackFromAProceduralPlan(&quot;Overworld.2.4.2&quot;)" methodname="RemovingNativeGroundNeverPaintsItBackFromAProceduralPlan" classname="CavesOfOoo.Tests.SanctumRenderingTests" runstate="Runnable" seed="1281123010" result="Passed" start-time="2026-09-19 03:20:46Z" end-time="2026-09-19 03:20:46Z" duration="0.195433" asserts="0">
                <properties>
                  <property name="retryIteration" value="0" />
                  <property name="repeatIteration" value="0" />
                </properties>
              </test-case>
            </test-suite>
            <test-suite type="ParameterizedMethod" id="16147" name="StateReactiveNativePopulationAlsoHasVoxelCoverage" fullname="CavesOfOoo.Tests.SanctumRenderingTests.StateReactiveNativePopulationAlsoHasVoxelCoverage" classname="CavesOfOoo.Tests.SanctumRenderingTests" runstate="Runnable" testcasecount="2" result="Passed" start-time="2026-09-19 03:20:46Z" end-time="2026-09-19 03:20:47Z" duration="0.746307" total="2" passed="2" failed="0" inconclusive="0" skipped="0" asserts="0">
              <properties />
              <test-case id="16145" name="StateReactiveNativePopulationAlsoHasVoxelCoverage(False)" fullname="CavesOfOoo.Tests.SanctumRenderingTests.StateReactiveNativePopulationAlsoHasVoxelCoverage(False)" methodname="StateReactiveNativePopulationAlsoHasVoxelCoverage" classname="CavesOfOoo.Tests.SanctumRenderingTests" runstate="Runnable" seed="1801293734" result="Passed" start-time="2026-09-19 03:20:46Z" end-time="2026-09-19 03:20:46Z" duration="0.355034" asserts="0">
                <properties>
                  <property name="retryIteration" value="0" />
                  <property name="repeatIteration" value="0" />
                </properties>
                <output><![CDATA[[LootTableRegistry] Unknown loot table 'BasketT3'
[LootTableRegistry] Unknown loot table 'HollowLogT3'
[LootTableRegistry] Unknown loot table 'HollowLogT3'
[LootTableRegistry] Unknown loot table 'BasketT3'
[LootTableRegistry] Unknown loot table 'CrateT3'
[LootTableRegistry] Unknown loot table 'OreCacheT3'
[LootTableRegistry] Unknown loot table 'CrateT3'
[LootTableRegistry] Unknown loot table 'CrateT3'
[LootTableRegistry] Unknown loot table 'CrateT3'
[LootTableRegistry] Unknown loot table 'OreCacheT3'
[LootTableRegistry] Unknown loot table 'OreCacheT3'
[LootTableRegistry] Unknown loot table 'BoneCacheT3'
[LootTableRegistry] Unknown loot table 'StrongBoxT3'
[LootTableRegistry] Unknown loot table 'OreCacheT3'
[LootTableRegistry] Unknown loot table 'OreCacheT3'
[LootTableRegistry] Unknown loot table 'StrongBoxT3'
[LootTableRegistry] Unknown loot table 'SackT3'
[LootTableRegistry] Unknown loot table 'SackT3'
[LootTableRegistry] Unknown loot table 'OreCacheT3'
[LootTableRegistry] Unknown loot table 'SackT3'
[LootTableRegistry] Unknown loot table 'BoneCacheT3'
[LootTableRegistry] Unknown loot table 'OreCacheT3'
[LootTableRegistry] Unknown loot table 'CrateT3'
[LootTableRegistry] Unknown loot table 'StrongBoxT3'
[LootTableRegistry] Unknown loot table 'BoneCacheT3'
[LootTableRegistry] Unknown loot table 'CrateT3'
[LootTableRegistry] Unknown loot table 'StrongBoxT3'
[LootTableRegistry] Unknown loot table 'CrateT3'
[LootTableRegistry] Unknown loot table 'StrongBoxT3'
[LootTableRegistry] Unknown loot table 'StrongBoxT3'
]]></output>
              </test-case>
              <test-case id="16146" name="StateReactiveNativePopulationAlsoHasVoxelCoverage(True)" fullname="CavesOfOoo.Tests.SanctumRenderingTests.StateReactiveNativePopulationAlsoHasVoxelCoverage(True)" methodname="StateReactiveNativePopulationAlsoHasVoxelCoverage" classname="CavesOfOoo.Tests.SanctumRenderingTests" runstate="Runnable" seed="1314192032" result="Passed" start-time="2026-09-19 03:20:46Z" end-time="2026-09-19 03:20:47Z" duration="0.389667" asserts="0">
                <properties>
                  <property name="retryIteration" value="0" />
                  <property name="repeatIteration" value="0" />
                </properties>
                <output><![CDATA[[LootTableRegistry] Unknown loot table 'BasketT3'
[LootTableRegistry] Unknown loot table 'HollowLogT3'
[LootTableRegistry] Unknown loot table 'HollowLogT3'
[LootTableRegistry] Unknown loot table 'BasketT3'
[LootTableRegistry] Unknown loot table 'CrateT3'
[LootTableRegistry] Unknown loot table 'OreCacheT3'
[LootTableRegistry] Unknown loot table 'CrateT3'
[LootTableRegistry] Unknown loot table 'CrateT3'
[LootTableRegistry] Unknown loot table 'CrateT3'
[LootTableRegistry] Unknown loot table 'OreCacheT3'
[LootTableRegistry] Unknown loot table 'OreCacheT3'
[LootTableRegistry] Unknown loot table 'BoneCacheT3'
[LootTableRegistry] Unknown loot table 'StrongBoxT3'
[LootTableRegistry] Unknown loot table 'OreCacheT3'
[LootTableRegistry] Unknown loot table 'OreCacheT3'
[LootTableRegistry] Unknown loot table 'StrongBoxT3'
[LootTableRegistry] Unknown loot table 'SackT3'
[LootTableRegistry] Unknown loot table 'CrateT3'
[LootTableRegistry] Unknown loot table 'SackT3'
[LootTableRegistry] Unknown loot table 'OreCacheT3'
[LootTableRegistry] Unknown loot table 'BoneCacheT3'
[LootTableRegistry] Unknown loot table 'OreCacheT3'
[LootTableRegistry] Unknown loot table 'CrateT3'
[LootTableRegistry] Unknown loot table 'StrongBoxT3'
[LootTableRegistry] Unknown loot table 'BoneCacheT3'
[LootTableRegistry] Unknown loot table 'CrateT3'
[LootTableRegistry] Unknown loot table 'StrongBoxT3'
[LootTableRegistry] Unknown loot table 'CrateT3'
[LootTableRegistry] Unknown loot table 'StrongBoxT3'
[LootTableRegistry] Unknown loot table 'StrongBoxT3'
]]></output>
              </test-case>
            </test-suite>
            <test-suite type="ParameterizedMethod" id="16154" name="TheSixNativeChunksBindVoxelPresentationWithoutUnmappedSources" fullname="CavesOfOoo.Tests.SanctumRenderingTests.TheSixNativeChunksBindVoxelPresentationWithoutUnmappedSources" classname="CavesOfOoo.Tests.SanctumRenderingTests" runstate="Runnable" testcasecount="6" result="Passed" start-time="2026-09-19 03:20:47Z" end-time="2026-09-19 03:20:47Z" duration="0.741382" total="6" passed="6" failed="0" inconclusive="0" skipped="0" asserts="0">
              <properties />
              <test-case id="16148" name="TheSixNativeChunksBindVoxelPresentationWithoutUnmappedSources(&quot;Overworld.5.4.0&quot;)" fullname="CavesOfOoo.Tests.SanctumRenderingTests.TheSixNativeChunksBindVoxelPresentationWithoutUnmappedSources(&quot;Overworld.5.4.0&quot;)" methodname="TheSixNativeChunksBindVoxelPresentationWithoutUnmappedSources" classname="CavesOfOoo.Tests.SanctumRenderingTests" runstate="Runnable" seed="388080380" result="Passed" start-time="2026-09-19 03:20:47Z" end-time="2026-09-19 03:20:47Z" duration="0.073641" asserts="0">
                <properties>
                  <property name="retryIteration" value="0" />
                  <property name="repeatIteration" value="0" />
                </properties>
              </test-case>
              <test-case id="16149" name="TheSixNativeChunksBindVoxelPresentationWithoutUnmappedSources(&quot;Overworld.5.4.1&quot;)" fullname="CavesOfOoo.Tests.SanctumRenderingTests.TheSixNativeChunksBindVoxelPresentationWithoutUnmappedSources(&quot;Overworld.5.4.1&quot;)" methodname="TheSixNativeChunksBindVoxelPresentationWithoutUnmappedSources" classname="CavesOfOoo.Tests.SanctumRenderingTests" runstate="Runnable" seed="2014284106" result="Passed" start-time="2026-09-19 03:20:47Z" end-time="2026-09-19 03:20:47Z" duration="0.113185" asserts="0">
                <properties>
                  <property name="retryIteration" value="0" />
                  <property name="repeatIteration" value="0" />
                </properties>
              </test-case>
              <test-case id="16150" name="TheSixNativeChunksBindVoxelPresentationWithoutUnmappedSources(&quot;Overworld.5.4.2&quot;)" fullname="CavesOfOoo.Tests.SanctumRenderingTests.TheSixNativeChunksBindVoxelPresentationWithoutUnmappedSources(&quot;Overworld.5.4.2&quot;)" methodname="TheSixNativeChunksBindVoxelPresentationWithoutUnmappedSources" classname="CavesOfOoo.Tests.SanctumRenderingTests" runstate="Runnable" seed="744995486" result="Passed" start-time="2026-09-19 03:20:47Z" end-time="2026-09-19 03:20:47Z" duration="0.149468" asserts="0">
                <properties>
                  <property name="retryIteration" value="0" />
                  <property name="repeatIteration" value="0" />
                </properties>
              </test-case>
              <test-case id="16151" name="TheSixNativeChunksBindVoxelPresentationWithoutUnmappedSources(&quot;Overworld.2.4.0&quot;)" fullname="CavesOfOoo.Tests.SanctumRenderingTests.TheSixNativeChunksBindVoxelPresentationWithoutUnmappedSources(&quot;Overworld.2.4.0&quot;)" methodname="TheSixNativeChunksBindVoxelPresentationWithoutUnmappedSources" classname="CavesOfOoo.Tests.SanctumRenderingTests" runstate="Runnable" seed="1836598283" result="Passed" start-time="2026-09-19 03:20:47Z" end-time="2026-09-19 03:20:47Z" duration="0.092273" asserts="0">
                <properties>
                  <property name="retryIteration" value="0" />
                  <property name="repeatIteration" value="0" />
                </properties>
              </test-case>
              <test-case id="16152" name="TheSixNativeChunksBindVoxelPresentationWithoutUnmappedSources(&quot;Overworld.2.4.1&quot;)" fullname="CavesOfOoo.Tests.SanctumRenderingTests.TheSixNativeChunksBindVoxelPresentationWithoutUnmappedSources(&quot;Overworld.2.4.1&quot;)" methodname="TheSixNativeChunksBindVoxelPresentationWithoutUnmappedSources" classname="CavesOfOoo.Tests.SanctumRenderingTests" runstate="Runnable" seed="1743203386" result="Passed" start-time="2026-09-19 03:20:47Z" end-time="2026-09-19 03:20:47Z" duration="0.132865" asserts="0">
                <properties>
                  <property name="retryIteration" value="0" />
                  <property name="repeatIteration" value="0" />
                </properties>
              </test-case>
              <test-case id="16153" name="TheSixNativeChunksBindVoxelPresentationWithoutUnmappedSources(&quot;Overworld.2.4.2&quot;)" fullname="CavesOfOoo.Tests.SanctumRenderingTests.TheSixNativeChunksBindVoxelPresentationWithoutUnmappedSources(&quot;Overworld.2.4.2&quot;)" methodname="TheSixNativeChunksBindVoxelPresentationWithoutUnmappedSources" classname="CavesOfOoo.Tests.SanctumRenderingTests" runstate="Runnable" seed="333913472" result="Passed" start-time="2026-09-19 03:20:47Z" end-time="2026-09-19 03:20:47Z" duration="0.178788" asserts="0">
                <properties>
                  <property name="retryIteration" value="0" />
                  <property name="repeatIteration" value="0" />
                </properties>
              </test-case>
            </test-suite>
          </test-suite>
          <test-suite type="TestFixture" id="12054" name="SealedLibraryAdversarialTests" fullname="CavesOfOoo.Tests.SealedLibraryAdversarialTests" classname="CavesOfOoo.Tests.SealedLibraryAdversarialTests" runstate="Runnable" testcasecount="36" result="Passed" start-time="2026-09-19 03:20:47Z" end-time="2026-09-19 03:20:51Z" duration="3.351644" total="36" passed="36" failed="0" inconclusive="0" skipped="0" asserts="0">
            <properties />
            <test-suite type="ParameterizedMethod" id="12076" name="Adversarial_AwkwardStairsRetainIdentityAndExteriorApproaches" fullname="CavesOfOoo.Tests.SealedLibraryAdversarialTests.Adversarial_AwkwardStairsRetainIdentityAndExteriorApproaches" classname="CavesOfOoo.Tests.SealedLibraryAdversarialTests" runstate="Runnable" testcasecount="3" result="Passed" start-time="2026-09-19 03:20:47Z" end-time="2026-09-19 03:20:47Z" duration="0.060724" total="3" passed="3" failed="0" inconclusive="0" skipped="0" asserts="0">
              <properties />
              <test-case id="12073" name="Adversarial_AwkwardStairsRetainIdentityAndExteriorApproaches(28,12,2,12)" fullname="CavesOfOoo.Tests.SealedLibraryAdversarialTests.Adversarial_AwkwardStairsRetainIdentityAndExteriorApproaches(28,12,2,12)" methodname="Adversarial_AwkwardStairsRetainIdentityAndExteriorApproaches" classname="CavesOfOoo.Tests.SealedLibraryAdversarialTests" runstate="Runnable" seed="59330025" result="Passed" start-time="2026-09-19 03:20:47Z" end-time="2026-09-19 03:20:47Z" duration="0.020922" asserts="0">
                <properties>
                  <property name="retryIteration" value="0" />
                  <property name="repeatIteration" value="0" />
                </properties>
              </test-case>
              <test-case id="12074" name="Adversarial_AwkwardStairsRetainIdentityAndExteriorApproaches(40,8,64,16)" fullname="CavesOfOoo.Tests.SealedLibraryAdversarialTests.Adversarial_AwkwardStairsRetainIdentityAndExteriorApproaches(40,8,64,16)" methodname="Adversarial_AwkwardStairsRetainIdentityAndExteriorApproaches" classname="CavesOfOoo.Tests.SealedLibraryAdversarialTests" runstate="Runnable" seed="1764664545" result="Passed" start-time="2026-09-19 03:20:47Z" end-time="2026-09-19 03:20:47Z" duration="0.020080" asserts="0">
                <properties>
                  <property name="retryIteration" value="0" />
                  <property name="repeatIteration" value="0" />
                </properties>
              </test-case>
              <test-case id="12075" name="Adversarial_AwkwardStairsRetainIdentityAndExteriorApproaches(1,7,78,17)" fullname="CavesOfOoo.Tests.SealedLibraryAdversarialTests.Adversarial_AwkwardStairsRetainIdentityAndExteriorApproaches(1,7,78,17)" methodname="Adversarial_AwkwardStairsRetainIdentityAndExteriorApproaches" classname="CavesOfOoo.Tests.SealedLibraryAdversarialTests" runstate="Runnable" seed="1716737720" result="Passed" start-time="2026-09-19 03:20:47Z" end-time="2026-09-19 03:20:47Z" duration="0.019236" asserts="0">
                <properties>
                  <property name="retryIteration" value="0" />
                  <property name="repeatIteration" value="0" />
                </properties>
              </test-case>
            </test-suite>
            <test-suite type="ParameterizedMethod" id="12058" name="Adversarial_ClosedBoxSeparatesInteriorFromEveryApproachAndOpenDoorConnectsIt" fullname="CavesOfOoo.Tests.SealedLibraryAdversarialTests.Adversarial_ClosedBoxSeparatesInteriorFromEveryApproachAndOpenDoorConnectsIt" classname="CavesOfOoo.Tests.SealedLibraryAdversarialTests" runstate="Runnable" testcasecount="3" result="Passed" start-time="2026-09-19 03:20:47Z" end-time="2026-09-19 03:20:48Z" duration="0.434446" total="3" passed="3" failed="0" inconclusive="0" skipped="0" asserts="0">
              <properties />
              <test-case id="12055" name="Adversarial_ClosedBoxSeparatesInteriorFromEveryApproachAndOpenDoorConnectsIt(1)" fullname="CavesOfOoo.Tests.SealedLibraryAdversarialTests.Adversarial_ClosedBoxSeparatesInteriorFromEveryApproachAndOpenDoorConnectsIt(1)" methodname="Adversarial_ClosedBoxSeparatesInteriorFromEveryApproachAndOpenDoorConnectsIt" classname="CavesOfOoo.Tests.SealedLibraryAdversarialTests" runstate="Runnable" seed="230940538" result="Passed" start-time="2026-09-19 03:20:47Z" end-time="2026-09-19 03:20:48Z" duration="0.171149" asserts="0">
                <properties>
                  <property name="retryIteration" value="0" />
                  <property name="repeatIteration" value="0" />
                </properties>
                <output><![CDATA[[LootTableRegistry] Unknown loot table 'OreCacheT3'
[LootTableRegistry] Unknown loot table 'OreCacheT3'
[LootTableRegistry] Unknown loot table 'OreCacheT3'
[LootTableRegistry] Unknown loot table 'OreCacheT3'
[LootTableRegistry] Unknown loot table 'SackT3'
[LootTableRegistry] Unknown loot table 'StrongBoxT3'
[LootTableRegistry] Unknown loot table 'BoneCacheT3'
[LootTableRegistry] Unknown loot table 'OreCacheT3'
[LootTableRegistry] Unknown loot table 'OreCacheT3'
[LootTableRegistry] Unknown loot table 'CrateT3'
[LootTableRegistry] Unknown loot table 'StrongBoxT3'
[LootTableRegistry] Unknown loot table 'OreCacheT3'
[LootTableRegistry] Unknown loot table 'StrongBoxT3'
[LootTableRegistry] Unknown loot table 'CrateT3'
[LootTableRegistry] Unknown loot table 'CrateT3'
]]></output>
              </test-case>
              <test-case id="12056" name="Adversarial_ClosedBoxSeparatesInteriorFromEveryApproachAndOpenDoorConnectsIt(66)" fullname="CavesOfOoo.Tests.SealedLibraryAdversarialTests.Adversarial_ClosedBoxSeparatesInteriorFromEveryApproachAndOpenDoorConnectsIt(66)" methodname="Adversarial_ClosedBoxSeparatesInteriorFromEveryApproachAndOpenDoorConnectsIt" classname="CavesOfOoo.Tests.SealedLibraryAdversarialTests" runstate="Runnable" seed="1344459203" result="Passed" start-time="2026-09-19 03:20:48Z" end-time="2026-09-19 03:20:48Z" duration="0.132053" asserts="0">
                <properties>
                  <property name="retryIteration" value="0" />
                  <property name="repeatIteration" value="0" />
                </properties>
                <output><![CDATA[[LootTableRegistry] Unknown loot table 'CrateT3'
[LootTableRegistry] Unknown loot table 'CrateT3'
[LootTableRegistry] Unknown loot table 'OreCacheT3'
[LootTableRegistry] Unknown loot table 'SackT3'
[LootTableRegistry] Unknown loot table 'CrateT3'
[LootTableRegistry] Unknown loot table 'BoneCacheT3'
[LootTableRegistry] Unknown loot table 'CrateT3'
[LootTableRegistry] Unknown loot table 'BoneCacheT3'
[LootTableRegistry] Unknown loot table 'BoneCacheT3'
[LootTableRegistry] Unknown loot table 'CrateT3'
[LootTableRegistry] Unknown loot table 'OreCacheT3'
[LootTableRegistry] Unknown loot table 'CrateT3'
[LootTableRegistry] Unknown loot table 'CrateT3'
[LootTableRegistry] Unknown loot table 'CrateT3'
[LootTableRegistry] Unknown loot table 'StrongBoxT3'
[LootTableRegistry] Unknown loot table 'CrateT3'
]]></output>
              </test-case>
              <test-case id="12057" name="Adversarial_ClosedBoxSeparatesInteriorFromEveryApproachAndOpenDoorConnectsIt(913)" fullname="CavesOfOoo.Tests.SealedLibraryAdversarialTests.Adversarial_ClosedBoxSeparatesInteriorFromEveryApproachAndOpenDoorConnectsIt(913)" methodname="Adversarial_ClosedBoxSeparatesInteriorFromEveryApproachAndOpenDoorConnectsIt" classname="CavesOfOoo.Tests.SealedLibraryAdversarialTests" runstate="Runnable" seed="1924526124" result="Passed" start-time="2026-09-19 03:20:48Z" end-time="2026-09-19 03:20:48Z" duration="0.130613" asserts="0">
                <properties>
                  <property name="retryIteration" value="0" />
                  <property name="repeatIteration" value="0" />
                </properties>
                <output><![CDATA[[LootTableRegistry] Unknown loot table 'OreCacheT3'
[LootTableRegistry] Unknown loot table 'SackT3'
[LootTableRegistry] Unknown loot table 'OreCacheT3'
[LootTableRegistry] Unknown loot table 'CrateT3'
[LootTableRegistry] Unknown loot table 'CrateT3'
[LootTableRegistry] Unknown loot table 'OreCacheT3'
[LootTableRegistry] Unknown loot table 'OreCacheT3'
[LootTableRegistry] Unknown loot table 'OreCacheT3'
[LootTableRegistry] Unknown loot table 'StrongBoxT3'
[LootTableRegistry] Unknown loot table 'OreCacheT3'
[LootTableRegistry] Unknown loot table 'OreCacheT3'
[LootTableRegistry] Unknown loot table 'StrongBoxT3'
[LootTableRegistry] Unknown loot table 'OreCacheT3'
[LootTableRegistry] Unknown loot table 'CrateT3'
]]></output>
              </test-case>
            </test-suite>
            <test-case id="12088" name="Adversarial_ClosureIsDerivedPerInstanceAndDoesNotCacheAnOldLock" fullname="CavesOfOoo.Tests.SealedLibraryAdversarialTests.Adversarial_ClosureIsDerivedPerInstanceAndDoesNotCacheAnOldLock" methodname="Adversarial_ClosureIsDerivedPerInstanceAndDoesNotCacheAnOldLock" classname="CavesOfOoo.Tests.SealedLibraryAdversarialTests" runstate="Runnable" seed="404175088" result="Passed" start-time="2026-09-19 03:20:48Z" end-time="2026-09-19 03:20:48Z" duration="0.013303" asserts="0">
              <properties>
                <property name="retryIteration" value="0" />
                <property name="repeatIteration" value="0" />
              </properties>
            </test-case>
            <test-case id="12090" name="Adversarial_ExistingMapsGainOnlyAnEmptyMissingMouth" fullname="CavesOfOoo.Tests.SealedLibraryAdversarialTests.Adversarial_ExistingMapsGainOnlyAnEmptyMissingMouth" methodname="Adversarial_ExistingMapsGainOnlyAnEmptyMissingMouth" classname="CavesOfOoo.Tests.SealedLibraryAdversarialTests" runstate="Runnable" seed="1709603358" result="Passed" start-time="2026-09-19 03:20:48Z" end-time="2026-09-19 03:20:48Z" duration="0.012889" asserts="0">
              <properties>
                <property name="retryIteration" value="0" />
                <property name="repeatIteration" value="0" />
              </properties>
            </test-case>
            <test-suite type="ParameterizedMethod" id="12087" name="Adversarial_FollowerPlacementSkipsInteriorOrLeavesItBehind" fullname="CavesOfOoo.Tests.SealedLibraryAdversarialTests.Adversarial_FollowerPlacementSkipsInteriorOrLeavesItBehind" classname="CavesOfOoo.Tests.SealedLibraryAdversarialTests" runstate="Runnable" testcasecount="2" result="Passed" start-time="2026-09-19 03:20:48Z" end-time="2026-09-19 03:20:48Z" duration="0.031181" total="2" passed="2" failed="0" inconclusive="0" skipped="0" asserts="0">
              <properties />
              <test-case id="12085" name="Adversarial_FollowerPlacementSkipsInteriorOrLeavesItBehind(False)" fullname="CavesOfOoo.Tests.SealedLibraryAdversarialTests.Adversarial_FollowerPlacementSkipsInteriorOrLeavesItBehind(False)" methodname="Adversarial_FollowerPlacementSkipsInteriorOrLeavesItBehind" classname="CavesOfOoo.Tests.SealedLibraryAdversarialTests" runstate="Runnable" seed="853979790" result="Passed" start-time="2026-09-19 03:20:48Z" end-time="2026-09-19 03:20:48Z" duration="0.015247" asserts="0">
                <properties>
                  <property name="retryIteration" value="0" />
                  <property name="repeatIteration" value="0" />
                </properties>
              </test-case>
              <test-case id="12086" name="Adversarial_FollowerPlacementSkipsInteriorOrLeavesItBehind(True)" fullname="CavesOfOoo.Tests.SealedLibraryAdversarialTests.Adversarial_FollowerPlacementSkipsInteriorOrLeavesItBehind(True)" methodname="Adversarial_FollowerPlacementSkipsInteriorOrLeavesItBehind" classname="CavesOfOoo.Tests.SealedLibraryAdversarialTests" runstate="Runnable" seed="139057649" result="Passed" start-time="2026-09-19 03:20:48Z" end-time="2026-09-19 03:20:48Z" duration="0.014527" asserts="0">
                <properties>
                  <property name="retryIteration" value="0" />
                  <property name="repeatIteration" value="0" />
                </properties>
              </test-case>
            </test-suite>
            <test-suite type="ParameterizedMethod" id="12072" name="Adversarial_MissingBlueprintCannotClearExistingContent" fullname="CavesOfOoo.Tests.SealedLibraryAdversarialTests.Adversarial_MissingBlueprintCannotClearExistingContent" classname="CavesOfOoo.Tests.SealedLibraryAdversarialTests" runstate="Runnable" testcasecount="7" result="Passed" start-time="2026-09-19 03:20:48Z" end-time="2026-09-19 03:20:48Z" duration="0.090352" total="7" passed="7" failed="0" inconclusive="0" skipped="0" asserts="0">
              <properties />
              <test-case id="12065" name="Adversarial_MissingBlueprintCannotClearExistingContent(&quot;SealedLibraryFloor&quot;)" fullname="CavesOfOoo.Tests.SealedLibraryAdversarialTests.Adversarial_MissingBlueprintCannotClearExistingContent(&quot;SealedLibraryFloor&quot;)" methodname="Adversarial_MissingBlueprintCannotClearExistingContent" classname="CavesOfOoo.Tests.SealedLibraryAdversarialTests" runstate="Runnable" seed="621563586" result="Passed" start-time="2026-09-19 03:20:48Z" end-time="2026-09-19 03:20:48Z" duration="0.013625" asserts="0">
                <properties>
                  <property name="retryIteration" value="0" />
                  <property name="repeatIteration" value="0" />
                </properties>
              </test-case>
              <test-case id="12066" name="Adversarial_MissingBlueprintCannotClearExistingContent(&quot;SealedLibraryDoor&quot;)" fullname="CavesOfOoo.Tests.SealedLibraryAdversarialTests.Adversarial_MissingBlueprintCannotClearExistingContent(&quot;SealedLibraryDoor&quot;)" methodname="Adversarial_MissingBlueprintCannotClearExistingContent" classname="CavesOfOoo.Tests.SealedLibraryAdversarialTests" runstate="Runnable" seed="752915639" result="Passed" start-time="2026-09-19 03:20:48Z" end-time="2026-09-19 03:20:48Z" duration="0.012714" asserts="0">
                <properties>
                  <property name="retryIteration" value="0" />
                  <property name="repeatIteration" value="0" />
                </properties>
              </test-case>
              <test-case id="12067" name="Adversarial_MissingBlueprintCannotClearExistingContent(&quot;LibraryTepuiboneWall&quot;)" fullname="CavesOfOoo.Tests.SealedLibraryAdversarialTests.Adversarial_MissingBlueprintCannotClearExistingContent(&quot;LibraryTepuiboneWall&quot;)" methodname="Adversarial_MissingBlueprintCannotClearExistingContent" classname="CavesOfOoo.Tests.SealedLibraryAdversarialTests" runstate="Runnable" seed="1984361527" result="Passed" start-time="2026-09-19 03:20:48Z" end-time="2026-09-19 03:20:48Z" duration="0.012658" asserts="0">
                <properties>
                  <property name="retryIteration" value="0" />
                  <property name="repeatIteration" value="0" />
                </properties>
              </test-case>
              <test-case id="12068" name="Adversarial_MissingBlueprintCannotClearExistingContent(&quot;LibraryMemoryMarbleWall&quot;)" fullname="CavesOfOoo.Tests.SealedLibraryAdversarialTests.Adversarial_MissingBlueprintCannotClearExistingContent(&quot;LibraryMemoryMarbleWall&quot;)" methodname="Adversarial_MissingBlueprintCannotClearExistingContent" classname="CavesOfOoo.Tests.SealedLibraryAdversarialTests" runstate="Runnable" seed="1473183735" result="Passed" start-time="2026-09-19 03:20:48Z" end-time="2026-09-19 03:20:48Z" duration="0.012696" asserts="0">
                <properties>
                  <property name="retryIteration" value="0" />
                  <property name="repeatIteration" value="0" />
                </properties>
              </test-case>
              <test-case id="12069" name="Adversarial_MissingBlueprintCannotClearExistingContent(&quot;LibraryChoirIronWall&quot;)" fullname="CavesOfOoo.Tests.SealedLibraryAdversarialTests.Adversarial_MissingBlueprintCannotClearExistingContent(&quot;LibraryChoirIronWall&quot;)" methodname="Adversarial_MissingBlueprintCannotClearExistingContent" classname="CavesOfOoo.Tests.SealedLibraryAdversarialTests" runstate="Runnable" seed="500703971" result="Passed" start-time="2026-09-19 03:20:48Z" end-time="2026-09-19 03:20:48Z" duration="0.012786" asserts="0">
                <properties>
                  <property name="retryIteration" value="0" />
                  <property name="repeatIteration" value="0" />
                </properties>
              </test-case>
              <test-case id="12070" name="Adversarial_MissingBlueprintCannotClearExistingContent(&quot;SealedArchiveShelf&quot;)" fullname="CavesOfOoo.Tests.SealedLibraryAdversarialTests.Adversarial_MissingBlueprintCannotClearExistingContent(&quot;SealedArchiveShelf&quot;)" methodname="Adversarial_MissingBlueprintCannotClearExistingContent" classname="CavesOfOoo.Tests.SealedLibraryAdversarialTests" runstate="Runnable" seed="1695918103" result="Passed" start-time="2026-09-19 03:20:48Z" end-time="2026-09-19 03:20:48Z" duration="0.012549" asserts="0">
                <properties>
                  <property name="retryIteration" value="0" />
                  <property name="repeatIteration" value="0" />
                </properties>
              </test-case>
              <test-case id="12071" name="Adversarial_MissingBlueprintCannotClearExistingContent(&quot;StoneFloor&quot;)" fullname="CavesOfOoo.Tests.SealedLibraryAdversarialTests.Adversarial_MissingBlueprintCannotClearExistingContent(&quot;StoneFloor&quot;)" methodname="Adversarial_MissingBlueprintCannotClearExistingContent" classname="CavesOfOoo.Tests.SealedLibraryAdversarialTests" runstate="Runnable" seed="1348890476" result="Passed" start-time="2026-09-19 03:20:48Z" end-time="2026-09-19 03:20:48Z" duration="0.012490" asserts="0">
                <properties>
                  <property name="retryIteration" value="0" />
                  <property name="repeatIteration" value="0" />
                </properties>
              </test-case>
            </test-suite>
            <test-suite type="ParameterizedMethod" id="12099" name="Adversarial_MovementFacadeCannotReportEntryWhenTheZoneRefuses" fullname="CavesOfOoo.Tests.SealedLibraryAdversarialTests.Adversarial_MovementFacadeCannotReportEntryWhenTheZoneRefuses" classname="CavesOfOoo.Tests.SealedLibraryAdversarialTests" runstate="Runnable" testcasecount="2" result="Passed" start-time="2026-09-19 03:20:48Z" end-time="2026-09-19 03:20:48Z" duration="0.027654" total="2" passed="2" failed="0" inconclusive="0" skipped="0" asserts="0">
              <properties />
              <test-case id="12097" name="Adversarial_MovementFacadeCannotReportEntryWhenTheZoneRefuses(False)" fullname="CavesOfOoo.Tests.SealedLibraryAdversarialTests.Adversarial_MovementFacadeCannotReportEntryWhenTheZoneRefuses(False)" methodname="Adversarial_MovementFacadeCannotReportEntryWhenTheZoneRefuses" classname="CavesOfOoo.Tests.SealedLibraryAdversarialTests" runstate="Runnable" seed="189682457" result="Passed" start-time="2026-09-19 03:20:48Z" end-time="2026-09-19 03:20:48Z" duration="0.014256" asserts="0">
                <properties>
                  <property name="retryIteration" value="0" />
                  <property name="repeatIteration" value="0" />
                </properties>
              </test-case>
              <test-case id="12098" name="Adversarial_MovementFacadeCannotReportEntryWhenTheZoneRefuses(True)" fullname="CavesOfOoo.Tests.SealedLibraryAdversarialTests.Adversarial_MovementFacadeCannotReportEntryWhenTheZoneRefuses(True)" methodname="Adversarial_MovementFacadeCannotReportEntryWhenTheZoneRefuses" classname="CavesOfOoo.Tests.SealedLibraryAdversarialTests" runstate="Runnable" seed="851746450" result="Passed" start-time="2026-09-19 03:20:48Z" end-time="2026-09-19 03:20:48Z" duration="0.012807" asserts="0">
                <properties>
                  <property name="retryIteration" value="0" />
                  <property name="repeatIteration" value="0" />
                </properties>
              </test-case>
            </test-suite>
            <test-case id="12089" name="Adversarial_NoAmbientCreaturesContainersOrHazardsLandInsideTheArchive" fullname="CavesOfOoo.Tests.SealedLibraryAdversarialTests.Adversarial_NoAmbientCreaturesContainersOrHazardsLandInsideTheArchive" methodname="Adversarial_NoAmbientCreaturesContainersOrHazardsLandInsideTheArchive" classname="CavesOfOoo.Tests.SealedLibraryAdversarialTests" runstate="Runnable" seed="277591198" result="Passed" start-time="2026-09-19 03:20:48Z" end-time="2026-09-19 03:20:48Z" duration="0.129988" asserts="0">
              <properties>
                <property name="retryIteration" value="0" />
                <property name="repeatIteration" value="0" />
              </properties>
              <output><![CDATA[[LootTableRegistry] Unknown loot table 'CrateT3'
[LootTableRegistry] Unknown loot table 'CrateT3'
[LootTableRegistry] Unknown loot table 'OreCacheT3'
[LootTableRegistry] Unknown loot table 'SackT3'
[LootTableRegistry] Unknown loot table 'CrateT3'
[LootTableRegistry] Unknown loot table 'BoneCacheT3'
[LootTableRegistry] Unknown loot table 'CrateT3'
[LootTableRegistry] Unknown loot table 'BoneCacheT3'
[LootTableRegistry] Unknown loot table 'BoneCacheT3'
[LootTableRegistry] Unknown loot table 'CrateT3'
[LootTableRegistry] Unknown loot table 'OreCacheT3'
[LootTableRegistry] Unknown loot table 'CrateT3'
[LootTableRegistry] Unknown loot table 'CrateT3'
[LootTableRegistry] Unknown loot table 'CrateT3'
[LootTableRegistry] Unknown loot table 'StrongBoxT3'
[LootTableRegistry] Unknown loot table 'CrateT3'
]]></output>
            </test-case>
            <test-case id="12077" name="Adversarial_NoFreeAnchorAndNullInputsRefuseBeforeMutation" fullname="CavesOfOoo.Tests.SealedLibraryAdversarialTests.Adversarial_NoFreeAnchorAndNullInputsRefuseBeforeMutation" methodname="Adversarial_NoFreeAnchorAndNullInputsRefuseBeforeMutation" classname="CavesOfOoo.Tests.SealedLibraryAdversarialTests" runstate="Runnable" seed="1318134636" result="Passed" start-time="2026-09-19 03:20:48Z" end-time="2026-09-19 03:20:48Z" duration="0.024407" asserts="0">
              <properties>
                <property name="retryIteration" value="0" />
                <property name="repeatIteration" value="0" />
              </properties>
            </test-case>
            <test-case id="12064" name="Adversarial_OrdinaryBreakableWallRemainsBreakable" fullname="CavesOfOoo.Tests.SealedLibraryAdversarialTests.Adversarial_OrdinaryBreakableWallRemainsBreakable" methodname="Adversarial_OrdinaryBreakableWallRemainsBreakable" classname="CavesOfOoo.Tests.SealedLibraryAdversarialTests" runstate="Runnable" seed="711255540" result="Passed" start-time="2026-09-19 03:20:48Z" end-time="2026-09-19 03:20:48Z" duration="0.032344" asserts="0">
              <properties>
                <property name="retryIteration" value="0" />
                <property name="repeatIteration" value="0" />
              </properties>
            </test-case>
            <test-suite type="ParameterizedMethod" id="12081" name="Adversarial_ProfileSurvivesAStoryRenamingTheMouth" fullname="CavesOfOoo.Tests.SealedLibraryAdversarialTests.Adversarial_ProfileSurvivesAStoryRenamingTheMouth" classname="CavesOfOoo.Tests.SealedLibraryAdversarialTests" runstate="Runnable" testcasecount="2" result="Passed" start-time="2026-09-19 03:20:48Z" end-time="2026-09-19 03:20:49Z" duration="0.524427" total="2" passed="2" failed="0" inconclusive="0" skipped="0" asserts="0">
              <properties />
              <test-case id="12079" name="Adversarial_ProfileSurvivesAStoryRenamingTheMouth(&quot;Olderdeep&quot;)" fullname="CavesOfOoo.Tests.SealedLibraryAdversarialTests.Adversarial_ProfileSurvivesAStoryRenamingTheMouth(&quot;Olderdeep&quot;)" methodname="Adversarial_ProfileSurvivesAStoryRenamingTheMouth" classname="CavesOfOoo.Tests.SealedLibraryAdversarialTests" runstate="Runnable" seed="1647566434" result="Passed" start-time="2026-09-19 03:20:48Z" end-time="2026-09-19 03:20:48Z" duration="0.261148" asserts="0">
                <properties>
                  <property name="retryIteration" value="0" />
                  <property name="repeatIteration" value="0" />
                </properties>
                <output><![CDATA[[LootTableRegistry] Unknown loot table 'CrateT3'
[LootTableRegistry] Unknown loot table 'CrateT3'
[LootTableRegistry] Unknown loot table 'OreCacheT3'
[LootTableRegistry] Unknown loot table 'SackT3'
[LootTableRegistry] Unknown loot table 'CrateT3'
[LootTableRegistry] Unknown loot table 'BoneCacheT3'
[LootTableRegistry] Unknown loot table 'CrateT3'
[LootTableRegistry] Unknown loot table 'BoneCacheT3'
[LootTableRegistry] Unknown loot table 'BoneCacheT3'
[LootTableRegistry] Unknown loot table 'CrateT3'
[LootTableRegistry] Unknown loot table 'OreCacheT3'
[LootTableRegistry] Unknown loot table 'CrateT3'
[LootTableRegistry] Unknown loot table 'CrateT3'
[LootTableRegistry] Unknown loot table 'CrateT3'
[LootTableRegistry] Unknown loot table 'StrongBoxT3'
[LootTableRegistry] Unknown loot table 'CrateT3'
[LootTableRegistry] Unknown loot table 'OreCacheT3'
[LootTableRegistry] Unknown loot table 'OreCacheT3'
[LootTableRegistry] Unknown loot table 'CrateT3'
[LootTableRegistry] Unknown loot table 'OreCacheT3'
[LootTableRegistry] Unknown loot table 'StrongBoxT3'
[LootTableRegistry] Unknown loot table 'CrateT3'
[LootTableRegistry] Unknown loot table 'StrongBoxT3'
[LootTableRegistry] Unknown loot table 'OreCacheT3'
[LootTableRegistry] Unknown loot table 'CrateT3'
[LootTableRegistry] Unknown loot table 'StrongBoxT3'
[LootTableRegistry] Unknown loot table 'CrateT3'
[LootTableRegistry] Unknown loot table 'StrongBoxT3'
[LootTableRegistry] Unknown loot table 'OreCacheT3'
[LootTableRegistry] Unknown loot table 'OreCacheT3'
[LootTableRegistry] Unknown loot table 'BoneCacheT3'
[LootTableRegistry] Unknown loot table 'CrateT3'
[LootTableRegistry] Unknown loot table 'BoneCacheT3'
]]></output>
              </test-case>
              <test-case id="12080" name="Adversarial_ProfileSurvivesAStoryRenamingTheMouth(&quot;the Deepest Cathedral&quot;)" fullname="CavesOfOoo.Tests.SealedLibraryAdversarialTests.Adversarial_ProfileSurvivesAStoryRenamingTheMouth(&quot;the Deepest Cathedral&quot;)" methodname="Adversarial_ProfileSurvivesAStoryRenamingTheMouth" classname="CavesOfOoo.Tests.SealedLibraryAdversarialTests" runstate="Runnable" seed="1528901803" result="Passed" start-time="2026-09-19 03:20:48Z" end-time="2026-09-19 03:20:49Z" duration="0.262768" asserts="0">
                <properties>
                  <property name="retryIteration" value="0" />
                  <property name="repeatIteration" value="0" />
                </properties>
                <output><![CDATA[[LootTableRegistry] Unknown loot table 'CrateT3'
[LootTableRegistry] Unknown loot table 'CrateT3'
[LootTableRegistry] Unknown loot table 'OreCacheT3'
[LootTableRegistry] Unknown loot table 'SackT3'
[LootTableRegistry] Unknown loot table 'CrateT3'
[LootTableRegistry] Unknown loot table 'BoneCacheT3'
[LootTableRegistry] Unknown loot table 'CrateT3'
[LootTableRegistry] Unknown loot table 'BoneCacheT3'
[LootTableRegistry] Unknown loot table 'BoneCacheT3'
[LootTableRegistry] Unknown loot table 'CrateT3'
[LootTableRegistry] Unknown loot table 'OreCacheT3'
[LootTableRegistry] Unknown loot table 'CrateT3'
[LootTableRegistry] Unknown loot table 'CrateT3'
[LootTableRegistry] Unknown loot table 'CrateT3'
[LootTableRegistry] Unknown loot table 'StrongBoxT3'
[LootTableRegistry] Unknown loot table 'CrateT3'
[LootTableRegistry] Unknown loot table 'OreCacheT3'
[LootTableRegistry] Unknown loot table 'OreCacheT3'
[LootTableRegistry] Unknown loot table 'CrateT3'
[LootTableRegistry] Unknown loot table 'OreCacheT3'
[LootTableRegistry] Unknown loot table 'StrongBoxT3'
[LootTableRegistry] Unknown loot table 'CrateT3'
[LootTableRegistry] Unknown loot table 'StrongBoxT3'
[LootTableRegistry] Unknown loot table 'OreCacheT3'
[LootTableRegistry] Unknown loot table 'CrateT3'
[LootTableRegistry] Unknown loot table 'StrongBoxT3'
[LootTableRegistry] Unknown loot table 'CrateT3'
[LootTableRegistry] Unknown loot table 'StrongBoxT3'
[LootTableRegistry] Unknown loot table 'CrateT3'
[LootTableRegistry] Unknown loot table 'OreCacheT3'
[LootTableRegistry] Unknown loot table 'OreCacheT3'
[LootTableRegistry] Unknown loot table 'CrateT3'
[LootTableRegistry] Unknown loot table 'StrongBoxT3'
]]></output>
              </test-case>
            </test-suite>
            <test-suite type="ParameterizedMethod" id="12063" name="Adversarial_RealFixedMaterialsCannotBeDemolishedOrHauled" fullname="CavesOfOoo.Tests.SealedLibraryAdversarialTests.Adversarial_RealFixedMaterialsCannotBeDemolishedOrHauled" classname="CavesOfOoo.Tests.SealedLibraryAdversarialTests" runstate="Runnable" testcasecount="4" result="Passed" start-time="2026-09-19 03:20:49Z" end-time="2026-09-19 03:20:49Z" duration="0.052164" total="4" passed="4" failed="0" inconclusive="0" skipped="0" asserts="0">
              <properties />
              <test-case id="12059" name="Adversarial_RealFixedMaterialsCannotBeDemolishedOrHauled(&quot;LibraryTepuiboneWall&quot;,&quot;Tepuibone&quot;)" fullname="CavesOfOoo.Tests.SealedLibraryAdversarialTests.Adversarial_RealFixedMaterialsCannotBeDemolishedOrHauled(&quot;LibraryTepuiboneWall&quot;,&quot;Tepuibone&quot;)" methodname="Adversarial_RealFixedMaterialsCannotBeDemolishedOrHauled" classname="CavesOfOoo.Tests.SealedLibraryAdversarialTests" runstate="Runnable" seed="1519657904" result="Passed" start-time="2026-09-19 03:20:49Z" end-time="2026-09-19 03:20:49Z" duration="0.013626" asserts="0">
                <properties>
                  <property name="retryIteration" value="0" />
                  <property name="repeatIteration" value="0" />
                </properties>
              </test-case>
              <test-case id="12060" name="Adversarial_RealFixedMaterialsCannotBeDemolishedOrHauled(&quot;LibraryMemoryMarbleWall&quot;,&quot;MemoryMarble&quot;)" fullname="CavesOfOoo.Tests.SealedLibraryAdversarialTests.Adversarial_RealFixedMaterialsCannotBeDemolishedOrHauled(&quot;LibraryMemoryMarbleWall&quot;,&quot;MemoryMarble&quot;)" methodname="Adversarial_RealFixedMaterialsCannotBeDemolishedOrHauled" classname="CavesOfOoo.Tests.SealedLibraryAdversarialTests" runstate="Runnable" seed="1479685834" result="Passed" start-time="2026-09-19 03:20:49Z" end-time="2026-09-19 03:20:49Z" duration="0.012544" asserts="0">
                <properties>
                  <property name="retryIteration" value="0" />
                  <property name="repeatIteration" value="0" />
                </properties>
              </test-case>
              <test-case id="12061" name="Adversarial_RealFixedMaterialsCannotBeDemolishedOrHauled(&quot;LibraryChoirIronWall&quot;,&quot;ChoirIron&quot;)" fullname="CavesOfOoo.Tests.SealedLibraryAdversarialTests.Adversarial_RealFixedMaterialsCannotBeDemolishedOrHauled(&quot;LibraryChoirIronWall&quot;,&quot;ChoirIron&quot;)" methodname="Adversarial_RealFixedMaterialsCannotBeDemolishedOrHauled" classname="CavesOfOoo.Tests.SealedLibraryAdversarialTests" runstate="Runnable" seed="177861856" result="Passed" start-time="2026-09-19 03:20:49Z" end-time="2026-09-19 03:20:49Z" duration="0.012555" asserts="0">
                <properties>
                  <property name="retryIteration" value="0" />
                  <property name="repeatIteration" value="0" />
                </properties>
              </test-case>
              <test-case id="12062" name="Adversarial_RealFixedMaterialsCannotBeDemolishedOrHauled(&quot;SealedLibraryDoor&quot;,&quot;ChoirIron&quot;)" fullname="CavesOfOoo.Tests.SealedLibraryAdversarialTests.Adversarial_RealFixedMaterialsCannotBeDemolishedOrHauled(&quot;SealedLibraryDoor&quot;,&quot;ChoirIron&quot;)" methodname="Adversarial_RealFixedMaterialsCannotBeDemolishedOrHauled" classname="CavesOfOoo.Tests.SealedLibraryAdversarialTests" runstate="Runnable" seed="2031176174" result="Passed" start-time="2026-09-19 03:20:49Z" end-time="2026-09-19 03:20:49Z" duration="0.012654" asserts="0">
                <properties>
                  <property name="retryIteration" value="0" />
                  <property name="repeatIteration" value="0" />
                </properties>
              </test-case>
            </test-suite>
            <test-case id="12078" name="Adversarial_ReapplyingBuilderPreservesObjectsAndReservations" fullname="CavesOfOoo.Tests.SealedLibraryAdversarialTests.Adversarial_ReapplyingBuilderPreservesObjectsAndReservations" methodname="Adversarial_ReapplyingBuilderPreservesObjectsAndReservations" classname="CavesOfOoo.Tests.SealedLibraryAdversarialTests" runstate="Runnable" seed="351083444" result="Passed" start-time="2026-09-19 03:20:49Z" end-time="2026-09-19 03:20:49Z" duration="0.018080" asserts="0">
              <properties>
                <property name="retryIteration" value="0" />
                <property name="repeatIteration" value="0" />
              </properties>
            </test-case>
            <test-case id="12100" name="Adversarial_RelockingTheDoorDoesNotRequireASecondCollisionLatch" fullname="CavesOfOoo.Tests.SealedLibraryAdversarialTests.Adversarial_RelockingTheDoorDoesNotRequireASecondCollisionLatch" methodname="Adversarial_RelockingTheDoorDoesNotRequireASecondCollisionLatch" classname="CavesOfOoo.Tests.SealedLibraryAdversarialTests" runstate="Runnable" seed="319093978" result="Passed" start-time="2026-09-19 03:20:49Z" end-time="2026-09-19 03:20:49Z" duration="0.014260" asserts="0">
              <properties>
                <property name="retryIteration" value="0" />
                <property name="repeatIteration" value="0" />
              </properties>
            </test-case>
            <test-suite type="ParameterizedMethod" id="12093" name="Adversarial_RenamedProfileCannotAcquireOpenSimaDaylight" fullname="CavesOfOoo.Tests.SealedLibraryAdversarialTests.Adversarial_RenamedProfileCannotAcquireOpenSimaDaylight" classname="CavesOfOoo.Tests.SealedLibraryAdversarialTests" runstate="Runnable" testcasecount="2" result="Passed" start-time="2026-09-19 03:20:49Z" end-time="2026-09-19 03:20:49Z" duration="0.594299" total="2" passed="2" failed="0" inconclusive="0" skipped="0" asserts="0">
              <properties />
              <test-case id="12091" name="Adversarial_RenamedProfileCannotAcquireOpenSimaDaylight(2,4)" fullname="CavesOfOoo.Tests.SealedLibraryAdversarialTests.Adversarial_RenamedProfileCannotAcquireOpenSimaDaylight(2,4)" methodname="Adversarial_RenamedProfileCannotAcquireOpenSimaDaylight" classname="CavesOfOoo.Tests.SealedLibraryAdversarialTests" runstate="Runnable" seed="1346882658" result="Passed" start-time="2026-09-19 03:20:49Z" end-time="2026-09-19 03:20:49Z" duration="0.264227" asserts="0">
                <properties>
                  <property name="retryIteration" value="0" />
                  <property name="repeatIteration" value="0" />
                </properties>
                <output><![CDATA[[LootTableRegistry] Unknown loot table 'CrateT3'
[LootTableRegistry] Unknown loot table 'CrateT3'
[LootTableRegistry] Unknown loot table 'OreCacheT3'
[LootTableRegistry] Unknown loot table 'SackT3'
[LootTableRegistry] Unknown loot table 'CrateT3'
[LootTableRegistry] Unknown loot table 'BoneCacheT3'
[LootTableRegistry] Unknown loot table 'CrateT3'
[LootTableRegistry] Unknown loot table 'BoneCacheT3'
[LootTableRegistry] Unknown loot table 'BoneCacheT3'
[LootTableRegistry] Unknown loot table 'CrateT3'
[LootTableRegistry] Unknown loot table 'OreCacheT3'
[LootTableRegistry] Unknown loot table 'CrateT3'
[LootTableRegistry] Unknown loot table 'CrateT3'
[LootTableRegistry] Unknown loot table 'CrateT3'
[LootTableRegistry] Unknown loot table 'StrongBoxT3'
[LootTableRegistry] Unknown loot table 'CrateT3'
[LootTableRegistry] Unknown loot table 'HollowLogT3'
[LootTableRegistry] Unknown loot table 'HollowLogT3'
[LootTableRegistry] Unknown loot table 'BasketT3'
[LootTableRegistry] Unknown loot table 'HollowLogT3'
[LootTableRegistry] Unknown loot table 'BoneCacheT3'
[LootTableRegistry] Unknown loot table 'BoneCacheT3'
[LootTableRegistry] Unknown loot table 'CrateT3'
[LootTableRegistry] Unknown loot table 'OreCacheT3'
[...]
                  <property name="repeatIteration" value="0" />
                </properties>
              </test-case>
              <test-case id="16741" name="FloorsHaveOneQuietContinuousTopAcrossAllVariants(&quot;floor&quot;)" fullname="CavesOfOoo.Tests.StillleafVoxelKitTests.FloorsHaveOneQuietContinuousTopAcrossAllVariants(&quot;floor&quot;)" methodname="FloorsHaveOneQuietContinuousTopAcrossAllVariants" classname="CavesOfOoo.Tests.StillleafVoxelKitTests" runstate="Runnable" seed="568128750" result="Passed" start-time="2026-09-19 03:20:54Z" end-time="2026-09-19 03:20:54Z" duration="0.000062" asserts="0">
                <properties>
                  <property name="retryIteration" value="0" />
                  <property name="repeatIteration" value="0" />
                </properties>
              </test-case>
            </test-suite>
            <test-case id="16739" name="InvalidFamilyAndVariantFailClearlyWithoutBorrowingOtherArt" fullname="CavesOfOoo.Tests.StillleafVoxelKitTests.InvalidFamilyAndVariantFailClearlyWithoutBorrowingOtherArt" methodname="InvalidFamilyAndVariantFailClearlyWithoutBorrowingOtherArt" classname="CavesOfOoo.Tests.StillleafVoxelKitTests" runstate="Runnable" seed="1471925949" result="Passed" start-time="2026-09-19 03:20:54Z" end-time="2026-09-19 03:20:54Z" duration="0.000245" asserts="0">
              <properties>
                <property name="retryIteration" value="0" />
                <property name="repeatIteration" value="0" />
              </properties>
            </test-case>
            <test-suite type="ParameterizedMethod" id="16758" name="NativeCaveBearIsABroadQuadrupedWithASnoutAndPairedShortEars" fullname="CavesOfOoo.Tests.StillleafVoxelKitTests.NativeCaveBearIsABroadQuadrupedWithASnoutAndPairedShortEars" classname="CavesOfOoo.Tests.StillleafVoxelKitTests" runstate="Runnable" testcasecount="4" result="Passed" start-time="2026-09-19 03:20:54Z" end-time="2026-09-19 03:20:54Z" duration="0.001463" total="4" passed="4" failed="0" inconclusive="0" skipped="0" asserts="0">
              <properties />
              <test-case id="16754" name="NativeCaveBearIsABroadQuadrupedWithASnoutAndPairedShortEars(0)" fullname="CavesOfOoo.Tests.StillleafVoxelKitTests.NativeCaveBearIsABroadQuadrupedWithASnoutAndPairedShortEars(0)" methodname="NativeCaveBearIsABroadQuadrupedWithASnoutAndPairedShortEars" classname="CavesOfOoo.Tests.StillleafVoxelKitTests" runstate="Runnable" seed="666071370" result="Passed" start-time="2026-09-19 03:20:54Z" end-time="2026-09-19 03:20:54Z" duration="0.000852" asserts="0">
                <properties>
                  <property name="retryIteration" value="0" />
                  <property name="repeatIteration" value="0" />
                </properties>
              </test-case>
              <test-case id="16755" name="NativeCaveBearIsABroadQuadrupedWithASnoutAndPairedShortEars(1)" fullname="CavesOfOoo.Tests.StillleafVoxelKitTests.NativeCaveBearIsABroadQuadrupedWithASnoutAndPairedShortEars(1)" methodname="NativeCaveBearIsABroadQuadrupedWithASnoutAndPairedShortEars" classname="CavesOfOoo.Tests.StillleafVoxelKitTests" runstate="Runnable" seed="941006523" result="Passed" start-time="2026-09-19 03:20:54Z" end-time="2026-09-19 03:20:54Z" duration="0.000071" asserts="0">
                <properties>
                  <property name="retryIteration" value="0" />
                  <property name="repeatIteration" value="0" />
                </properties>
              </test-case>
              <test-case id="16756" name="NativeCaveBearIsABroadQuadrupedWithASnoutAndPairedShortEars(2)" fullname="CavesOfOoo.Tests.StillleafVoxelKitTests.NativeCaveBearIsABroadQuadrupedWithASnoutAndPairedShortEars(2)" methodname="NativeCaveBearIsABroadQuadrupedWithASnoutAndPairedShortEars" classname="CavesOfOoo.Tests.StillleafVoxelKitTests" runstate="Runnable" seed="1292958092" result="Passed" start-time="2026-09-19 03:20:54Z" end-time="2026-09-19 03:20:54Z" duration="0.000047" asserts="0">
                <properties>
                  <property name="retryIteration" value="0" />
                  <property name="repeatIteration" value="0" />
                </properties>
              </test-case>
              <test-case id="16757" name="NativeCaveBearIsABroadQuadrupedWithASnoutAndPairedShortEars(3)" fullname="CavesOfOoo.Tests.StillleafVoxelKitTests.NativeCaveBearIsABroadQuadrupedWithASnoutAndPairedShortEars(3)" methodname="NativeCaveBearIsABroadQuadrupedWithASnoutAndPairedShortEars" classname="CavesOfOoo.Tests.StillleafVoxelKitTests" runstate="Runnable" seed="1639462153" result="Passed" start-time="2026-09-19 03:20:54Z" end-time="2026-09-19 03:20:54Z" duration="0.000044" asserts="0">
                <properties>
                  <property name="retryIteration" value="0" />
                  <property name="repeatIteration" value="0" />
                </properties>
              </test-case>
            </test-suite>
            <test-case id="16769" name="NativeHealingSpringIsACyanContinuousOwnerBoundSurface" fullname="CavesOfOoo.Tests.StillleafVoxelKitTests.NativeHealingSpringIsACyanContinuousOwnerBoundSurface" methodname="NativeHealingSpringIsACyanContinuousOwnerBoundSurface" classname="CavesOfOoo.Tests.StillleafVoxelKitTests" runstate="Runnable" seed="203840764" result="Passed" start-time="2026-09-19 03:20:54Z" end-time="2026-09-19 03:20:54Z" duration="0.000386" asserts="0">
              <properties>
                <property name="retryIteration" value="0" />
                <property name="repeatIteration" value="0" />
              </properties>
            </test-case>
            <test-suite type="ParameterizedMethod" id="16768" name="SlimeAndPortableBootsHaveDifferentLowSilhouettes" fullname="CavesOfOoo.Tests.StillleafVoxelKitTests.SlimeAndPortableBootsHaveDifferentLowSilhouettes" classname="CavesOfOoo.Tests.StillleafVoxelKitTests" runstate="Runnable" testcasecount="4" result="Passed" start-time="2026-09-19 03:20:54Z" end-time="2026-09-19 03:20:54Z" duration="0.000959" total="4" passed="4" failed="0" inconclusive="0" skipped="0" asserts="0">
              <properties />
              <test-case id="16764" name="SlimeAndPortableBootsHaveDifferentLowSilhouettes(0)" fullname="CavesOfOoo.Tests.StillleafVoxelKitTests.SlimeAndPortableBootsHaveDifferentLowSilhouettes(0)" methodname="SlimeAndPortableBootsHaveDifferentLowSilhouettes" classname="CavesOfOoo.Tests.StillleafVoxelKitTests" runstate="Runnable" seed="1958133789" result="Passed" start-time="2026-09-19 03:20:54Z" end-time="2026-09-19 03:20:54Z" duration="0.000322" asserts="0">
                <properties>
                  <property name="retryIteration" value="0" />
                  <property name="repeatIteration" value="0" />
                </properties>
              </test-case>
              <test-case id="16765" name="SlimeAndPortableBootsHaveDifferentLowSilhouettes(1)" fullname="CavesOfOoo.Tests.StillleafVoxelKitTests.SlimeAndPortableBootsHaveDifferentLowSilhouettes(1)" methodname="SlimeAndPortableBootsHaveDifferentLowSilhouettes" classname="CavesOfOoo.Tests.StillleafVoxelKitTests" runstate="Runnable" seed="1497595916" result="Passed" start-time="2026-09-19 03:20:54Z" end-time="2026-09-19 03:20:54Z" duration="0.000038" asserts="0">
                <properties>
                  <property name="retryIteration" value="0" />
                  <property name="repeatIteration" value="0" />
                </properties>
              </test-case>
              <test-case id="16766" name="SlimeAndPortableBootsHaveDifferentLowSilhouettes(2)" fullname="CavesOfOoo.Tests.StillleafVoxelKitTests.SlimeAndPortableBootsHaveDifferentLowSilhouettes(2)" methodname="SlimeAndPortableBootsHaveDifferentLowSilhouettes" classname="CavesOfOoo.Tests.StillleafVoxelKitTests" runstate="Runnable" seed="829371619" result="Passed" start-time="2026-09-19 03:20:54Z" end-time="2026-09-19 03:20:54Z" duration="0.000035" asserts="0">
                <properties>
                  <property name="retryIteration" value="0" />
                  <property name="repeatIteration" value="0" />
                </properties>
              </test-case>
              <test-case id="16767" name="SlimeAndPortableBootsHaveDifferentLowSilhouettes(3)" fullname="CavesOfOoo.Tests.StillleafVoxelKitTests.SlimeAndPortableBootsHaveDifferentLowSilhouettes(3)" methodname="SlimeAndPortableBootsHaveDifferentLowSilhouettes" classname="CavesOfOoo.Tests.StillleafVoxelKitTests" runstate="Runnable" seed="611107265" result="Passed" start-time="2026-09-19 03:20:54Z" end-time="2026-09-19 03:20:54Z" duration="0.000035" asserts="0">
                <properties>
                  <property name="retryIteration" value="0" />
                  <property name="repeatIteration" value="0" />
                </properties>
              </test-case>
            </test-suite>
            <test-suite type="ParameterizedMethod" id="16763" name="TheRegisterIsAFlatBoundRecordLowerThanTheBoots" fullname="CavesOfOoo.Tests.StillleafVoxelKitTests.TheRegisterIsAFlatBoundRecordLowerThanTheBoots" classname="CavesOfOoo.Tests.StillleafVoxelKitTests" runstate="Runnable" testcasecount="4" result="Passed" start-time="2026-09-19 03:20:54Z" end-time="2026-09-19 03:20:54Z" duration="0.001263" total="4" passed="4" failed="0" inconclusive="0" skipped="0" asserts="0">
              <properties />
              <test-case id="16759" name="TheRegisterIsAFlatBoundRecordLowerThanTheBoots(0)" fullname="CavesOfOoo.Tests.StillleafVoxelKitTests.TheRegisterIsAFlatBoundRecordLowerThanTheBoots(0)" methodname="TheRegisterIsAFlatBoundRecordLowerThanTheBoots" classname="CavesOfOoo.Tests.StillleafVoxelKitTests" runstate="Runnable" seed="27538144" result="Passed" start-time="2026-09-19 03:20:54Z" end-time="2026-09-19 03:20:54Z" duration="0.000517" asserts="0">
                <properties>
                  <property name="retryIteration" value="0" />
                  <property name="repeatIteration" value="0" />
                </properties>
              </test-case>
              <test-case id="16760" name="TheRegisterIsAFlatBoundRecordLowerThanTheBoots(1)" fullname="CavesOfOoo.Tests.StillleafVoxelKitTests.TheRegisterIsAFlatBoundRecordLowerThanTheBoots(1)" methodname="TheRegisterIsAFlatBoundRecordLowerThanTheBoots" classname="CavesOfOoo.Tests.StillleafVoxelKitTests" runstate="Runnable" seed="1606032969" result="Passed" start-time="2026-09-19 03:20:54Z" end-time="2026-09-19 03:20:54Z" duration="0.000119" asserts="0">
                <properties>
                  <property name="retryIteration" value="0" />
                  <property name="repeatIteration" value="0" />
                </properties>
              </test-case>
              <test-case id="16761" name="TheRegisterIsAFlatBoundRecordLowerThanTheBoots(2)" fullname="CavesOfOoo.Tests.StillleafVoxelKitTests.TheRegisterIsAFlatBoundRecordLowerThanTheBoots(2)" methodname="TheRegisterIsAFlatBoundRecordLowerThanTheBoots" classname="CavesOfOoo.Tests.StillleafVoxelKitTests" runstate="Runnable" seed="350304955" result="Passed" start-time="2026-09-19 03:20:54Z" end-time="2026-09-19 03:20:54Z" duration="0.000126" asserts="0">
                <properties>
                  <property name="retryIteration" value="0" />
                  <property name="repeatIteration" value="0" />
                </properties>
              </test-case>
              <test-case id="16762" name="TheRegisterIsAFlatBoundRecordLowerThanTheBoots(3)" fullname="CavesOfOoo.Tests.StillleafVoxelKitTests.TheRegisterIsAFlatBoundRecordLowerThanTheBoots(3)" methodname="TheRegisterIsAFlatBoundRecordLowerThanTheBoots" classname="CavesOfOoo.Tests.StillleafVoxelKitTests" runstate="Runnable" seed="859599486" result="Passed" start-time="2026-09-19 03:20:54Z" end-time="2026-09-19 03:20:54Z" duration="0.000117" asserts="0">
                <properties>
                  <property name="retryIteration" value="0" />
                  <property name="repeatIteration" value="0" />
                </properties>
              </test-case>
            </test-suite>
            <test-case id="16743" name="ThreeArchiveMaterialsHaveBroadFoundationsAndDifferentQuietPalettes" fullname="CavesOfOoo.Tests.StillleafVoxelKitTests.ThreeArchiveMaterialsHaveBroadFoundationsAndDifferentQuietPalettes" methodname="ThreeArchiveMaterialsHaveBroadFoundationsAndDifferentQuietPalettes" classname="CavesOfOoo.Tests.StillleafVoxelKitTests" runstate="Runnable" seed="1127352021" result="Passed" start-time="2026-09-19 03:20:54Z" end-time="2026-09-19 03:20:54Z" duration="0.001170" asserts="0">
              <properties>
                <property name="retryIteration" value="0" />
                <property name="repeatIteration" value="0" />
              </properties>
            </test-case>
            <test-suite type="ParameterizedMethod" id="16748" name="UnlockedDoorBecomesALowThresholdWithNoTallVisualBarrier" fullname="CavesOfOoo.Tests.StillleafVoxelKitTests.UnlockedDoorBecomesALowThresholdWithNoTallVisualBarrier" classname="CavesOfOoo.Tests.StillleafVoxelKitTests" runstate="Runnable" testcasecount="4" result="Passed" start-time="2026-09-19 03:20:54Z" end-time="2026-09-19 03:20:54Z" duration="0.001204" total="4" passed="4" failed="0" inconclusive="0" skipped="0" asserts="0">
              <properties />
              <test-case id="16744" name="UnlockedDoorBecomesALowThresholdWithNoTallVisualBarrier(0)" fullname="CavesOfOoo.Tests.StillleafVoxelKitTests.UnlockedDoorBecomesALowThresholdWithNoTallVisualBarrier(0)" methodname="UnlockedDoorBecomesALowThresholdWithNoTallVisualBarrier" classname="CavesOfOoo.Tests.StillleafVoxelKitTests" runstate="Runnable" seed="1196386872" result="Passed" start-time="2026-09-19 03:20:54Z" end-time="2026-09-19 03:20:54Z" duration="0.000596" asserts="0">
                <properties>
                  <property name="retryIteration" value="0" />
                  <property name="repeatIteration" value="0" />
                </properties>
              </test-case>
              <test-case id="16745" name="UnlockedDoorBecomesALowThresholdWithNoTallVisualBarrier(1)" fullname="CavesOfOoo.Tests.StillleafVoxelKitTests.UnlockedDoorBecomesALowThresholdWithNoTallVisualBarrier(1)" methodname="UnlockedDoorBecomesALowThresholdWithNoTallVisualBarrier" classname="CavesOfOoo.Tests.StillleafVoxelKitTests" runstate="Runnable" seed="1966148610" result="Passed" start-time="2026-09-19 03:20:54Z" end-time="2026-09-19 03:20:54Z" duration="0.000062" asserts="0">
                <properties>
                  <property name="retryIteration" value="0" />
                  <property name="repeatIteration" value="0" />
                </properties>
              </test-case>
              <test-case id="16746" name="UnlockedDoorBecomesALowThresholdWithNoTallVisualBarrier(2)" fullname="CavesOfOoo.Tests.StillleafVoxelKitTests.UnlockedDoorBecomesALowThresholdWithNoTallVisualBarrier(2)" methodname="UnlockedDoorBecomesALowThresholdWithNoTallVisualBarrier" classname="CavesOfOoo.Tests.StillleafVoxelKitTests" runstate="Runnable" seed="449233063" result="Passed" start-time="2026-09-19 03:20:54Z" end-time="2026-09-19 03:20:54Z" duration="0.000055" asserts="0">
                <properties>
                  <property name="retryIteration" value="0" />
                  <property name="repeatIteration" value="0" />
                </properties>
              </test-case>
              <test-case id="16747" name="UnlockedDoorBecomesALowThresholdWithNoTallVisualBarrier(3)" fullname="CavesOfOoo.Tests.StillleafVoxelKitTests.UnlockedDoorBecomesALowThresholdWithNoTallVisualBarrier(3)" methodname="UnlockedDoorBecomesALowThresholdWithNoTallVisualBarrier" classname="CavesOfOoo.Tests.StillleafVoxelKitTests" runstate="Runnable" seed="1018216455" result="Passed" start-time="2026-09-19 03:20:54Z" end-time="2026-09-19 03:20:54Z" duration="0.000053" asserts="0">
                <properties>
                  <property name="retryIteration" value="0" />
                  <property name="repeatIteration" value="0" />
                </properties>
              </test-case>
            </test-suite>
            <test-suite type="ParameterizedMethod" id="16774" name="WindcutPinkWallsJoinAsTwoBroadQuietStrataInsteadOfTinyCaps" fullname="CavesOfOoo.Tests.StillleafVoxelKitTests.WindcutPinkWallsJoinAsTwoBroadQuietStrataInsteadOfTinyCaps" classname="CavesOfOoo.Tests.StillleafVoxelKitTests" runstate="Runnable" testcasecount="4" result="Passed" start-time="2026-09-19 03:20:54Z" end-time="2026-09-19 03:20:54Z" duration="0.002272" total="4" passed="4" failed="0" inconclusive="0" skipped="0" asserts="0">
              <properties />
              <test-case id="16770" name="WindcutPinkWallsJoinAsTwoBroadQuietStrataInsteadOfTinyCaps(0)" fullname="CavesOfOoo.Tests.StillleafVoxelKitTests.WindcutPinkWallsJoinAsTwoBroadQuietStrataInsteadOfTinyCaps(0)" methodname="WindcutPinkWallsJoinAsTwoBroadQuietStrataInsteadOfTinyCaps" classname="CavesOfOoo.Tests.StillleafVoxelKitTests" runstate="Runnable" seed="1109226964" result="Passed" start-time="2026-09-19 03:20:54Z" end-time="2026-09-19 03:20:54Z" duration="0.001645" asserts="0">
                <properties>
                  <property name="retryIteration" value="0" />
                  <property name="repeatIteration" value="0" />
                </properties>
              </test-case>
              <test-case id="16771" name="WindcutPinkWallsJoinAsTwoBroadQuietStrataInsteadOfTinyCaps(1)" fullname="CavesOfOoo.Tests.StillleafVoxelKitTests.WindcutPinkWallsJoinAsTwoBroadQuietStrataInsteadOfTinyCaps(1)" methodname="WindcutPinkWallsJoinAsTwoBroadQuietStrataInsteadOfTinyCaps" classname="CavesOfOoo.Tests.StillleafVoxelKitTests" runstate="Runnable" seed="1379647726" result="Passed" start-time="2026-09-19 03:20:54Z" end-time="2026-09-19 03:20:54Z" duration="0.000097" asserts="0">
                <properties>
                  <property name="retryIteration" value="0" />
                  <property name="repeatIteration" value="0" />
                </properties>
              </test-case>
              <test-case id="16772" name="WindcutPinkWallsJoinAsTwoBroadQuietStrataInsteadOfTinyCaps(2)" fullname="CavesOfOoo.Tests.StillleafVoxelKitTests.WindcutPinkWallsJoinAsTwoBroadQuietStrataInsteadOfTinyCaps(2)" methodname="WindcutPinkWallsJoinAsTwoBroadQuietStrataInsteadOfTinyCaps" classname="CavesOfOoo.Tests.StillleafVoxelKitTests" runstate="Runnable" seed="1940390962" result="Passed" start-time="2026-09-19 03:20:54Z" end-time="2026-09-19 03:20:54Z" duration="0.000086" asserts="0">
                <properties>
                  <property name="retryIteration" value="0" />
                  <property name="repeatIteration" value="0" />
                </properties>
              </test-case>
              <test-case id="16773" name="WindcutPinkWallsJoinAsTwoBroadQuietStrataInsteadOfTinyCaps(3)" fullname="CavesOfOoo.Tests.StillleafVoxelKitTests.WindcutPinkWallsJoinAsTwoBroadQuietStrataInsteadOfTinyCaps(3)" methodname="WindcutPinkWallsJoinAsTwoBroadQuietStrataInsteadOfTinyCaps" classname="CavesOfOoo.Tests.StillleafVoxelKitTests" runstate="Runnable" seed="961787341" result="Passed" start-time="2026-09-19 03:20:54Z" end-time="2026-09-19 03:20:54Z" duration="0.000078" asserts="0">
                <properties>
                  <property name="retryIteration" value="0" />
                  <property name="repeatIteration" value="0" />
                </properties>
                <output><![CDATA[<b><color=#2EA3FF>MCP-FOR-UNITY</color></b>: [TestRunnerNoThrottle] Restored Interaction Mode after test run.
Saving results to: /Users/steven/Library/Application Support/CavesOfOooVerification/Caves of Ooo Regional Verification/TestResults.xml
]]></output>
              </test-case>
            </test-suite>
          </test-suite>
        </test-suite>
      </test-suite>
    </test-suite>
  </test-suite>
</test-run>